---------------------------------------------------------------
[ 2018-10-12T10:42:28+08:00 ] 192.168.51.194 GET /wdl/public/index/index/login.html
[ info ] 192.168.51.41/wdl/public/index/index/login.html [运行时间：0.249601s][吞吐率：4.01req/s] [内存消耗：3,024.27kb] [文件加载：51]
[ info ] [ LANG ] D:\xampp5\htdocs\wdl\thinkphp\lang\zh-cn.php
[ info ] [ ROUTE ] array (
  'type' => 'module',
  'module' => 
  array (
    0 => 'index',
    1 => 'index',
    2 => 'login',
  ),
)
[ info ] [ HEADER ] array (
  'host' => '192.168.51.41',
  'connection' => 'keep-alive',
  'upgrade-insecure-requests' => '1',
  'user-agent' => 'Mozilla/5.0 (Windows NT 6.1; WOW64) AppleWebKit/537.36 (KHTML, like Gecko) Chrome/63.0.3239.132 Safari/537.36',
  'accept' => 'text/html,application/xhtml+xml,application/xml;q=0.9,image/webp,image/apng,*/*;q=0.8',
  'referer' => 'http://192.168.51.41/wdl/',
  'accept-encoding' => 'gzip, deflate',
  'accept-language' => 'zh-CN,zh;q=0.9',
  'cookie' => 'security_level=0',
)
[ info ] [ PARAM ] array (
)
[ info ] [ DB ] INIT Sqlsrv
[ info ] [ RUN ] app\index\controller\Index->login[ D:\xampp5\htdocs\wdl\application\index\controller\Index.php ]
[ info ] [ SESSION ] INIT array (
  'id' => '',
  'var_session_id' => '',
  'prefix' => 'think',
  'type' => '',
  'auto_start' => true,
)
[ info ] [ VIEW ] D:\xampp5\htdocs\wdl\public/../application/index\view\index\login.html [ array (
) ]
[ info ] [ LOG ] INIT File
---------------------------------------------------------------
[ 2018-10-12T16:19:56+08:00 ] 192.168.51.90 GET /wdl/public/index/index/login.html
[ info ] 192.168.51.41/wdl/public/index/index/login.html [运行时间：0.265201s][吞吐率：3.77req/s] [内存消耗：3,023.60kb] [文件加载：51]
[ info ] [ LANG ] D:\xampp5\htdocs\wdl\thinkphp\lang\zh-cn.php
[ info ] [ ROUTE ] array (
  'type' => 'module',
  'module' => 
  array (
    0 => 'index',
    1 => 'index',
    2 => 'login',
  ),
)
[ info ] [ HEADER ] array (
  'host' => '192.168.51.41',
  'connection' => 'keep-alive',
  'upgrade-insecure-requests' => '1',
  'user-agent' => 'Mozilla/5.0 (Windows NT 6.1; WOW64) AppleWebKit/537.36 (KHTML, like Gecko) Chrome/63.0.3239.132 Safari/537.36',
  'accept' => 'text/html,application/xhtml+xml,application/xml;q=0.9,image/webp,image/apng,*/*;q=0.8',
  'accept-encoding' => 'gzip, deflate',
  'accept-language' => 'zh-CN,zh;q=0.9',
)
[ info ] [ PARAM ] array (
)
[ info ] [ DB ] INIT Sqlsrv
[ info ] [ RUN ] app\index\controller\Index->login[ D:\xampp5\htdocs\wdl\application\index\controller\Index.php ]
[ info ] [ SESSION ] INIT array (
  'id' => '',
  'var_session_id' => '',
  'prefix' => 'think',
  'type' => '',
  'auto_start' => true,
)
[ info ] [ VIEW ] D:\xampp5\htdocs\wdl\public/../application/index\view\index\login.html [ array (
) ]
[ info ] [ LOG ] INIT File
