---------------------------------------------------------------
[ 2019-04-08T14:30:48+08:00 ] 192.168.51.104 GET /wdl/public/index/record/store.html
[ info ] 192.168.51.41/wdl/public/index/record/store.html [运行时间：0.532401s][吞吐率：1.88req/s] [内存消耗：2,106.96kb] [文件加载：46]
[ info ] [ LANG ] D:\xampp5\htdocs\wdl\thinkphp\lang\zh-cn.php
[ info ] [ ROUTE ] array (
  'type' => 'module',
  'module' => 
  array (
    0 => 'index',
    1 => 'record',
    2 => 'store',
  ),
)
[ info ] [ HEADER ] array (
  'host' => '192.168.51.41',
  'connection' => 'keep-alive',
  'upgrade-insecure-requests' => '1',
  'user-agent' => 'Mozilla/5.0 (Windows NT 6.1; WOW64) AppleWebKit/537.36 (KHTML, like Gecko) Chrome/63.0.3239.132 Safari/537.36',
  'accept' => 'text/html,application/xhtml+xml,application/xml;q=0.9,image/webp,image/apng,*/*;q=0.8',
  'accept-encoding' => 'gzip, deflate',
  'accept-language' => 'zh-CN,zh;q=0.9',
)
[ info ] [ PARAM ] array (
)
[ info ] [ SESSION ] INIT array (
  'id' => '',
  'var_session_id' => '',
  'prefix' => 'think',
  'type' => '',
  'auto_start' => true,
)
[ info ] [ LOG ] INIT File
---------------------------------------------------------------
[ 2019-04-08T14:30:49+08:00 ] 192.168.51.104 GET /wdl/public/index/index/login.html
[ info ] 192.168.51.41/wdl/public/index/index/login.html [运行时间：0.421201s][吞吐率：2.37req/s] [内存消耗：3,023.69kb] [文件加载：51]
[ info ] [ LANG ] D:\xampp5\htdocs\wdl\thinkphp\lang\zh-cn.php
[ info ] [ ROUTE ] array (
  'type' => 'module',
  'module' => 
  array (
    0 => 'index',
    1 => 'index',
    2 => 'login',
  ),
)
[ info ] [ HEADER ] array (
  'host' => '192.168.51.41',
  'connection' => 'keep-alive',
  'upgrade-insecure-requests' => '1',
  'user-agent' => 'Mozilla/5.0 (Windows NT 6.1; WOW64) AppleWebKit/537.36 (KHTML, like Gecko) Chrome/63.0.3239.132 Safari/537.36',
  'accept' => 'text/html,application/xhtml+xml,application/xml;q=0.9,image/webp,image/apng,*/*;q=0.8',
  'accept-encoding' => 'gzip, deflate',
  'accept-language' => 'zh-CN,zh;q=0.9',
  'cookie' => 'PHPSESSID=rfnre54erdfdu3viesen5ca682',
)
[ info ] [ PARAM ] array (
)
[ info ] [ DB ] INIT Sqlsrv
[ info ] [ RUN ] app\index\controller\Index->login[ D:\xampp5\htdocs\wdl\application\index\controller\Index.php ]
[ info ] [ SESSION ] INIT array (
  'id' => '',
  'var_session_id' => '',
  'prefix' => 'think',
  'type' => '',
  'auto_start' => true,
)
[ info ] [ VIEW ] D:\xampp5\htdocs\wdl\public/../application/index\view\index\login.html [ array (
) ]
[ info ] [ LOG ] INIT File
---------------------------------------------------------------
[ 2019-04-08T14:30:55+08:00 ] 192.168.51.104 POST /wdl/public/index/index/login.html
[ info ] 192.168.51.41/wdl/public/index/index/login.html [运行时间：0.923402s][吞吐率：1.08req/s] [内存消耗：3,168.43kb] [文件加载：54]
[ info ] [ LANG ] D:\xampp5\htdocs\wdl\thinkphp\lang\zh-cn.php
[ info ] [ ROUTE ] array (
  'type' => 'module',
  'module' => 
  array (
    0 => 'index',
    1 => 'index',
    2 => 'login',
  ),
)
[ info ] [ HEADER ] array (
  'host' => '192.168.51.41',
  'connection' => 'keep-alive',
  'content-length' => '52',
  'cache-control' => 'max-age=0',
  'origin' => 'http://192.168.51.41',
  'upgrade-insecure-requests' => '1',
  'user-agent' => 'Mozilla/5.0 (Windows NT 6.1; WOW64) AppleWebKit/537.36 (KHTML, like Gecko) Chrome/63.0.3239.132 Safari/537.36',
  'content-type' => 'application/x-www-form-urlencoded',
  'accept' => 'text/html,application/xhtml+xml,application/xml;q=0.9,image/webp,image/apng,*/*;q=0.8',
  'referer' => 'http://192.168.51.41/wdl/public/index/index/login.html',
  'accept-encoding' => 'gzip, deflate',
  'accept-language' => 'zh-CN,zh;q=0.9',
  'cookie' => 'PHPSESSID=rfnre54erdfdu3viesen5ca682',
)
[ info ] [ PARAM ] array (
  'username' => '王大亮',
  'password' => 'asdfgh',
)
[ info ] [ DB ] INIT Sqlsrv
[ info ] [ RUN ] app\index\controller\Index->login[ D:\xampp5\htdocs\wdl\application\index\controller\Index.php ]
[ info ] [ SESSION ] INIT array (
  'id' => '',
  'var_session_id' => '',
  'prefix' => 'think',
  'type' => '',
  'auto_start' => true,
)
[ info ] [ LOG ] INIT File
[ sql ] [ DB ] CONNECT:[ UseTime:0.499201s ] sqlsrv:Database=ProjectRecord;Server=192.168.51.41,1433
[ sql ] [ SQL ] SELECT   column_name,   data_type,   column_default,   is_nullable
        FROM    information_schema.tables AS t
        JOIN    information_schema.columns AS c
        ON  t.table_catalog = c.table_catalog
        AND t.table_schema  = c.table_schema
        AND t.table_name    = c.table_name
        WHERE   t.table_name = 'userinfo' [ RunTime:0.078000s ]
[ sql ] [ SQL ] SELECT column_name FROM information_schema.key_column_usage WHERE table_name='userinfo' [ RunTime:0.062400s ]
[ sql ] [ SQL ] SELECT T1.* FROM (SELECT thinkphp.*, ROW_NUMBER() OVER ( ORDER BY rand()) AS ROW_NUMBER FROM (SELECT  * FROM [userinfo] WHERE  [username] = '王大亮') AS thinkphp) AS T1 WHERE (T1.ROW_NUMBER BETWEEN 1 AND 1) [ RunTime:0.000000s ]
---------------------------------------------------------------
[ 2019-04-08T14:30:56+08:00 ] 192.168.51.104 GET /wdl/public/index/record/person.html
[ info ] 192.168.51.41/wdl/public/index/record/person.html [运行时间：0.436800s][吞吐率：2.29req/s] [内存消耗：3,384.48kb] [文件加载：54]
[ info ] [ LANG ] D:\xampp5\htdocs\wdl\thinkphp\lang\zh-cn.php
[ info ] [ ROUTE ] array (
  'type' => 'module',
  'module' => 
  array (
    0 => 'index',
    1 => 'record',
    2 => 'person',
  ),
)
[ info ] [ HEADER ] array (
  'host' => '192.168.51.41',
  'connection' => 'keep-alive',
  'cache-control' => 'max-age=0',
  'upgrade-insecure-requests' => '1',
  'user-agent' => 'Mozilla/5.0 (Windows NT 6.1; WOW64) AppleWebKit/537.36 (KHTML, like Gecko) Chrome/63.0.3239.132 Safari/537.36',
  'accept' => 'text/html,application/xhtml+xml,application/xml;q=0.9,image/webp,image/apng,*/*;q=0.8',
  'referer' => 'http://192.168.51.41/wdl/public/index/index/login.html',
  'accept-encoding' => 'gzip, deflate',
  'accept-language' => 'zh-CN,zh;q=0.9',
  'cookie' => 'PHPSESSID=rfnre54erdfdu3viesen5ca682',
)
[ info ] [ PARAM ] array (
)
[ info ] [ SESSION ] INIT array (
  'id' => '',
  'var_session_id' => '',
  'prefix' => 'think',
  'type' => '',
  'auto_start' => true,
)
[ info ] [ DB ] INIT Sqlsrv
[ info ] [ RUN ] app\index\controller\Record->person[ D:\xampp5\htdocs\wdl\application\index\controller\Record.php ]
[ info ] [ VIEW ] D:\xampp5\htdocs\wdl\public/../application/index\view\record\person.html [ array (
  0 => 'support_person',
  1 => 'user',
  2 => 'subcom_count',
  3 => 'person_count',
  4 => 'type_count',
) ]
[ info ] [ LOG ] INIT File
[ sql ] [ DB ] CONNECT:[ UseTime:0.000000s ] sqlsrv:Database=ProjectRecord;Server=192.168.51.41,1433
[ sql ] [ SQL ] SELECT   column_name,   data_type,   column_default,   is_nullable
        FROM    information_schema.tables AS t
        JOIN    information_schema.columns AS c
        ON  t.table_catalog = c.table_catalog
        AND t.table_schema  = c.table_schema
        AND t.table_name    = c.table_name
        WHERE   t.table_name = 'record' [ RunTime:0.015600s ]
[ sql ] [ SQL ] SELECT column_name FROM information_schema.key_column_usage WHERE table_name='record' [ RunTime:0.031200s ]
[ sql ] [ SQL ] SELECT T1.* FROM (SELECT thinkphp.*, ROW_NUMBER() OVER ( ORDER BY rand()) AS ROW_NUMBER FROM (SELECT  * FROM [record] WHERE  [delflag] = '0'  AND [support_person] = '王大亮') AS thinkphp) AS T1 [ RunTime:0.015600s ]
[ sql ] [ SQL ] SELECT   column_name,   data_type,   column_default,   is_nullable
        FROM    information_schema.tables AS t
        JOIN    information_schema.columns AS c
        ON  t.table_catalog = c.table_catalog
        AND t.table_schema  = c.table_schema
        AND t.table_name    = c.table_name
        WHERE   t.table_name = 'userinfo' [ RunTime:0.000000s ]
[ sql ] [ SQL ] SELECT column_name FROM information_schema.key_column_usage WHERE table_name='userinfo' [ RunTime:0.000000s ]
[ sql ] [ SQL ] SELECT T1.* FROM (SELECT thinkphp.*, ROW_NUMBER() OVER ( ORDER BY rand()) AS ROW_NUMBER FROM (SELECT  * FROM [userinfo] WHERE  [forbidden] = 0) AS thinkphp) AS T1 [ RunTime:0.000000s ]
[ sql ] [ SQL ] SELECT T1.* FROM (SELECT thinkphp.*, ROW_NUMBER() OVER ( ORDER BY rand()) AS ROW_NUMBER FROM (SELECT  * FROM [record] WHERE  [delflag] = '0'  AND [support_person] = '王大亮') AS thinkphp) AS T1 [ RunTime:0.000000s ]
[ sql ] [ SQL ] SELECT T1.* FROM (SELECT thinkphp.*, ROW_NUMBER() OVER ( ORDER BY rand()) AS ROW_NUMBER FROM (SELECT  * FROM [userinfo] WHERE  [forbidden] = 0) AS thinkphp) AS T1 [ RunTime:0.000000s ]
[ sql ] [ SQL ] SELECT T1.* FROM (SELECT thinkphp.*, ROW_NUMBER() OVER ( ORDER BY rand()) AS ROW_NUMBER FROM (SELECT  * FROM [record] WHERE  [delflag] = '0'  AND [support_person] = '王大亮') AS thinkphp) AS T1 [ RunTime:0.000000s ]
[ sql ] [ SQL ] SELECT T1.* FROM (SELECT thinkphp.*, ROW_NUMBER() OVER ( ORDER BY rand()) AS ROW_NUMBER FROM (SELECT  * FROM [userinfo] WHERE  [forbidden] = 0) AS thinkphp) AS T1 [ RunTime:0.000000s ]
---------------------------------------------------------------
[ 2019-04-08T14:31:43+08:00 ] 192.168.51.104 GET /wdl/public/index/record/person.html?start_time=2019-04-08&end_time=2019-04-30
[ info ] 192.168.51.41/wdl/public/index/record/person.html?start_time=2019-04-08&end_time=2019-04-30 [运行时间：0.330601s][吞吐率：3.02req/s] [内存消耗：3,380.41kb] [文件加载：54]
[ info ] [ LANG ] D:\xampp5\htdocs\wdl\thinkphp\lang\zh-cn.php
[ info ] [ ROUTE ] array (
  'type' => 'module',
  'module' => 
  array (
    0 => 'index',
    1 => 'record',
    2 => 'person',
  ),
)
[ info ] [ HEADER ] array (
  'host' => '192.168.51.41',
  'connection' => 'keep-alive',
  'upgrade-insecure-requests' => '1',
  'user-agent' => 'Mozilla/5.0 (Windows NT 6.1; WOW64) AppleWebKit/537.36 (KHTML, like Gecko) Chrome/63.0.3239.132 Safari/537.36',
  'accept' => 'text/html,application/xhtml+xml,application/xml;q=0.9,image/webp,image/apng,*/*;q=0.8',
  'referer' => 'http://192.168.51.41/wdl/public/index/record/person.html',
  'accept-encoding' => 'gzip, deflate',
  'accept-language' => 'zh-CN,zh;q=0.9',
  'cookie' => 'PHPSESSID=rfnre54erdfdu3viesen5ca682',
)
[ info ] [ PARAM ] array (
  'start_time' => '2019-04-08',
  'end_time' => '2019-04-30',
)
[ info ] [ SESSION ] INIT array (
  'id' => '',
  'var_session_id' => '',
  'prefix' => 'think',
  'type' => '',
  'auto_start' => true,
)
[ info ] [ DB ] INIT Sqlsrv
[ info ] [ RUN ] app\index\controller\Record->person[ D:\xampp5\htdocs\wdl\application\index\controller\Record.php ]
[ info ] [ VIEW ] D:\xampp5\htdocs\wdl\public/../application/index\view\record\person.html [ array (
  0 => 'start_time',
  1 => 'end_time',
  2 => 'support_person',
  3 => 'user',
  4 => 'subcom_count',
  5 => 'person_count',
  6 => 'type_count',
) ]
[ info ] [ LOG ] INIT File
[ sql ] [ DB ] CONNECT:[ UseTime:0.000000s ] sqlsrv:Database=ProjectRecord;Server=192.168.51.41,1433
[ sql ] [ SQL ] SELECT   column_name,   data_type,   column_default,   is_nullable
        FROM    information_schema.tables AS t
        JOIN    information_schema.columns AS c
        ON  t.table_catalog = c.table_catalog
        AND t.table_schema  = c.table_schema
        AND t.table_name    = c.table_name
        WHERE   t.table_name = 'record' [ RunTime:0.000000s ]
[ sql ] [ SQL ] SELECT column_name FROM information_schema.key_column_usage WHERE table_name='record' [ RunTime:0.000000s ]
[ sql ] [ SQL ] SELECT T1.* FROM (SELECT thinkphp.*, ROW_NUMBER() OVER ( ORDER BY rand()) AS ROW_NUMBER FROM (SELECT  * FROM [record] WHERE  [delflag] = '0'  AND [start_time] >= '2019-04-08'  AND [end_time] <= '2019-04-30'  AND [support_person] = '王大亮') AS thinkphp) AS T1 [ RunTime:0.063400s ]
[ sql ] [ SQL ] SELECT   column_name,   data_type,   column_default,   is_nullable
        FROM    information_schema.tables AS t
        JOIN    information_schema.columns AS c
        ON  t.table_catalog = c.table_catalog
        AND t.table_schema  = c.table_schema
        AND t.table_name    = c.table_name
        WHERE   t.table_name = 'userinfo' [ RunTime:0.000000s ]
[ sql ] [ SQL ] SELECT column_name FROM information_schema.key_column_usage WHERE table_name='userinfo' [ RunTime:0.000000s ]
[ sql ] [ SQL ] SELECT T1.* FROM (SELECT thinkphp.*, ROW_NUMBER() OVER ( ORDER BY rand()) AS ROW_NUMBER FROM (SELECT  * FROM [userinfo] WHERE  [forbidden] = 0) AS thinkphp) AS T1 [ RunTime:0.000000s ]
[ sql ] [ SQL ] SELECT T1.* FROM (SELECT thinkphp.*, ROW_NUMBER() OVER ( ORDER BY rand()) AS ROW_NUMBER FROM (SELECT  * FROM [record] WHERE  [delflag] = '0'  AND [start_time] >= '2019-04-08'  AND [end_time] <= '2019-04-30'  AND [support_person] = '王大亮') AS thinkphp) AS T1 [ RunTime:0.000000s ]
[ sql ] [ SQL ] SELECT T1.* FROM (SELECT thinkphp.*, ROW_NUMBER() OVER ( ORDER BY rand()) AS ROW_NUMBER FROM (SELECT  * FROM [userinfo] WHERE  [forbidden] = 0) AS thinkphp) AS T1 [ RunTime:0.000000s ]
[ sql ] [ SQL ] SELECT T1.* FROM (SELECT thinkphp.*, ROW_NUMBER() OVER ( ORDER BY rand()) AS ROW_NUMBER FROM (SELECT  * FROM [record] WHERE  [delflag] = '0'  AND [start_time] >= '2019-04-08'  AND [end_time] <= '2019-04-30'  AND [support_person] = '王大亮') AS thinkphp) AS T1 [ RunTime:0.000000s ]
[ sql ] [ SQL ] SELECT T1.* FROM (SELECT thinkphp.*, ROW_NUMBER() OVER ( ORDER BY rand()) AS ROW_NUMBER FROM (SELECT  * FROM [userinfo] WHERE  [forbidden] = 0) AS thinkphp) AS T1 [ RunTime:0.015600s ]
---------------------------------------------------------------
[ 2019-04-08T14:31:48+08:00 ] 192.168.51.104 GET /wdl/public/index/record/person.html?start_time=2018-04-08&end_time=2019-04-30
[ info ] 192.168.51.41/wdl/public/index/record/person.html?start_time=2018-04-08&end_time=2019-04-30 [运行时间：0.280800s][吞吐率：3.56req/s] [内存消耗：3,383.66kb] [文件加载：54]
[ info ] [ LANG ] D:\xampp5\htdocs\wdl\thinkphp\lang\zh-cn.php
[ info ] [ ROUTE ] array (
  'type' => 'module',
  'module' => 
  array (
    0 => 'index',
    1 => 'record',
    2 => 'person',
  ),
)
[ info ] [ HEADER ] array (
  'host' => '192.168.51.41',
  'connection' => 'keep-alive',
  'upgrade-insecure-requests' => '1',
  'user-agent' => 'Mozilla/5.0 (Windows NT 6.1; WOW64) AppleWebKit/537.36 (KHTML, like Gecko) Chrome/63.0.3239.132 Safari/537.36',
  'accept' => 'text/html,application/xhtml+xml,application/xml;q=0.9,image/webp,image/apng,*/*;q=0.8',
  'referer' => 'http://192.168.51.41/wdl/public/index/record/person.html?start_time=2019-04-08&end_time=2019-04-30',
  'accept-encoding' => 'gzip, deflate',
  'accept-language' => 'zh-CN,zh;q=0.9',
  'cookie' => 'PHPSESSID=rfnre54erdfdu3viesen5ca682',
)
[ info ] [ PARAM ] array (
  'start_time' => '2018-04-08',
  'end_time' => '2019-04-30',
)
[ info ] [ SESSION ] INIT array (
  'id' => '',
  'var_session_id' => '',
  'prefix' => 'think',
  'type' => '',
  'auto_start' => true,
)
[ info ] [ DB ] INIT Sqlsrv
[ info ] [ RUN ] app\index\controller\Record->person[ D:\xampp5\htdocs\wdl\application\index\controller\Record.php ]
[ info ] [ VIEW ] D:\xampp5\htdocs\wdl\public/../application/index\view\record\person.html [ array (
  0 => 'start_time',
  1 => 'end_time',
  2 => 'support_person',
  3 => 'user',
  4 => 'subcom_count',
  5 => 'person_count',
  6 => 'type_count',
) ]
[ info ] [ LOG ] INIT File
[ sql ] [ DB ] CONNECT:[ UseTime:0.000000s ] sqlsrv:Database=ProjectRecord;Server=192.168.51.41,1433
[ sql ] [ SQL ] SELECT   column_name,   data_type,   column_default,   is_nullable
        FROM    information_schema.tables AS t
        JOIN    information_schema.columns AS c
        ON  t.table_catalog = c.table_catalog
        AND t.table_schema  = c.table_schema
        AND t.table_name    = c.table_name
        WHERE   t.table_name = 'record' [ RunTime:0.000000s ]
[ sql ] [ SQL ] SELECT column_name FROM information_schema.key_column_usage WHERE table_name='record' [ RunTime:0.000000s ]
[ sql ] [ SQL ] SELECT T1.* FROM (SELECT thinkphp.*, ROW_NUMBER() OVER ( ORDER BY rand()) AS ROW_NUMBER FROM (SELECT  * FROM [record] WHERE  [delflag] = '0'  AND [start_time] >= '2018-04-08'  AND [end_time] <= '2019-04-30'  AND [support_person] = '王大亮') AS thinkphp) AS T1 [ RunTime:0.000000s ]
[ sql ] [ SQL ] SELECT   column_name,   data_type,   column_default,   is_nullable
        FROM    information_schema.tables AS t
        JOIN    information_schema.columns AS c
        ON  t.table_catalog = c.table_catalog
        AND t.table_schema  = c.table_schema
        AND t.table_name    = c.table_name
        WHERE   t.table_name = 'userinfo' [ RunTime:0.000000s ]
[ sql ] [ SQL ] SELECT column_name FROM information_schema.key_column_usage WHERE table_name='userinfo' [ RunTime:0.000000s ]
[ sql ] [ SQL ] SELECT T1.* FROM (SELECT thinkphp.*, ROW_NUMBER() OVER ( ORDER BY rand()) AS ROW_NUMBER FROM (SELECT  * FROM [userinfo] WHERE  [forbidden] = 0) AS thinkphp) AS T1 [ RunTime:0.000000s ]
[ sql ] [ SQL ] SELECT T1.* FROM (SELECT thinkphp.*, ROW_NUMBER() OVER ( ORDER BY rand()) AS ROW_NUMBER FROM (SELECT  * FROM [record] WHERE  [delflag] = '0'  AND [start_time] >= '2018-04-08'  AND [end_time] <= '2019-04-30'  AND [support_person] = '王大亮') AS thinkphp) AS T1 [ RunTime:0.000000s ]
[ sql ] [ SQL ] SELECT T1.* FROM (SELECT thinkphp.*, ROW_NUMBER() OVER ( ORDER BY rand()) AS ROW_NUMBER FROM (SELECT  * FROM [userinfo] WHERE  [forbidden] = 0) AS thinkphp) AS T1 [ RunTime:0.000000s ]
[ sql ] [ SQL ] SELECT T1.* FROM (SELECT thinkphp.*, ROW_NUMBER() OVER ( ORDER BY rand()) AS ROW_NUMBER FROM (SELECT  * FROM [record] WHERE  [delflag] = '0'  AND [start_time] >= '2018-04-08'  AND [end_time] <= '2019-04-30'  AND [support_person] = '王大亮') AS thinkphp) AS T1 [ RunTime:0.000000s ]
[ sql ] [ SQL ] SELECT T1.* FROM (SELECT thinkphp.*, ROW_NUMBER() OVER ( ORDER BY rand()) AS ROW_NUMBER FROM (SELECT  * FROM [userinfo] WHERE  [forbidden] = 0) AS thinkphp) AS T1 [ RunTime:0.015600s ]
