---------------------------------------------------------------
[ 2020-03-24T13:42:20+08:00 ] 127.0.0.1 GET /wdl/public/index/index/login.html
[ info ] 127.0.0.1/wdl/public/index/index/login.html [运行时间：0.035706s][吞吐率：28.01req/s] [内存消耗：2,486.09kb] [文件加载：43]
[ info ] [ LANG ] D:\xampp\htdocs\wdl\thinkphp\lang\zh-cn.php
[ info ] [ ROUTE ] array (
  'type' => 'module',
  'module' => 
  array (
    0 => 'index',
    1 => 'index',
    2 => 'login',
  ),
)
[ info ] [ HEADER ] array (
  'host' => '127.0.0.1',
  'connection' => 'keep-alive',
  'cache-control' => 'max-age=0',
  'upgrade-insecure-requests' => '1',
  'user-agent' => 'Mozilla/5.0 (Windows NT 10.0; WOW64) AppleWebKit/537.36 (KHTML, like Gecko) Chrome/69.0.3497.100 Safari/537.36',
  'accept' => 'text/html,application/xhtml+xml,application/xml;q=0.9,image/webp,image/apng,*/*;q=0.8',
  'accept-encoding' => 'gzip, deflate, br',
  'accept-language' => 'en-US,en;q=0.9,zh-CN;q=0.8,zh;q=0.7',
  'cookie' => 'csrftoken=eflFr6wRMJ9XRkbjagzmhsrhnOUETzUuqUCUOVGXLZaWHAsyTOGhVTo0Kpsr7Ydk',
)
[ info ] [ PARAM ] array (
)
[ info ] [ DB ] INIT mysql
[ info ] [ RUN ] app\index\controller\Index->login[ D:\xampp\htdocs\wdl\application\index\controller\Index.php ]
[ info ] [ SESSION ] INIT array (
  'id' => '',
  'var_session_id' => '',
  'prefix' => 'think',
  'type' => '',
  'auto_start' => true,
)
[ info ] [ VIEW ] D:\xampp\htdocs\wdl\public/../application/index\view\index\login.html [ array (
) ]
[ info ] [ LOG ] INIT File
---------------------------------------------------------------
[ 2020-03-24T13:42:29+08:00 ] 127.0.0.1 POST /wdl/public/index/index/login.html
[ info ] 127.0.0.1/wdl/public/index/index/login.html [运行时间：0.047209s][吞吐率：21.18req/s] [内存消耗：2,479.83kb] [文件加载：44]
[ info ] [ LANG ] D:\xampp\htdocs\wdl\thinkphp\lang\zh-cn.php
[ info ] [ ROUTE ] array (
  'type' => 'module',
  'module' => 
  array (
    0 => 'index',
    1 => 'index',
    2 => 'login',
  ),
)
[ info ] [ HEADER ] array (
  'host' => '127.0.0.1',
  'connection' => 'keep-alive',
  'content-length' => '52',
  'cache-control' => 'max-age=0',
  'origin' => 'http://127.0.0.1',
  'upgrade-insecure-requests' => '1',
  'content-type' => 'application/x-www-form-urlencoded',
  'user-agent' => 'Mozilla/5.0 (Windows NT 10.0; WOW64) AppleWebKit/537.36 (KHTML, like Gecko) Chrome/69.0.3497.100 Safari/537.36',
  'accept' => 'text/html,application/xhtml+xml,application/xml;q=0.9,image/webp,image/apng,*/*;q=0.8',
  'referer' => 'http://127.0.0.1/wdl/public/index/index/login.html',
  'accept-encoding' => 'gzip, deflate, br',
  'accept-language' => 'en-US,en;q=0.9,zh-CN;q=0.8,zh;q=0.7',
  'cookie' => 'csrftoken=eflFr6wRMJ9XRkbjagzmhsrhnOUETzUuqUCUOVGXLZaWHAsyTOGhVTo0Kpsr7Ydk; PHPSESSID=8knud1nv33ddi3t8btsiphoh45',
)
[ info ] [ PARAM ] array (
  'username' => '王大亮',
  'password' => 'asdfgh',
)
[ info ] [ DB ] INIT mysql
[ info ] [ RUN ] app\index\controller\Index->login[ D:\xampp\htdocs\wdl\application\index\controller\Index.php ]
[ info ] [ SESSION ] INIT array (
  'id' => '',
  'var_session_id' => '',
  'prefix' => 'think',
  'type' => '',
  'auto_start' => true,
)
[ info ] [ LOG ] INIT File
[ sql ] [ DB ] CONNECT:[ UseTime:0.013049s ] mysql:host=localhost;port=3306;dbname=ProjectRecord;charset=utf8
[ sql ] [ SQL ] SHOW COLUMNS FROM `userinfo` [ RunTime:0.009854s ]
[ sql ] [ SQL ] SELECT * FROM `userinfo` WHERE  `username` = '王大亮' LIMIT 1 [ RunTime:0.001900s ]
---------------------------------------------------------------
[ 2020-03-24T13:42:29+08:00 ] 127.0.0.1 GET /wdl/public/index/record/person.html
[ info ] 127.0.0.1/wdl/public/index/record/person.html [运行时间：0.065337s][吞吐率：15.31req/s] [内存消耗：2,873.78kb] [文件加载：46]
[ info ] [ LANG ] D:\xampp\htdocs\wdl\thinkphp\lang\zh-cn.php
[ info ] [ ROUTE ] array (
  'type' => 'module',
  'module' => 
  array (
    0 => 'index',
    1 => 'record',
    2 => 'person',
  ),
)
[ info ] [ HEADER ] array (
  'host' => '127.0.0.1',
  'connection' => 'keep-alive',
  'cache-control' => 'max-age=0',
  'upgrade-insecure-requests' => '1',
  'user-agent' => 'Mozilla/5.0 (Windows NT 10.0; WOW64) AppleWebKit/537.36 (KHTML, like Gecko) Chrome/69.0.3497.100 Safari/537.36',
  'accept' => 'text/html,application/xhtml+xml,application/xml;q=0.9,image/webp,image/apng,*/*;q=0.8',
  'referer' => 'http://127.0.0.1/wdl/public/index/index/login.html',
  'accept-encoding' => 'gzip, deflate, br',
  'accept-language' => 'en-US,en;q=0.9,zh-CN;q=0.8,zh;q=0.7',
  'cookie' => 'csrftoken=eflFr6wRMJ9XRkbjagzmhsrhnOUETzUuqUCUOVGXLZaWHAsyTOGhVTo0Kpsr7Ydk; PHPSESSID=8knud1nv33ddi3t8btsiphoh45',
)
[ info ] [ PARAM ] array (
)
[ info ] [ SESSION ] INIT array (
  'id' => '',
  'var_session_id' => '',
  'prefix' => 'think',
  'type' => '',
  'auto_start' => true,
)
[ info ] [ DB ] INIT mysql
[ info ] [ RUN ] app\index\controller\Record->person[ D:\xampp\htdocs\wdl\application\index\controller\Record.php ]
[ info ] [ VIEW ] D:\xampp\htdocs\wdl\public/../application/index\view\record\person.html [ array (
  0 => 'support_person',
  1 => 'user',
  2 => 'subcom_count',
  3 => 'person_count',
  4 => 'type_count',
) ]
[ info ] [ LOG ] INIT File
[ sql ] [ DB ] CONNECT:[ UseTime:0.012376s ] mysql:host=localhost;port=3306;dbname=ProjectRecord;charset=utf8
[ sql ] [ SQL ] SHOW COLUMNS FROM `record` [ RunTime:0.005305s ]
[ sql ] [ SQL ] SELECT * FROM `record` WHERE  `delflag` = '0'  AND `support_person` = '王大亮' [ RunTime:0.002146s ]
[ sql ] [ SQL ] SHOW COLUMNS FROM `userinfo` [ RunTime:0.003176s ]
[ sql ] [ SQL ] SELECT * FROM `userinfo` WHERE  `forbidden` = 0 [ RunTime:0.000426s ]
[ sql ] [ SQL ] SELECT * FROM `record` WHERE  `delflag` = '0'  AND `support_person` = '王大亮' [ RunTime:0.001327s ]
[ sql ] [ SQL ] SELECT * FROM `userinfo` WHERE  `forbidden` = 0 [ RunTime:0.000620s ]
[ sql ] [ SQL ] SELECT * FROM `record` WHERE  `delflag` = '0'  AND `support_person` = '王大亮' [ RunTime:0.001301s ]
[ sql ] [ SQL ] SELECT * FROM `userinfo` WHERE  `forbidden` = 0 [ RunTime:0.000525s ]
---------------------------------------------------------------
[ 2020-03-24T13:42:36+08:00 ] 127.0.0.1 GET /wdl/public/index/record/index.html
[ info ] 127.0.0.1/wdl/public/index/record/index.html [运行时间：0.056400s][吞吐率：17.73req/s] [内存消耗：3,102.52kb] [文件加载：49]
[ info ] [ LANG ] D:\xampp\htdocs\wdl\thinkphp\lang\zh-cn.php
[ info ] [ ROUTE ] array (
  'type' => 'module',
  'module' => 
  array (
    0 => 'index',
    1 => 'record',
    2 => 'index',
  ),
)
[ info ] [ HEADER ] array (
  'host' => '127.0.0.1',
  'connection' => 'keep-alive',
  'upgrade-insecure-requests' => '1',
  'user-agent' => 'Mozilla/5.0 (Windows NT 10.0; WOW64) AppleWebKit/537.36 (KHTML, like Gecko) Chrome/69.0.3497.100 Safari/537.36',
  'accept' => 'text/html,application/xhtml+xml,application/xml;q=0.9,image/webp,image/apng,*/*;q=0.8',
  'referer' => 'http://127.0.0.1/wdl/public/index/record/person.html',
  'accept-encoding' => 'gzip, deflate, br',
  'accept-language' => 'en-US,en;q=0.9,zh-CN;q=0.8,zh;q=0.7',
  'cookie' => 'csrftoken=eflFr6wRMJ9XRkbjagzmhsrhnOUETzUuqUCUOVGXLZaWHAsyTOGhVTo0Kpsr7Ydk; PHPSESSID=8knud1nv33ddi3t8btsiphoh45',
)
[ info ] [ PARAM ] array (
)
[ info ] [ SESSION ] INIT array (
  'id' => '',
  'var_session_id' => '',
  'prefix' => 'think',
  'type' => '',
  'auto_start' => true,
)
[ info ] [ DB ] INIT mysql
[ info ] [ RUN ] app\index\controller\Record->index[ D:\xampp\htdocs\wdl\application\index\controller\Record.php ]
[ info ] [ VIEW ] D:\xampp\htdocs\wdl\public/../application/index\view\record\index.html [ array (
  0 => 'support_person',
  1 => '_data',
) ]
[ info ] [ LOG ] INIT File
[ sql ] [ DB ] CONNECT:[ UseTime:0.011302s ] mysql:host=localhost;port=3306;dbname=ProjectRecord;charset=utf8
[ sql ] [ SQL ] SHOW COLUMNS FROM `record` [ RunTime:0.012483s ]
[ sql ] [ SQL ] SELECT COUNT(*) AS tp_count FROM `record` WHERE  `support_person` = '王大亮'  AND `delflag` = '0' LIMIT 1 [ RunTime:0.002012s ]
[ sql ] [ SQL ] SELECT * FROM `record` WHERE  `support_person` = '王大亮'  AND `delflag` = '0' ORDER BY start_time desc LIMIT 0,20 [ RunTime:0.001509s ]
---------------------------------------------------------------
[ 2020-03-24T13:42:49+08:00 ] 127.0.0.1 GET /wdl/public/index/record/store.html
[ info ] 127.0.0.1/wdl/public/index/record/store.html [运行时间：0.042952s][吞吐率：23.28req/s] [内存消耗：2,853.31kb] [文件加载：46]
[ info ] [ LANG ] D:\xampp\htdocs\wdl\thinkphp\lang\zh-cn.php
[ info ] [ ROUTE ] array (
  'type' => 'module',
  'module' => 
  array (
    0 => 'index',
    1 => 'record',
    2 => 'store',
  ),
)
[ info ] [ HEADER ] array (
  'host' => '127.0.0.1',
  'connection' => 'keep-alive',
  'upgrade-insecure-requests' => '1',
  'user-agent' => 'Mozilla/5.0 (Windows NT 10.0; WOW64) AppleWebKit/537.36 (KHTML, like Gecko) Chrome/69.0.3497.100 Safari/537.36',
  'accept' => 'text/html,application/xhtml+xml,application/xml;q=0.9,image/webp,image/apng,*/*;q=0.8',
  'referer' => 'http://127.0.0.1/wdl/public/index/record/index.html',
  'accept-encoding' => 'gzip, deflate, br',
  'accept-language' => 'en-US,en;q=0.9,zh-CN;q=0.8,zh;q=0.7',
  'cookie' => 'csrftoken=eflFr6wRMJ9XRkbjagzmhsrhnOUETzUuqUCUOVGXLZaWHAsyTOGhVTo0Kpsr7Ydk; PHPSESSID=8knud1nv33ddi3t8btsiphoh45',
)
[ info ] [ PARAM ] array (
)
[ info ] [ SESSION ] INIT array (
  'id' => '',
  'var_session_id' => '',
  'prefix' => 'think',
  'type' => '',
  'auto_start' => true,
)
[ info ] [ DB ] INIT mysql
[ info ] [ RUN ] app\index\controller\Record->store[ D:\xampp\htdocs\wdl\application\index\controller\Record.php ]
[ info ] [ VIEW ] D:\xampp\htdocs\wdl\public/../application/index\view\record\store.html [ array (
  0 => '_com',
) ]
[ info ] [ LOG ] INIT File
[ sql ] [ DB ] CONNECT:[ UseTime:0.010735s ] mysql:host=localhost;port=3306;dbname=ProjectRecord;charset=utf8
[ sql ] [ SQL ] SHOW COLUMNS FROM `company` [ RunTime:0.006868s ]
[ sql ] [ SQL ] SELECT * FROM `company` WHERE  `com_pid` = 0 [ RunTime:0.000892s ]
---------------------------------------------------------------
[ 2020-03-24T13:42:53+08:00 ] 127.0.0.1 GET /wdl/public/index/record/import.html
[ info ] 127.0.0.1/wdl/public/index/record/import.html [运行时间：0.024423s][吞吐率：40.95req/s] [内存消耗：2,765.65kb] [文件加载：45]
[ info ] [ LANG ] D:\xampp\htdocs\wdl\thinkphp\lang\zh-cn.php
[ info ] [ ROUTE ] array (
  'type' => 'module',
  'module' => 
  array (
    0 => 'index',
    1 => 'record',
    2 => 'import',
  ),
)
[ info ] [ HEADER ] array (
  'host' => '127.0.0.1',
  'connection' => 'keep-alive',
  'upgrade-insecure-requests' => '1',
  'user-agent' => 'Mozilla/5.0 (Windows NT 10.0; WOW64) AppleWebKit/537.36 (KHTML, like Gecko) Chrome/69.0.3497.100 Safari/537.36',
  'accept' => 'text/html,application/xhtml+xml,application/xml;q=0.9,image/webp,image/apng,*/*;q=0.8',
  'referer' => 'http://127.0.0.1/wdl/public/index/record/store.html',
  'accept-encoding' => 'gzip, deflate, br',
  'accept-language' => 'en-US,en;q=0.9,zh-CN;q=0.8,zh;q=0.7',
  'cookie' => 'csrftoken=eflFr6wRMJ9XRkbjagzmhsrhnOUETzUuqUCUOVGXLZaWHAsyTOGhVTo0Kpsr7Ydk; PHPSESSID=8knud1nv33ddi3t8btsiphoh45',
)
[ info ] [ PARAM ] array (
)
[ info ] [ SESSION ] INIT array (
  'id' => '',
  'var_session_id' => '',
  'prefix' => 'think',
  'type' => '',
  'auto_start' => true,
)
[ info ] [ DB ] INIT mysql
[ info ] [ RUN ] app\index\controller\Record->import[ D:\xampp\htdocs\wdl\application\index\controller\Record.php ]
[ info ] [ VIEW ] D:\xampp\htdocs\wdl\public/../application/index\view\record\import.html [ array (
  0 => 'data',
) ]
[ info ] [ LOG ] INIT File
---------------------------------------------------------------
[ 2020-03-24T13:42:53+08:00 ] 127.0.0.1 GET /wdl/public/static/css/index.css
[ info ] 127.0.0.1/wdl/public/static/css/index.css [运行时间：0.012524s][吞吐率：79.85req/s] [内存消耗：1,045.06kb] [文件加载：28]
[ info ] [ LANG ] D:\xampp\htdocs\wdl\thinkphp\lang\zh-cn.php
[ info ] [ ROUTE ] array (
  'type' => 'module',
  'module' => 
  array (
    0 => 'static',
    1 => 'css',
    2 => 'index.css',
  ),
)
[ info ] [ HEADER ] array (
  'host' => '127.0.0.1',
  'connection' => 'keep-alive',
  'user-agent' => 'Mozilla/5.0 (Windows NT 10.0; WOW64) AppleWebKit/537.36 (KHTML, like Gecko) Chrome/69.0.3497.100 Safari/537.36',
  'accept' => 'text/css,*/*;q=0.1',
  'referer' => 'http://127.0.0.1/wdl/public/index/record/import.html',
  'accept-encoding' => 'gzip, deflate, br',
  'accept-language' => 'en-US,en;q=0.9,zh-CN;q=0.8,zh;q=0.7',
  'cookie' => 'csrftoken=eflFr6wRMJ9XRkbjagzmhsrhnOUETzUuqUCUOVGXLZaWHAsyTOGhVTo0Kpsr7Ydk; PHPSESSID=8knud1nv33ddi3t8btsiphoh45',
)
[ info ] [ PARAM ] array (
)
[ info ] [ LOG ] INIT File
---------------------------------------------------------------
[ 2020-03-24T13:43:01+08:00 ] 127.0.0.1 GET /wdl/public/index/record/downtemplete.html
[ info ] 127.0.0.1/wdl/public/index/record/downtemplete.html [运行时间：0.022176s][吞吐率：45.09req/s] [内存消耗：2,675.05kb] [文件加载：45]
[ info ] [ LANG ] D:\xampp\htdocs\wdl\thinkphp\lang\zh-cn.php
[ info ] [ ROUTE ] array (
  'type' => 'module',
  'module' => 
  array (
    0 => 'index',
    1 => 'record',
    2 => 'downtemplete',
  ),
)
[ info ] [ HEADER ] array (
  'host' => '127.0.0.1',
  'connection' => 'keep-alive',
  'upgrade-insecure-requests' => '1',
  'user-agent' => 'Mozilla/5.0 (Windows NT 10.0; WOW64) AppleWebKit/537.36 (KHTML, like Gecko) Chrome/69.0.3497.100 Safari/537.36',
  'accept' => 'text/html,application/xhtml+xml,application/xml;q=0.9,image/webp,image/apng,*/*;q=0.8',
  'referer' => 'http://127.0.0.1/wdl/public/index/record/import.html',
  'accept-encoding' => 'gzip, deflate, br',
  'accept-language' => 'en-US,en;q=0.9,zh-CN;q=0.8,zh;q=0.7',
  'cookie' => 'csrftoken=eflFr6wRMJ9XRkbjagzmhsrhnOUETzUuqUCUOVGXLZaWHAsyTOGhVTo0Kpsr7Ydk; PHPSESSID=8knud1nv33ddi3t8btsiphoh45',
)
[ info ] [ PARAM ] array (
)
[ info ] [ SESSION ] INIT array (
  'id' => '',
  'var_session_id' => '',
  'prefix' => 'think',
  'type' => '',
  'auto_start' => true,
)
[ info ] [ DB ] INIT mysql
[ info ] [ RUN ] app\index\controller\Record->downTemplete[ D:\xampp\htdocs\wdl\application\index\controller\Record.php ]
[ info ] [ VIEW ] D:\xampp\htdocs\wdl\thinkphp\tpl\dispatch_jump.tpl [ array (
  0 => 'code',
  1 => 'msg',
  2 => 'data',
  3 => 'url',
  4 => 'wait',
) ]
[ info ] [ LOG ] INIT File
---------------------------------------------------------------
[ 2020-03-24T13:43:04+08:00 ] 127.0.0.1 GET /wdl/public/index/record/import.html
[ info ] 127.0.0.1/wdl/public/index/record/import.html [运行时间：0.022297s][吞吐率：44.85req/s] [内存消耗：2,591.20kb] [文件加载：43]
[ info ] [ LANG ] D:\xampp\htdocs\wdl\thinkphp\lang\zh-cn.php
[ info ] [ ROUTE ] array (
  'type' => 'module',
  'module' => 
  array (
    0 => 'index',
    1 => 'record',
    2 => 'import',
  ),
)
[ info ] [ HEADER ] array (
  'host' => '127.0.0.1',
  'connection' => 'keep-alive',
  'upgrade-insecure-requests' => '1',
  'user-agent' => 'Mozilla/5.0 (Windows NT 10.0; WOW64) AppleWebKit/537.36 (KHTML, like Gecko) Chrome/69.0.3497.100 Safari/537.36',
  'accept' => 'text/html,application/xhtml+xml,application/xml;q=0.9,image/webp,image/apng,*/*;q=0.8',
  'referer' => 'http://127.0.0.1/wdl/public/index/record/store.html',
  'accept-encoding' => 'gzip, deflate, br',
  'accept-language' => 'en-US,en;q=0.9,zh-CN;q=0.8,zh;q=0.7',
  'cookie' => 'csrftoken=eflFr6wRMJ9XRkbjagzmhsrhnOUETzUuqUCUOVGXLZaWHAsyTOGhVTo0Kpsr7Ydk; PHPSESSID=8knud1nv33ddi3t8btsiphoh45',
)
[ info ] [ PARAM ] array (
)
[ info ] [ SESSION ] INIT array (
  'id' => '',
  'var_session_id' => '',
  'prefix' => 'think',
  'type' => '',
  'auto_start' => true,
)
[ info ] [ DB ] INIT mysql
[ info ] [ RUN ] app\index\controller\Record->import[ D:\xampp\htdocs\wdl\application\index\controller\Record.php ]
[ info ] [ VIEW ] D:\xampp\htdocs\wdl\public/../application/index\view\record\import.html [ array (
  0 => 'data',
) ]
[ info ] [ LOG ] INIT File
---------------------------------------------------------------
[ 2020-03-24T13:43:08+08:00 ] 127.0.0.1 GET /wdl/public/index/record/downtemplete.html
[ info ] 127.0.0.1/wdl/public/index/record/downtemplete.html [运行时间：0.019973s][吞吐率：50.07req/s] [内存消耗：2,534.30kb] [文件加载：43]
[ info ] [ LANG ] D:\xampp\htdocs\wdl\thinkphp\lang\zh-cn.php
[ info ] [ ROUTE ] array (
  'type' => 'module',
  'module' => 
  array (
    0 => 'index',
    1 => 'record',
    2 => 'downtemplete',
  ),
)
[ info ] [ HEADER ] array (
  'host' => '127.0.0.1',
  'connection' => 'keep-alive',
  'upgrade-insecure-requests' => '1',
  'user-agent' => 'Mozilla/5.0 (Windows NT 10.0; WOW64) AppleWebKit/537.36 (KHTML, like Gecko) Chrome/69.0.3497.100 Safari/537.36',
  'accept' => 'text/html,application/xhtml+xml,application/xml;q=0.9,image/webp,image/apng,*/*;q=0.8',
  'referer' => 'http://127.0.0.1/wdl/public/index/record/import.html',
  'accept-encoding' => 'gzip, deflate, br',
  'accept-language' => 'en-US,en;q=0.9,zh-CN;q=0.8,zh;q=0.7',
  'cookie' => 'csrftoken=eflFr6wRMJ9XRkbjagzmhsrhnOUETzUuqUCUOVGXLZaWHAsyTOGhVTo0Kpsr7Ydk; PHPSESSID=8knud1nv33ddi3t8btsiphoh45',
)
[ info ] [ PARAM ] array (
)
[ info ] [ SESSION ] INIT array (
  'id' => '',
  'var_session_id' => '',
  'prefix' => 'think',
  'type' => '',
  'auto_start' => true,
)
[ info ] [ DB ] INIT mysql
[ info ] [ RUN ] app\index\controller\Record->downTemplete[ D:\xampp\htdocs\wdl\application\index\controller\Record.php ]
[ info ] [ VIEW ] D:\xampp\htdocs\wdl\thinkphp\tpl\dispatch_jump.tpl [ array (
  0 => 'code',
  1 => 'msg',
  2 => 'data',
  3 => 'url',
  4 => 'wait',
) ]
[ info ] [ LOG ] INIT File
---------------------------------------------------------------
[ 2020-03-24T13:43:11+08:00 ] 127.0.0.1 GET /wdl/public/index/record/import.html
[ info ] 127.0.0.1/wdl/public/index/record/import.html [运行时间：0.022348s][吞吐率：44.75req/s] [内存消耗：2,591.16kb] [文件加载：43]
[ info ] [ LANG ] D:\xampp\htdocs\wdl\thinkphp\lang\zh-cn.php
[ info ] [ ROUTE ] array (
  'type' => 'module',
  'module' => 
  array (
    0 => 'index',
    1 => 'record',
    2 => 'import',
  ),
)
[ info ] [ HEADER ] array (
  'host' => '127.0.0.1',
  'connection' => 'keep-alive',
  'upgrade-insecure-requests' => '1',
  'user-agent' => 'Mozilla/5.0 (Windows NT 10.0; WOW64) AppleWebKit/537.36 (KHTML, like Gecko) Chrome/69.0.3497.100 Safari/537.36',
  'accept' => 'text/html,application/xhtml+xml,application/xml;q=0.9,image/webp,image/apng,*/*;q=0.8',
  'referer' => 'http://127.0.0.1/wdl/public/index/record/store.html',
  'accept-encoding' => 'gzip, deflate, br',
  'accept-language' => 'en-US,en;q=0.9,zh-CN;q=0.8,zh;q=0.7',
  'cookie' => 'csrftoken=eflFr6wRMJ9XRkbjagzmhsrhnOUETzUuqUCUOVGXLZaWHAsyTOGhVTo0Kpsr7Ydk; PHPSESSID=8knud1nv33ddi3t8btsiphoh45',
)
[ info ] [ PARAM ] array (
)
[ info ] [ SESSION ] INIT array (
  'id' => '',
  'var_session_id' => '',
  'prefix' => 'think',
  'type' => '',
  'auto_start' => true,
)
[ info ] [ DB ] INIT mysql
[ info ] [ RUN ] app\index\controller\Record->import[ D:\xampp\htdocs\wdl\application\index\controller\Record.php ]
[ info ] [ VIEW ] D:\xampp\htdocs\wdl\public/../application/index\view\record\import.html [ array (
  0 => 'data',
) ]
[ info ] [ LOG ] INIT File
---------------------------------------------------------------
[ 2020-03-24T13:57:30+08:00 ] 127.0.0.1 GET /wdl/public/index/record/import.html
[ info ] 127.0.0.1/wdl/public/index/record/import.html [运行时间：0.031916s][吞吐率：31.33req/s] [内存消耗：3,081.26kb] [文件加载：56]
[ info ] [ LANG ] D:\xampp\htdocs\wdl\thinkphp\lang\zh-cn.php
[ info ] [ ROUTE ] array (
  'type' => 'module',
  'module' => 
  array (
    0 => 'index',
    1 => 'record',
    2 => 'import',
  ),
)
[ info ] [ HEADER ] array (
  'host' => '127.0.0.1',
  'connection' => 'keep-alive',
  'cache-control' => 'max-age=0',
  'upgrade-insecure-requests' => '1',
  'user-agent' => 'Mozilla/5.0 (Windows NT 10.0; WOW64) AppleWebKit/537.36 (KHTML, like Gecko) Chrome/69.0.3497.100 Safari/537.36',
  'accept' => 'text/html,application/xhtml+xml,application/xml;q=0.9,image/webp,image/apng,*/*;q=0.8',
  'referer' => 'http://127.0.0.1/wdl/public/index/record/store.html',
  'accept-encoding' => 'gzip, deflate, br',
  'accept-language' => 'en-US,en;q=0.9,zh-CN;q=0.8,zh;q=0.7',
  'cookie' => 'csrftoken=eflFr6wRMJ9XRkbjagzmhsrhnOUETzUuqUCUOVGXLZaWHAsyTOGhVTo0Kpsr7Ydk; PHPSESSID=8knud1nv33ddi3t8btsiphoh45',
)
[ info ] [ PARAM ] array (
)
[ info ] [ SESSION ] INIT array (
  'id' => '',
  'var_session_id' => '',
  'prefix' => 'think',
  'type' => '',
  'auto_start' => true,
)
[ info ] [ DB ] INIT Sqlsrv
[ info ] [ RUN ] app\index\controller\Record->import[ D:\xampp\htdocs\wdl\application\index\controller\Record.php ]
[ info ] [ VIEW ] D:\xampp\htdocs\wdl\public/../application/index\view\record\import.html [ array (
  0 => 'data',
) ]
[ info ] [ LOG ] INIT File
---------------------------------------------------------------
[ 2020-03-24T13:57:31+08:00 ] 127.0.0.1 GET /wdl/public/index/record/downtemplete.html
[ info ] 127.0.0.1/wdl/public/index/record/downtemplete.html [运行时间：0.032612s][吞吐率：30.66req/s] [内存消耗：2,811.05kb] [文件加载：51]
[ info ] [ LANG ] D:\xampp\htdocs\wdl\thinkphp\lang\zh-cn.php
[ info ] [ ROUTE ] array (
  'type' => 'module',
  'module' => 
  array (
    0 => 'index',
    1 => 'record',
    2 => 'downtemplete',
  ),
)
[ info ] [ HEADER ] array (
  'host' => '127.0.0.1',
  'connection' => 'keep-alive',
  'upgrade-insecure-requests' => '1',
  'user-agent' => 'Mozilla/5.0 (Windows NT 10.0; WOW64) AppleWebKit/537.36 (KHTML, like Gecko) Chrome/69.0.3497.100 Safari/537.36',
  'accept' => 'text/html,application/xhtml+xml,application/xml;q=0.9,image/webp,image/apng,*/*;q=0.8',
  'referer' => 'http://127.0.0.1/wdl/public/index/record/import.html',
  'accept-encoding' => 'gzip, deflate, br',
  'accept-language' => 'en-US,en;q=0.9,zh-CN;q=0.8,zh;q=0.7',
  'cookie' => 'csrftoken=eflFr6wRMJ9XRkbjagzmhsrhnOUETzUuqUCUOVGXLZaWHAsyTOGhVTo0Kpsr7Ydk; PHPSESSID=8knud1nv33ddi3t8btsiphoh45',
)
[ info ] [ PARAM ] array (
)
[ info ] [ SESSION ] INIT array (
  'id' => '',
  'var_session_id' => '',
  'prefix' => 'think',
  'type' => '',
  'auto_start' => true,
)
[ info ] [ DB ] INIT Sqlsrv
[ info ] [ RUN ] app\index\controller\Record->downTemplete[ D:\xampp\htdocs\wdl\application\index\controller\Record.php ]
[ info ] [ LOG ] INIT File
---------------------------------------------------------------
[ 2020-03-24T14:15:00+08:00 ] 127.0.0.1 GET /wdl/public/index/record/downtemplete.html
[ info ] 127.0.0.1/wdl/public/index/record/downtemplete.html [运行时间：0.025618s][吞吐率：39.03req/s] [内存消耗：2,817.48kb] [文件加载：51]
[ info ] [ LANG ] D:\xampp\htdocs\wdl\thinkphp\lang\zh-cn.php
[ info ] [ ROUTE ] array (
  'type' => 'module',
  'module' => 
  array (
    0 => 'index',
    1 => 'record',
    2 => 'downtemplete',
  ),
)
[ info ] [ HEADER ] array (
  'host' => '127.0.0.1',
  'connection' => 'keep-alive',
  'upgrade-insecure-requests' => '1',
  'user-agent' => 'Mozilla/5.0 (Windows NT 10.0; WOW64) AppleWebKit/537.36 (KHTML, like Gecko) Chrome/69.0.3497.100 Safari/537.36',
  'accept' => 'text/html,application/xhtml+xml,application/xml;q=0.9,image/webp,image/apng,*/*;q=0.8',
  'referer' => 'http://127.0.0.1/wdl/public/index/record/import.html',
  'accept-encoding' => 'gzip, deflate, br',
  'accept-language' => 'en-US,en;q=0.9,zh-CN;q=0.8,zh;q=0.7',
  'cookie' => 'csrftoken=eflFr6wRMJ9XRkbjagzmhsrhnOUETzUuqUCUOVGXLZaWHAsyTOGhVTo0Kpsr7Ydk; PHPSESSID=8knud1nv33ddi3t8btsiphoh45',
)
[ info ] [ PARAM ] array (
)
[ info ] [ SESSION ] INIT array (
  'id' => '',
  'var_session_id' => '',
  'prefix' => 'think',
  'type' => '',
  'auto_start' => true,
)
[ info ] [ DB ] INIT mysql
[ info ] [ RUN ] app\index\controller\Record->downTemplete[ D:\xampp\htdocs\wdl\application\index\controller\Record.php ]
[ info ] [ LOG ] INIT File
---------------------------------------------------------------
[ 2020-03-24T14:15:08+08:00 ] 127.0.0.1 POST /wdl/public/index/record/import.html
[ info ] 127.0.0.1/wdl/public/index/record/import.html [运行时间：0.093584s][吞吐率：10.69req/s] [内存消耗：6,344.98kb] [文件加载：105]
[ info ] [ LANG ] D:\xampp\htdocs\wdl\thinkphp\lang\zh-cn.php
[ info ] [ ROUTE ] array (
  'type' => 'module',
  'module' => 
  array (
    0 => 'index',
    1 => 'record',
    2 => 'import',
  ),
)
[ info ] [ HEADER ] array (
  'host' => '127.0.0.1',
  'connection' => 'keep-alive',
  'content-length' => '11299',
  'cache-control' => 'max-age=0',
  'origin' => 'http://127.0.0.1',
  'upgrade-insecure-requests' => '1',
  'content-type' => 'multipart/form-data; boundary=----WebKitFormBoundaryuhp2TpcwAAtLKmT2',
  'user-agent' => 'Mozilla/5.0 (Windows NT 10.0; WOW64) AppleWebKit/537.36 (KHTML, like Gecko) Chrome/69.0.3497.100 Safari/537.36',
  'accept' => 'text/html,application/xhtml+xml,application/xml;q=0.9,image/webp,image/apng,*/*;q=0.8',
  'referer' => 'http://127.0.0.1/wdl/public/index/record/import.html',
  'accept-encoding' => 'gzip, deflate, br',
  'accept-language' => 'en-US,en;q=0.9,zh-CN;q=0.8,zh;q=0.7',
  'cookie' => 'csrftoken=eflFr6wRMJ9XRkbjagzmhsrhnOUETzUuqUCUOVGXLZaWHAsyTOGhVTo0Kpsr7Ydk; PHPSESSID=8knud1nv33ddi3t8btsiphoh45',
)
[ info ] [ PARAM ] array (
)
[ info ] [ SESSION ] INIT array (
  'id' => '',
  'var_session_id' => '',
  'prefix' => 'think',
  'type' => '',
  'auto_start' => true,
)
[ info ] [ DB ] INIT mysql
[ info ] [ RUN ] app\index\controller\Record->import[ D:\xampp\htdocs\wdl\application\index\controller\Record.php ]
[ info ] [ VIEW ] D:\xampp\htdocs\wdl\public/../application/index\view\record\import.html [ array (
  0 => 'data',
) ]
[ info ] [ LOG ] INIT File
[ sql ] [ DB ] CONNECT:[ UseTime:0.002640s ] mysql:host=localhost;port=3306;dbname=ProjectRecord;charset=utf8
[ sql ] [ SQL ] SHOW COLUMNS FROM `company` [ RunTime:0.004166s ]
[ sql ] [ SQL ] SELECT `com_name` FROM `company` WHERE  `com_pid` = 0 [ RunTime:0.000433s ]
[ sql ] [ SQL ] SELECT `com_name` FROM `company` WHERE  `com_pid` = 0 [ RunTime:0.000331s ]
[ sql ] [ SQL ] SELECT `com_name` FROM `company` WHERE  `com_pid` = 0 [ RunTime:0.000289s ]
[ sql ] [ SQL ] SELECT `com_name` FROM `company` WHERE  `com_pid` = 0 [ RunTime:0.000287s ]
[ sql ] [ SQL ] SELECT `com_name` FROM `company` WHERE  `com_pid` = 0 [ RunTime:0.000255s ]
---------------------------------------------------------------
[ 2020-03-24T14:15:26+08:00 ] 127.0.0.1 POST /wdl/public/index/record/import.html
[ info ] 127.0.0.1/wdl/public/index/record/import.html [运行时间：0.099077s][吞吐率：10.09req/s] [内存消耗：6,334.23kb] [文件加载：106]
[ info ] [ LANG ] D:\xampp\htdocs\wdl\thinkphp\lang\zh-cn.php
[ info ] [ ROUTE ] array (
  'type' => 'module',
  'module' => 
  array (
    0 => 'index',
    1 => 'record',
    2 => 'import',
  ),
)
[ info ] [ HEADER ] array (
  'host' => '127.0.0.1',
  'connection' => 'keep-alive',
  'content-length' => '11260',
  'cache-control' => 'max-age=0',
  'origin' => 'http://127.0.0.1',
  'upgrade-insecure-requests' => '1',
  'content-type' => 'multipart/form-data; boundary=----WebKitFormBoundaryV5hzV17bYHMAMDvd',
  'user-agent' => 'Mozilla/5.0 (Windows NT 10.0; WOW64) AppleWebKit/537.36 (KHTML, like Gecko) Chrome/69.0.3497.100 Safari/537.36',
  'accept' => 'text/html,application/xhtml+xml,application/xml;q=0.9,image/webp,image/apng,*/*;q=0.8',
  'referer' => 'http://127.0.0.1/wdl/public/index/record/import.html',
  'accept-encoding' => 'gzip, deflate, br',
  'accept-language' => 'en-US,en;q=0.9,zh-CN;q=0.8,zh;q=0.7',
  'cookie' => 'csrftoken=eflFr6wRMJ9XRkbjagzmhsrhnOUETzUuqUCUOVGXLZaWHAsyTOGhVTo0Kpsr7Ydk; PHPSESSID=8knud1nv33ddi3t8btsiphoh45',
)
[ info ] [ PARAM ] array (
)
[ info ] [ SESSION ] INIT array (
  'id' => '',
  'var_session_id' => '',
  'prefix' => 'think',
  'type' => '',
  'auto_start' => true,
)
[ info ] [ DB ] INIT mysql
[ info ] [ RUN ] app\index\controller\Record->import[ D:\xampp\htdocs\wdl\application\index\controller\Record.php ]
[ info ] [ VIEW ] D:\xampp\htdocs\wdl\thinkphp\tpl\dispatch_jump.tpl [ array (
  0 => 'code',
  1 => 'msg',
  2 => 'data',
  3 => 'url',
  4 => 'wait',
) ]
[ info ] [ LOG ] INIT File
[ sql ] [ DB ] CONNECT:[ UseTime:0.010951s ] mysql:host=localhost;port=3306;dbname=ProjectRecord;charset=utf8
[ sql ] [ SQL ] SHOW COLUMNS FROM `company` [ RunTime:0.003316s ]
[ sql ] [ SQL ] SELECT `com_name` FROM `company` WHERE  `com_pid` = 0 [ RunTime:0.000436s ]
[ sql ] [ SQL ] SELECT `com_name` FROM `company` WHERE  `com_pid` = 0 [ RunTime:0.000593s ]
[ sql ] [ SQL ] SELECT `com_name` FROM `company` WHERE  `com_pid` = 0 [ RunTime:0.000344s ]
[ sql ] [ SQL ] SELECT `com_name` FROM `company` WHERE  `com_pid` = 0 [ RunTime:0.000311s ]
[ sql ] [ SQL ] SELECT `com_name` FROM `company` WHERE  `com_pid` = 0 [ RunTime:0.000305s ]
---------------------------------------------------------------
[ 2020-03-24T14:15:36+08:00 ] 127.0.0.1 GET /wdl/public/index/record/import.html
[ info ] 127.0.0.1/wdl/public/index/record/import.html [运行时间：0.028691s][吞吐率：34.85req/s] [内存消耗：3,101.75kb] [文件加载：56]
[ info ] [ LANG ] D:\xampp\htdocs\wdl\thinkphp\lang\zh-cn.php
[ info ] [ ROUTE ] array (
  'type' => 'module',
  'module' => 
  array (
    0 => 'index',
    1 => 'record',
    2 => 'import',
  ),
)
[ info ] [ HEADER ] array (
  'host' => '127.0.0.1',
  'connection' => 'keep-alive',
  'upgrade-insecure-requests' => '1',
  'user-agent' => 'Mozilla/5.0 (Windows NT 10.0; WOW64) AppleWebKit/537.36 (KHTML, like Gecko) Chrome/69.0.3497.100 Safari/537.36',
  'accept' => 'text/html,application/xhtml+xml,application/xml;q=0.9,image/webp,image/apng,*/*;q=0.8',
  'referer' => 'http://127.0.0.1/wdl/public/index/record/import.html',
  'accept-encoding' => 'gzip, deflate, br',
  'accept-language' => 'en-US,en;q=0.9,zh-CN;q=0.8,zh;q=0.7',
  'cookie' => 'csrftoken=eflFr6wRMJ9XRkbjagzmhsrhnOUETzUuqUCUOVGXLZaWHAsyTOGhVTo0Kpsr7Ydk; PHPSESSID=8knud1nv33ddi3t8btsiphoh45',
)
[ info ] [ PARAM ] array (
)
[ info ] [ SESSION ] INIT array (
  'id' => '',
  'var_session_id' => '',
  'prefix' => 'think',
  'type' => '',
  'auto_start' => true,
)
[ info ] [ DB ] INIT mysql
[ info ] [ RUN ] app\index\controller\Record->import[ D:\xampp\htdocs\wdl\application\index\controller\Record.php ]
[ info ] [ VIEW ] D:\xampp\htdocs\wdl\public/../application/index\view\record\import.html [ array (
  0 => 'data',
) ]
[ info ] [ LOG ] INIT File
---------------------------------------------------------------
[ 2020-03-24T14:15:43+08:00 ] 127.0.0.1 POST /wdl/public/index/record/import.html
[ info ] 127.0.0.1/wdl/public/index/record/import.html [运行时间：0.087063s][吞吐率：11.49req/s] [内存消耗：6,334.23kb] [文件加载：106]
[ info ] [ LANG ] D:\xampp\htdocs\wdl\thinkphp\lang\zh-cn.php
[ info ] [ ROUTE ] array (
  'type' => 'module',
  'module' => 
  array (
    0 => 'index',
    1 => 'record',
    2 => 'import',
  ),
)
[ info ] [ HEADER ] array (
  'host' => '127.0.0.1',
  'connection' => 'keep-alive',
  'content-length' => '11260',
  'cache-control' => 'max-age=0',
  'origin' => 'http://127.0.0.1',
  'upgrade-insecure-requests' => '1',
  'content-type' => 'multipart/form-data; boundary=----WebKitFormBoundary52qhOTuBE25HWL3m',
  'user-agent' => 'Mozilla/5.0 (Windows NT 10.0; WOW64) AppleWebKit/537.36 (KHTML, like Gecko) Chrome/69.0.3497.100 Safari/537.36',
  'accept' => 'text/html,application/xhtml+xml,application/xml;q=0.9,image/webp,image/apng,*/*;q=0.8',
  'referer' => 'http://127.0.0.1/wdl/public/index/record/import.html',
  'accept-encoding' => 'gzip, deflate, br',
  'accept-language' => 'en-US,en;q=0.9,zh-CN;q=0.8,zh;q=0.7',
  'cookie' => 'csrftoken=eflFr6wRMJ9XRkbjagzmhsrhnOUETzUuqUCUOVGXLZaWHAsyTOGhVTo0Kpsr7Ydk; PHPSESSID=8knud1nv33ddi3t8btsiphoh45',
)
[ info ] [ PARAM ] array (
)
[ info ] [ SESSION ] INIT array (
  'id' => '',
  'var_session_id' => '',
  'prefix' => 'think',
  'type' => '',
  'auto_start' => true,
)
[ info ] [ DB ] INIT mysql
[ info ] [ RUN ] app\index\controller\Record->import[ D:\xampp\htdocs\wdl\application\index\controller\Record.php ]
[ info ] [ VIEW ] D:\xampp\htdocs\wdl\thinkphp\tpl\dispatch_jump.tpl [ array (
  0 => 'code',
  1 => 'msg',
  2 => 'data',
  3 => 'url',
  4 => 'wait',
) ]
[ info ] [ LOG ] INIT File
[ sql ] [ DB ] CONNECT:[ UseTime:0.000910s ] mysql:host=localhost;port=3306;dbname=ProjectRecord;charset=utf8
[ sql ] [ SQL ] SHOW COLUMNS FROM `company` [ RunTime:0.005038s ]
[ sql ] [ SQL ] SELECT `com_name` FROM `company` WHERE  `com_pid` = 0 [ RunTime:0.000435s ]
[ sql ] [ SQL ] SELECT `com_name` FROM `company` WHERE  `com_pid` = 0 [ RunTime:0.000370s ]
[ sql ] [ SQL ] SELECT `com_name` FROM `company` WHERE  `com_pid` = 0 [ RunTime:0.000317s ]
[ sql ] [ SQL ] SELECT `com_name` FROM `company` WHERE  `com_pid` = 0 [ RunTime:0.000287s ]
[ sql ] [ SQL ] SELECT `com_name` FROM `company` WHERE  `com_pid` = 0 [ RunTime:0.000293s ]
---------------------------------------------------------------
[ 2020-03-24T14:15:53+08:00 ] 127.0.0.1 GET /wdl/public/index/record/import.html
[ info ] 127.0.0.1/wdl/public/index/record/import.html [运行时间：0.026296s][吞吐率：38.03req/s] [内存消耗：3,101.75kb] [文件加载：56]
[ info ] [ LANG ] D:\xampp\htdocs\wdl\thinkphp\lang\zh-cn.php
[ info ] [ ROUTE ] array (
  'type' => 'module',
  'module' => 
  array (
    0 => 'index',
    1 => 'record',
    2 => 'import',
  ),
)
[ info ] [ HEADER ] array (
  'host' => '127.0.0.1',
  'connection' => 'keep-alive',
  'upgrade-insecure-requests' => '1',
  'user-agent' => 'Mozilla/5.0 (Windows NT 10.0; WOW64) AppleWebKit/537.36 (KHTML, like Gecko) Chrome/69.0.3497.100 Safari/537.36',
  'accept' => 'text/html,application/xhtml+xml,application/xml;q=0.9,image/webp,image/apng,*/*;q=0.8',
  'referer' => 'http://127.0.0.1/wdl/public/index/record/import.html',
  'accept-encoding' => 'gzip, deflate, br',
  'accept-language' => 'en-US,en;q=0.9,zh-CN;q=0.8,zh;q=0.7',
  'cookie' => 'csrftoken=eflFr6wRMJ9XRkbjagzmhsrhnOUETzUuqUCUOVGXLZaWHAsyTOGhVTo0Kpsr7Ydk; PHPSESSID=8knud1nv33ddi3t8btsiphoh45',
)
[ info ] [ PARAM ] array (
)
[ info ] [ SESSION ] INIT array (
  'id' => '',
  'var_session_id' => '',
  'prefix' => 'think',
  'type' => '',
  'auto_start' => true,
)
[ info ] [ DB ] INIT mysql
[ info ] [ RUN ] app\index\controller\Record->import[ D:\xampp\htdocs\wdl\application\index\controller\Record.php ]
[ info ] [ VIEW ] D:\xampp\htdocs\wdl\public/../application/index\view\record\import.html [ array (
  0 => 'data',
) ]
[ info ] [ LOG ] INIT File
