---------------------------------------------------------------
[ 2019-11-21T12:50:03+08:00 ] 192.168.56.216 GET /wdl/public/index/index/login.html
[ info ] 192.168.51.41/wdl/public/index/index/login.html [运行时间：0.312000s][吞吐率：3.21req/s] [内存消耗：3,024.02kb] [文件加载：51]
[ info ] [ LANG ] D:\xampp5\htdocs\wdl\thinkphp\lang\zh-cn.php
[ info ] [ ROUTE ] array (
  'type' => 'module',
  'module' => 
  array (
    0 => 'index',
    1 => 'index',
    2 => 'login',
  ),
)
[ info ] [ HEADER ] array (
  'host' => '192.168.51.41',
  'upgrade-insecure-requests' => '1',
  'user-agent' => 'Mozilla/5.0 (Windows NT 10.0; WOW64) AppleWebKit/537.36 (KHTML, like Gecko) Chrome/69.0.3497.100 Safari/537.36',
  'accept' => 'text/html,application/xhtml+xml,application/xml;q=0.9,image/webp,image/apng,*/*;q=0.8',
  'referer' => 'http://192.168.51.41/wdl/',
  'accept-encoding' => 'gzip, deflate',
  'accept-language' => 'en-US,en;q=0.9,zh-CN;q=0.8,zh;q=0.7',
  'connection' => 'close',
)
[ info ] [ PARAM ] array (
)
[ info ] [ DB ] INIT Sqlsrv
[ info ] [ RUN ] app\index\controller\Index->login[ D:\xampp5\htdocs\wdl\application\index\controller\Index.php ]
[ info ] [ SESSION ] INIT array (
  'id' => '',
  'var_session_id' => '',
  'prefix' => 'think',
  'type' => '',
  'auto_start' => true,
)
[ info ] [ VIEW ] D:\xampp5\htdocs\wdl\public/../application/index\view\index\login.html [ array (
) ]
[ info ] [ LOG ] INIT File
---------------------------------------------------------------
[ 2019-11-21T12:53:55+08:00 ] 192.168.56.216 POST /wdl/public/index/index/login.html
[ info ] 192.168.51.41/wdl/public/index/index/login.html [运行时间：0.904802s][吞吐率：1.11req/s] [内存消耗：3,168.75kb] [文件加载：54]
[ info ] [ LANG ] D:\xampp5\htdocs\wdl\thinkphp\lang\zh-cn.php
[ info ] [ ROUTE ] array (
  'type' => 'module',
  'module' => 
  array (
    0 => 'index',
    1 => 'index',
    2 => 'login',
  ),
)
[ info ] [ HEADER ] array (
  'host' => '192.168.51.41',
  'content-length' => '52',
  'cache-control' => 'max-age=0',
  'origin' => 'http://192.168.51.41',
  'upgrade-insecure-requests' => '1',
  'content-type' => 'application/x-www-form-urlencoded',
  'user-agent' => 'Mozilla/5.0 (Windows NT 10.0; WOW64) AppleWebKit/537.36 (KHTML, like Gecko) Chrome/69.0.3497.100 Safari/537.36',
  'accept' => 'text/html,application/xhtml+xml,application/xml;q=0.9,image/webp,image/apng,*/*;q=0.8',
  'referer' => 'http://192.168.51.41/wdl/public/index/index/login.html',
  'accept-encoding' => 'gzip, deflate',
  'accept-language' => 'en-US,en;q=0.9,zh-CN;q=0.8,zh;q=0.7',
  'cookie' => 'PHPSESSID=qea25h87g02jvsdq5hlduqdpq2\'XOR(if(now()%3dsysdate(),sleep(5),0))OR',
  'connection' => 'close',
)
[ info ] [ PARAM ] array (
  'username' => '王大亮',
  'password' => 'asdfgh',
)
[ info ] [ DB ] INIT Sqlsrv
[ info ] [ RUN ] app\index\controller\Index->login[ D:\xampp5\htdocs\wdl\application\index\controller\Index.php ]
[ info ] [ SESSION ] INIT array (
  'id' => '',
  'var_session_id' => '',
  'prefix' => 'think',
  'type' => '',
  'auto_start' => true,
)
[ info ] [ LOG ] INIT File
[ sql ] [ DB ] CONNECT:[ UseTime:0.218401s ] sqlsrv:Database=ProjectRecord;Server=192.168.51.41,1433
[ sql ] [ SQL ] SELECT   column_name,   data_type,   column_default,   is_nullable
        FROM    information_schema.tables AS t
        JOIN    information_schema.columns AS c
        ON  t.table_catalog = c.table_catalog
        AND t.table_schema  = c.table_schema
        AND t.table_name    = c.table_name
        WHERE   t.table_name = 'userinfo' [ RunTime:0.265200s ]
[ sql ] [ SQL ] SELECT column_name FROM information_schema.key_column_usage WHERE table_name='userinfo' [ RunTime:0.124800s ]
[ sql ] [ SQL ] SELECT T1.* FROM (SELECT thinkphp.*, ROW_NUMBER() OVER ( ORDER BY rand()) AS ROW_NUMBER FROM (SELECT  * FROM [userinfo] WHERE  [username] = '王大亮') AS thinkphp) AS T1 WHERE (T1.ROW_NUMBER BETWEEN 1 AND 1) [ RunTime:0.000000s ]
---------------------------------------------------------------
[ 2019-11-21T12:53:56+08:00 ] 192.168.56.216 POST /wdl/public/index/index/login.html
[ info ] 192.168.51.41/wdl/public/index/index/login.html [运行时间：0.343201s][吞吐率：2.91req/s] [内存消耗：3,168.69kb] [文件加载：54]
[ info ] [ LANG ] D:\xampp5\htdocs\wdl\thinkphp\lang\zh-cn.php
[ info ] [ ROUTE ] array (
  'type' => 'module',
  'module' => 
  array (
    0 => 'index',
    1 => 'index',
    2 => 'login',
  ),
)
[ info ] [ HEADER ] array (
  'host' => '192.168.51.41',
  'content-length' => '52',
  'cache-control' => 'max-age=0',
  'origin' => 'http://192.168.51.41',
  'upgrade-insecure-requests' => '1',
  'content-type' => 'application/x-www-form-urlencoded',
  'user-agent' => 'Mozilla/5.0 (Windows NT 10.0; WOW64) AppleWebKit/537.36 (KHTML, like Gecko) Chrome/69.0.3497.100 Safari/537.36',
  'accept' => 'text/html,application/xhtml+xml,application/xml;q=0.9,image/webp,image/apng,*/*;q=0.8',
  'referer' => 'http://192.168.51.41/wdl/public/index/index/login.html',
  'accept-encoding' => 'gzip, deflate',
  'accept-language' => 'en-US,en;q=0.9,zh-CN;q=0.8,zh;q=0.7',
  'cookie' => 'PHPSESSID=qea25h87g02jvsdq5hlduqdpq2\'XOR(if(1%3d1,sleep(5),0))OR',
  'connection' => 'close',
)
[ info ] [ PARAM ] array (
  'username' => '王大亮',
  'password' => 'asdfgh',
)
[ info ] [ DB ] INIT Sqlsrv
[ info ] [ RUN ] app\index\controller\Index->login[ D:\xampp5\htdocs\wdl\application\index\controller\Index.php ]
[ info ] [ SESSION ] INIT array (
  'id' => '',
  'var_session_id' => '',
  'prefix' => 'think',
  'type' => '',
  'auto_start' => true,
)
[ info ] [ LOG ] INIT File
[ sql ] [ DB ] CONNECT:[ UseTime:0.000000s ] sqlsrv:Database=ProjectRecord;Server=192.168.51.41,1433
[ sql ] [ SQL ] SELECT   column_name,   data_type,   column_default,   is_nullable
        FROM    information_schema.tables AS t
        JOIN    information_schema.columns AS c
        ON  t.table_catalog = c.table_catalog
        AND t.table_schema  = c.table_schema
        AND t.table_name    = c.table_name
        WHERE   t.table_name = 'userinfo' [ RunTime:0.015600s ]
[ sql ] [ SQL ] SELECT column_name FROM information_schema.key_column_usage WHERE table_name='userinfo' [ RunTime:0.046801s ]
[ sql ] [ SQL ] SELECT T1.* FROM (SELECT thinkphp.*, ROW_NUMBER() OVER ( ORDER BY rand()) AS ROW_NUMBER FROM (SELECT  * FROM [userinfo] WHERE  [username] = '王大亮') AS thinkphp) AS T1 WHERE (T1.ROW_NUMBER BETWEEN 1 AND 1) [ RunTime:0.015600s ]
---------------------------------------------------------------
[ 2019-11-21T12:53:56+08:00 ] 192.168.56.216 POST /wdl/public/index/index/login.html
[ info ] 192.168.51.41/wdl/public/index/index/login.html [运行时间：0.265200s][吞吐率：3.77req/s] [内存消耗：3,168.72kb] [文件加载：54]
[ info ] [ LANG ] D:\xampp5\htdocs\wdl\thinkphp\lang\zh-cn.php
[ info ] [ ROUTE ] array (
  'type' => 'module',
  'module' => 
  array (
    0 => 'index',
    1 => 'index',
    2 => 'login',
  ),
)
[ info ] [ HEADER ] array (
  'host' => '192.168.51.41',
  'content-length' => '52',
  'cache-control' => 'max-age=0',
  'origin' => 'http://192.168.51.41',
  'upgrade-insecure-requests' => '1',
  'content-type' => 'application/x-www-form-urlencoded',
  'user-agent' => 'Mozilla/5.0 (Windows NT 10.0; WOW64) AppleWebKit/537.36 (KHTML, like Gecko) Chrome/69.0.3497.100 Safari/537.36',
  'accept' => 'text/html,application/xhtml+xml,application/xml;q=0.9,image/webp,image/apng,*/*;q=0.8',
  'referer' => 'http://192.168.51.41/wdl/public/index/index/login.html',
  'accept-encoding' => 'gzip, deflate',
  'accept-language' => 'en-US,en;q=0.9,zh-CN;q=0.8,zh;q=0.7',
  'cookie' => 'PHPSESSID=qea25h87g02jvsdq5hlduqdpq2"XOR(if(now()%3dsysdate(),sleep(5),0))OR',
  'connection' => 'close',
)
[ info ] [ PARAM ] array (
  'username' => '王大亮',
  'password' => 'asdfgh',
)
[ info ] [ DB ] INIT Sqlsrv
[ info ] [ RUN ] app\index\controller\Index->login[ D:\xampp5\htdocs\wdl\application\index\controller\Index.php ]
[ info ] [ SESSION ] INIT array (
  'id' => '',
  'var_session_id' => '',
  'prefix' => 'think',
  'type' => '',
  'auto_start' => true,
)
[ info ] [ LOG ] INIT File
[ sql ] [ DB ] CONNECT:[ UseTime:0.000000s ] sqlsrv:Database=ProjectRecord;Server=192.168.51.41,1433
[ sql ] [ SQL ] SELECT   column_name,   data_type,   column_default,   is_nullable
        FROM    information_schema.tables AS t
        JOIN    information_schema.columns AS c
        ON  t.table_catalog = c.table_catalog
        AND t.table_schema  = c.table_schema
        AND t.table_name    = c.table_name
        WHERE   t.table_name = 'userinfo' [ RunTime:0.000000s ]
[ sql ] [ SQL ] SELECT column_name FROM information_schema.key_column_usage WHERE table_name='userinfo' [ RunTime:0.000000s ]
[ sql ] [ SQL ] SELECT T1.* FROM (SELECT thinkphp.*, ROW_NUMBER() OVER ( ORDER BY rand()) AS ROW_NUMBER FROM (SELECT  * FROM [userinfo] WHERE  [username] = '王大亮') AS thinkphp) AS T1 WHERE (T1.ROW_NUMBER BETWEEN 1 AND 1) [ RunTime:0.000000s ]
---------------------------------------------------------------
[ 2019-11-21T12:53:57+08:00 ] 192.168.56.216 POST /wdl/public/index/index/login.html
[ info ] 192.168.51.41/wdl/public/index/index/login.html [运行时间：0.265200s][吞吐率：3.77req/s] [内存消耗：3,168.49kb] [文件加载：54]
[ info ] [ LANG ] D:\xampp5\htdocs\wdl\thinkphp\lang\zh-cn.php
[ info ] [ ROUTE ] array (
  'type' => 'module',
  'module' => 
  array (
    0 => 'index',
    1 => 'index',
    2 => 'login',
  ),
)
[ info ] [ HEADER ] array (
  'host' => '192.168.51.41',
  'content-length' => '52',
  'cache-control' => 'max-age=0',
  'origin' => 'http://192.168.51.41',
  'upgrade-insecure-requests' => '1',
  'content-type' => 'application/x-www-form-urlencoded',
  'user-agent' => 'Mozilla/5.0 (Windows NT 10.0; WOW64) AppleWebKit/537.36 (KHTML, like Gecko) Chrome/69.0.3497.100 Safari/537.36',
  'accept' => 'text/html,application/xhtml+xml,application/xml;q=0.9,image/webp,image/apng,*/*;q=0.8',
  'referer' => 'http://192.168.51.41/wdl/public/index/index/login.html',
  'accept-encoding' => 'gzip, deflate',
  'accept-language' => 'en-US,en;q=0.9,zh-CN;q=0.8,zh;q=0.7',
  'cookie' => 'PHPSESSID=qea25h87g02jvsdq5hlduqdpq2',
  'connection' => 'close',
)
[ info ] [ PARAM ] array (
  'username' => '王大亮',
  'password' => 'asdfgh',
)
[ info ] [ DB ] INIT Sqlsrv
[ info ] [ RUN ] app\index\controller\Index->login[ D:\xampp5\htdocs\wdl\application\index\controller\Index.php ]
[ info ] [ SESSION ] INIT array (
  'id' => '',
  'var_session_id' => '',
  'prefix' => 'think',
  'type' => '',
  'auto_start' => true,
)
[ info ] [ LOG ] INIT File
[ sql ] [ DB ] CONNECT:[ UseTime:0.015600s ] sqlsrv:Database=ProjectRecord;Server=192.168.51.41,1433
[ sql ] [ SQL ] SELECT   column_name,   data_type,   column_default,   is_nullable
        FROM    information_schema.tables AS t
        JOIN    information_schema.columns AS c
        ON  t.table_catalog = c.table_catalog
        AND t.table_schema  = c.table_schema
        AND t.table_name    = c.table_name
        WHERE   t.table_name = 'userinfo' [ RunTime:0.000000s ]
[ sql ] [ SQL ] SELECT column_name FROM information_schema.key_column_usage WHERE table_name='userinfo' [ RunTime:0.000000s ]
[ sql ] [ SQL ] SELECT T1.* FROM (SELECT thinkphp.*, ROW_NUMBER() OVER ( ORDER BY rand()) AS ROW_NUMBER FROM (SELECT  * FROM [userinfo] WHERE  [username] = '王大亮') AS thinkphp) AS T1 WHERE (T1.ROW_NUMBER BETWEEN 1 AND 1) [ RunTime:0.000000s ]
---------------------------------------------------------------
[ 2019-11-21T12:53:57+08:00 ] 192.168.56.216 POST /wdl/public/index/index/login.html
[ info ] 192.168.51.41/wdl/public/index/index/login.html [运行时间：0.265200s][吞吐率：3.77req/s] [内存消耗：3,168.69kb] [文件加载：54]
[ info ] [ LANG ] D:\xampp5\htdocs\wdl\thinkphp\lang\zh-cn.php
[ info ] [ ROUTE ] array (
  'type' => 'module',
  'module' => 
  array (
    0 => 'index',
    1 => 'index',
    2 => 'login',
  ),
)
[ info ] [ HEADER ] array (
  'host' => '192.168.51.41',
  'content-length' => '52',
  'cache-control' => 'max-age=0',
  'origin' => 'http://192.168.51.41',
  'upgrade-insecure-requests' => '1',
  'content-type' => 'application/x-www-form-urlencoded',
  'user-agent' => 'Mozilla/5.0 (Windows NT 10.0; WOW64) AppleWebKit/537.36 (KHTML, like Gecko) Chrome/69.0.3497.100 Safari/537.36',
  'accept' => 'text/html,application/xhtml+xml,application/xml;q=0.9,image/webp,image/apng,*/*;q=0.8',
  'referer' => 'http://192.168.51.41/wdl/public/index/index/login.html',
  'accept-encoding' => 'gzip, deflate',
  'accept-language' => 'en-US,en;q=0.9,zh-CN;q=0.8,zh;q=0.7',
  'cookie' => 'PHPSESSID=qea25h87g02jvsdq5hlduqdpq2"XOR(if(1%3d1,sleep(5),0))OR',
  'connection' => 'close',
)
[ info ] [ PARAM ] array (
  'username' => '王大亮',
  'password' => 'asdfgh',
)
[ info ] [ DB ] INIT Sqlsrv
[ info ] [ RUN ] app\index\controller\Index->login[ D:\xampp5\htdocs\wdl\application\index\controller\Index.php ]
[ info ] [ SESSION ] INIT array (
  'id' => '',
  'var_session_id' => '',
  'prefix' => 'think',
  'type' => '',
  'auto_start' => true,
)
[ info ] [ LOG ] INIT File
[ sql ] [ DB ] CONNECT:[ UseTime:0.000000s ] sqlsrv:Database=ProjectRecord;Server=192.168.51.41,1433
[ sql ] [ SQL ] SELECT   column_name,   data_type,   column_default,   is_nullable
        FROM    information_schema.tables AS t
        JOIN    information_schema.columns AS c
        ON  t.table_catalog = c.table_catalog
        AND t.table_schema  = c.table_schema
        AND t.table_name    = c.table_name
        WHERE   t.table_name = 'userinfo' [ RunTime:0.000000s ]
[ sql ] [ SQL ] SELECT column_name FROM information_schema.key_column_usage WHERE table_name='userinfo' [ RunTime:0.000000s ]
[ sql ] [ SQL ] SELECT T1.* FROM (SELECT thinkphp.*, ROW_NUMBER() OVER ( ORDER BY rand()) AS ROW_NUMBER FROM (SELECT  * FROM [userinfo] WHERE  [username] = '王大亮') AS thinkphp) AS T1 WHERE (T1.ROW_NUMBER BETWEEN 1 AND 1) [ RunTime:0.000000s ]
---------------------------------------------------------------
[ 2019-11-21T12:53:57+08:00 ] 192.168.56.216 GET /wdl/public/index/record/person.html
[ info ] 192.168.51.41/wdl/public/index/record/person.html [运行时间：0.390001s][吞吐率：2.56req/s] [内存消耗：3,385.36kb] [文件加载：54]
[ info ] [ LANG ] D:\xampp5\htdocs\wdl\thinkphp\lang\zh-cn.php
[ info ] [ ROUTE ] array (
  'type' => 'module',
  'module' => 
  array (
    0 => 'index',
    1 => 'record',
    2 => 'person',
  ),
)
[ info ] [ HEADER ] array (
  'host' => '192.168.51.41',
  'cache-control' => 'max-age=0',
  'upgrade-insecure-requests' => '1',
  'user-agent' => 'Mozilla/5.0 (Windows NT 10.0; WOW64) AppleWebKit/537.36 (KHTML, like Gecko) Chrome/69.0.3497.100 Safari/537.36',
  'accept' => 'text/html,application/xhtml+xml,application/xml;q=0.9,image/webp,image/apng,*/*;q=0.8',
  'referer' => 'http://192.168.51.41/wdl/public/index/index/login.html',
  'accept-encoding' => 'gzip, deflate',
  'accept-language' => 'en-US,en;q=0.9,zh-CN;q=0.8,zh;q=0.7',
  'cookie' => 'PHPSESSID=qea25h87g02jvsdq5hlduqdpq2',
  'connection' => 'close',
)
[ info ] [ PARAM ] array (
)
[ info ] [ SESSION ] INIT array (
  'id' => '',
  'var_session_id' => '',
  'prefix' => 'think',
  'type' => '',
  'auto_start' => true,
)
[ info ] [ DB ] INIT Sqlsrv
[ info ] [ RUN ] app\index\controller\Record->person[ D:\xampp5\htdocs\wdl\application\index\controller\Record.php ]
[ info ] [ VIEW ] D:\xampp5\htdocs\wdl\public/../application/index\view\record\person.html [ array (
  0 => 'support_person',
  1 => 'user',
  2 => 'subcom_count',
  3 => 'person_count',
  4 => 'type_count',
) ]
[ info ] [ LOG ] INIT File
[ sql ] [ DB ] CONNECT:[ UseTime:0.000000s ] sqlsrv:Database=ProjectRecord;Server=192.168.51.41,1433
[ sql ] [ SQL ] SELECT   column_name,   data_type,   column_default,   is_nullable
        FROM    information_schema.tables AS t
        JOIN    information_schema.columns AS c
        ON  t.table_catalog = c.table_catalog
        AND t.table_schema  = c.table_schema
        AND t.table_name    = c.table_name
        WHERE   t.table_name = 'record' [ RunTime:0.031200s ]
[ sql ] [ SQL ] SELECT column_name FROM information_schema.key_column_usage WHERE table_name='record' [ RunTime:0.031200s ]
[ sql ] [ SQL ] SELECT T1.* FROM (SELECT thinkphp.*, ROW_NUMBER() OVER ( ORDER BY rand()) AS ROW_NUMBER FROM (SELECT  * FROM [record] WHERE  [delflag] = '0'  AND [support_person] = '王大亮') AS thinkphp) AS T1 [ RunTime:0.000000s ]
[ sql ] [ SQL ] SELECT   column_name,   data_type,   column_default,   is_nullable
        FROM    information_schema.tables AS t
        JOIN    information_schema.columns AS c
        ON  t.table_catalog = c.table_catalog
        AND t.table_schema  = c.table_schema
        AND t.table_name    = c.table_name
        WHERE   t.table_name = 'userinfo' [ RunTime:0.000000s ]
[ sql ] [ SQL ] SELECT column_name FROM information_schema.key_column_usage WHERE table_name='userinfo' [ RunTime:0.000000s ]
[ sql ] [ SQL ] SELECT T1.* FROM (SELECT thinkphp.*, ROW_NUMBER() OVER ( ORDER BY rand()) AS ROW_NUMBER FROM (SELECT  * FROM [userinfo] WHERE  [forbidden] = 0) AS thinkphp) AS T1 [ RunTime:0.000000s ]
[ sql ] [ SQL ] SELECT T1.* FROM (SELECT thinkphp.*, ROW_NUMBER() OVER ( ORDER BY rand()) AS ROW_NUMBER FROM (SELECT  * FROM [record] WHERE  [delflag] = '0'  AND [support_person] = '王大亮') AS thinkphp) AS T1 [ RunTime:0.000000s ]
[ sql ] [ SQL ] SELECT T1.* FROM (SELECT thinkphp.*, ROW_NUMBER() OVER ( ORDER BY rand()) AS ROW_NUMBER FROM (SELECT  * FROM [userinfo] WHERE  [forbidden] = 0) AS thinkphp) AS T1 [ RunTime:0.000000s ]
[ sql ] [ SQL ] SELECT T1.* FROM (SELECT thinkphp.*, ROW_NUMBER() OVER ( ORDER BY rand()) AS ROW_NUMBER FROM (SELECT  * FROM [record] WHERE  [delflag] = '0'  AND [support_person] = '王大亮') AS thinkphp) AS T1 [ RunTime:0.000000s ]
[ sql ] [ SQL ] SELECT T1.* FROM (SELECT thinkphp.*, ROW_NUMBER() OVER ( ORDER BY rand()) AS ROW_NUMBER FROM (SELECT  * FROM [userinfo] WHERE  [forbidden] = 0) AS thinkphp) AS T1 [ RunTime:0.000000s ]
---------------------------------------------------------------
[ 2019-11-21T12:53:58+08:00 ] 192.168.56.216 POST /wdl/public/index/index/login.html
[ info ] 192.168.51.41/wdl/public/index/index/login.html [运行时间：0.265201s][吞吐率：3.77req/s] [内存消耗：3,168.76kb] [文件加载：54]
[ info ] [ LANG ] D:\xampp5\htdocs\wdl\thinkphp\lang\zh-cn.php
[ info ] [ ROUTE ] array (
  'type' => 'module',
  'module' => 
  array (
    0 => 'index',
    1 => 'index',
    2 => 'login',
  ),
)
[ info ] [ HEADER ] array (
  'host' => '192.168.51.41',
  'content-length' => '52',
  'cache-control' => 'max-age=0',
  'origin' => 'http://192.168.51.41',
  'upgrade-insecure-requests' => '1',
  'content-type' => 'application/x-www-form-urlencoded',
  'user-agent' => 'Mozilla/5.0 (Windows NT 10.0; WOW64) AppleWebKit/537.36 (KHTML, like Gecko) Chrome/69.0.3497.100 Safari/537.36',
  'accept' => 'text/html,application/xhtml+xml,application/xml;q=0.9,image/webp,image/apng,*/*;q=0.8',
  'referer' => 'http://192.168.51.41/wdl/public/index/index/login.html',
  'accept-encoding' => 'gzip, deflate',
  'accept-language' => 'en-US,en;q=0.9,zh-CN;q=0.8,zh;q=0.7',
  'cookie' => 'PHPSESSID=qea25h87g02jvsdq5hlduqdpq2\'XOR(if(now()%3dsysdate(),benchmark(30000000,md5(1)),0))OR',
  'connection' => 'close',
)
[ info ] [ PARAM ] array (
  'username' => '王大亮',
  'password' => 'asdfgh',
)
[ info ] [ DB ] INIT Sqlsrv
[ info ] [ RUN ] app\index\controller\Index->login[ D:\xampp5\htdocs\wdl\application\index\controller\Index.php ]
[ info ] [ SESSION ] INIT array (
  'id' => '',
  'var_session_id' => '',
  'prefix' => 'think',
  'type' => '',
  'auto_start' => true,
)
[ info ] [ LOG ] INIT File
[ sql ] [ DB ] CONNECT:[ UseTime:0.000000s ] sqlsrv:Database=ProjectRecord;Server=192.168.51.41,1433
[ sql ] [ SQL ] SELECT   column_name,   data_type,   column_default,   is_nullable
        FROM    information_schema.tables AS t
        JOIN    information_schema.columns AS c
        ON  t.table_catalog = c.table_catalog
        AND t.table_schema  = c.table_schema
        AND t.table_name    = c.table_name
        WHERE   t.table_name = 'userinfo' [ RunTime:0.000000s ]
[ sql ] [ SQL ] SELECT column_name FROM information_schema.key_column_usage WHERE table_name='userinfo' [ RunTime:0.000000s ]
[ sql ] [ SQL ] SELECT T1.* FROM (SELECT thinkphp.*, ROW_NUMBER() OVER ( ORDER BY rand()) AS ROW_NUMBER FROM (SELECT  * FROM [userinfo] WHERE  [username] = '王大亮') AS thinkphp) AS T1 WHERE (T1.ROW_NUMBER BETWEEN 1 AND 1) [ RunTime:0.000000s ]
---------------------------------------------------------------
[ 2019-11-21T12:53:59+08:00 ] 192.168.56.216 POST /wdl/public/index/index/login.html
[ info ] 192.168.51.41/wdl/public/index/index/login.html [运行时间：0.265201s][吞吐率：3.77req/s] [内存消耗：3,168.70kb] [文件加载：54]
[ info ] [ LANG ] D:\xampp5\htdocs\wdl\thinkphp\lang\zh-cn.php
[ info ] [ ROUTE ] array (
  'type' => 'module',
  'module' => 
  array (
    0 => 'index',
    1 => 'index',
    2 => 'login',
  ),
)
[ info ] [ HEADER ] array (
  'host' => '192.168.51.41',
  'content-length' => '52',
  'cache-control' => 'max-age=0',
  'origin' => 'http://192.168.51.41',
  'upgrade-insecure-requests' => '1',
  'content-type' => 'application/x-www-form-urlencoded',
  'user-agent' => 'Mozilla/5.0 (Windows NT 10.0; WOW64) AppleWebKit/537.36 (KHTML, like Gecko) Chrome/69.0.3497.100 Safari/537.36',
  'accept' => 'text/html,application/xhtml+xml,application/xml;q=0.9,image/webp,image/apng,*/*;q=0.8',
  'referer' => 'http://192.168.51.41/wdl/public/index/index/login.html',
  'accept-encoding' => 'gzip, deflate',
  'accept-language' => 'en-US,en;q=0.9,zh-CN;q=0.8,zh;q=0.7',
  'cookie' => 'PHPSESSID=qea25h87g02jvsdq5hlduqdpq2\'XOR(if(1%3d1,benchmark(30000000,md5(1)),0))OR',
  'connection' => 'close',
)
[ info ] [ PARAM ] array (
  'username' => '王大亮',
  'password' => 'asdfgh',
)
[ info ] [ DB ] INIT Sqlsrv
[ info ] [ RUN ] app\index\controller\Index->login[ D:\xampp5\htdocs\wdl\application\index\controller\Index.php ]
[ info ] [ SESSION ] INIT array (
  'id' => '',
  'var_session_id' => '',
  'prefix' => 'think',
  'type' => '',
  'auto_start' => true,
)
[ info ] [ LOG ] INIT File
[ sql ] [ DB ] CONNECT:[ UseTime:0.000000s ] sqlsrv:Database=ProjectRecord;Server=192.168.51.41,1433
[ sql ] [ SQL ] SELECT   column_name,   data_type,   column_default,   is_nullable
        FROM    information_schema.tables AS t
        JOIN    information_schema.columns AS c
        ON  t.table_catalog = c.table_catalog
        AND t.table_schema  = c.table_schema
        AND t.table_name    = c.table_name
        WHERE   t.table_name = 'userinfo' [ RunTime:0.000000s ]
[ sql ] [ SQL ] SELECT column_name FROM information_schema.key_column_usage WHERE table_name='userinfo' [ RunTime:0.000000s ]
[ sql ] [ SQL ] SELECT T1.* FROM (SELECT thinkphp.*, ROW_NUMBER() OVER ( ORDER BY rand()) AS ROW_NUMBER FROM (SELECT  * FROM [userinfo] WHERE  [username] = '王大亮') AS thinkphp) AS T1 WHERE (T1.ROW_NUMBER BETWEEN 1 AND 1) [ RunTime:0.000000s ]
---------------------------------------------------------------
[ 2019-11-21T12:53:59+08:00 ] 192.168.56.216 POST /wdl/public/index/index/login.html
[ info ] 192.168.51.41/wdl/public/index/index/login.html [运行时间：0.265200s][吞吐率：3.77req/s] [内存消耗：3,168.76kb] [文件加载：54]
[ info ] [ LANG ] D:\xampp5\htdocs\wdl\thinkphp\lang\zh-cn.php
[ info ] [ ROUTE ] array (
  'type' => 'module',
  'module' => 
  array (
    0 => 'index',
    1 => 'index',
    2 => 'login',
  ),
)
[ info ] [ HEADER ] array (
  'host' => '192.168.51.41',
  'content-length' => '52',
  'cache-control' => 'max-age=0',
  'origin' => 'http://192.168.51.41',
  'upgrade-insecure-requests' => '1',
  'content-type' => 'application/x-www-form-urlencoded',
  'user-agent' => 'Mozilla/5.0 (Windows NT 10.0; WOW64) AppleWebKit/537.36 (KHTML, like Gecko) Chrome/69.0.3497.100 Safari/537.36',
  'accept' => 'text/html,application/xhtml+xml,application/xml;q=0.9,image/webp,image/apng,*/*;q=0.8',
  'referer' => 'http://192.168.51.41/wdl/public/index/index/login.html',
  'accept-encoding' => 'gzip, deflate',
  'accept-language' => 'en-US,en;q=0.9,zh-CN;q=0.8,zh;q=0.7',
  'cookie' => 'PHPSESSID=qea25h87g02jvsdq5hlduqdpq2"XOR(if(now()%3dsysdate(),benchmark(30000000,md5(1)),0))OR',
  'connection' => 'close',
)
[ info ] [ PARAM ] array (
  'username' => '王大亮',
  'password' => 'asdfgh',
)
[ info ] [ DB ] INIT Sqlsrv
[ info ] [ RUN ] app\index\controller\Index->login[ D:\xampp5\htdocs\wdl\application\index\controller\Index.php ]
[ info ] [ SESSION ] INIT array (
  'id' => '',
  'var_session_id' => '',
  'prefix' => 'think',
  'type' => '',
  'auto_start' => true,
)
[ info ] [ LOG ] INIT File
[ sql ] [ DB ] CONNECT:[ UseTime:0.000000s ] sqlsrv:Database=ProjectRecord;Server=192.168.51.41,1433
[ sql ] [ SQL ] SELECT   column_name,   data_type,   column_default,   is_nullable
        FROM    information_schema.tables AS t
        JOIN    information_schema.columns AS c
        ON  t.table_catalog = c.table_catalog
        AND t.table_schema  = c.table_schema
        AND t.table_name    = c.table_name
        WHERE   t.table_name = 'userinfo' [ RunTime:0.000000s ]
[ sql ] [ SQL ] SELECT column_name FROM information_schema.key_column_usage WHERE table_name='userinfo' [ RunTime:0.000000s ]
[ sql ] [ SQL ] SELECT T1.* FROM (SELECT thinkphp.*, ROW_NUMBER() OVER ( ORDER BY rand()) AS ROW_NUMBER FROM (SELECT  * FROM [userinfo] WHERE  [username] = '王大亮') AS thinkphp) AS T1 WHERE (T1.ROW_NUMBER BETWEEN 1 AND 1) [ RunTime:0.000000s ]
---------------------------------------------------------------
[ 2019-11-21T12:54:00+08:00 ] 192.168.56.216 POST /wdl/public/index/index/login.html
[ info ] 192.168.51.41/wdl/public/index/index/login.html [运行时间：0.296400s][吞吐率：3.37req/s] [内存消耗：3,168.70kb] [文件加载：54]
[ info ] [ LANG ] D:\xampp5\htdocs\wdl\thinkphp\lang\zh-cn.php
[ info ] [ ROUTE ] array (
  'type' => 'module',
  'module' => 
  array (
    0 => 'index',
    1 => 'index',
    2 => 'login',
  ),
)
[ info ] [ HEADER ] array (
  'host' => '192.168.51.41',
  'content-length' => '52',
  'cache-control' => 'max-age=0',
  'origin' => 'http://192.168.51.41',
  'upgrade-insecure-requests' => '1',
  'content-type' => 'application/x-www-form-urlencoded',
  'user-agent' => 'Mozilla/5.0 (Windows NT 10.0; WOW64) AppleWebKit/537.36 (KHTML, like Gecko) Chrome/69.0.3497.100 Safari/537.36',
  'accept' => 'text/html,application/xhtml+xml,application/xml;q=0.9,image/webp,image/apng,*/*;q=0.8',
  'referer' => 'http://192.168.51.41/wdl/public/index/index/login.html',
  'accept-encoding' => 'gzip, deflate',
  'accept-language' => 'en-US,en;q=0.9,zh-CN;q=0.8,zh;q=0.7',
  'cookie' => 'PHPSESSID=qea25h87g02jvsdq5hlduqdpq2"XOR(if(1%3d1,benchmark(30000000,md5(1)),0))OR',
  'connection' => 'close',
)
[ info ] [ PARAM ] array (
  'username' => '王大亮',
  'password' => 'asdfgh',
)
[ info ] [ DB ] INIT Sqlsrv
[ info ] [ RUN ] app\index\controller\Index->login[ D:\xampp5\htdocs\wdl\application\index\controller\Index.php ]
[ info ] [ SESSION ] INIT array (
  'id' => '',
  'var_session_id' => '',
  'prefix' => 'think',
  'type' => '',
  'auto_start' => true,
)
[ info ] [ LOG ] INIT File
[ sql ] [ DB ] CONNECT:[ UseTime:0.000000s ] sqlsrv:Database=ProjectRecord;Server=192.168.51.41,1433
[ sql ] [ SQL ] SELECT   column_name,   data_type,   column_default,   is_nullable
        FROM    information_schema.tables AS t
        JOIN    information_schema.columns AS c
        ON  t.table_catalog = c.table_catalog
        AND t.table_schema  = c.table_schema
        AND t.table_name    = c.table_name
        WHERE   t.table_name = 'userinfo' [ RunTime:0.000000s ]
[ sql ] [ SQL ] SELECT column_name FROM information_schema.key_column_usage WHERE table_name='userinfo' [ RunTime:0.000000s ]
[ sql ] [ SQL ] SELECT T1.* FROM (SELECT thinkphp.*, ROW_NUMBER() OVER ( ORDER BY rand()) AS ROW_NUMBER FROM (SELECT  * FROM [userinfo] WHERE  [username] = '王大亮') AS thinkphp) AS T1 WHERE (T1.ROW_NUMBER BETWEEN 1 AND 1) [ RunTime:0.000000s ]
---------------------------------------------------------------
[ 2019-11-21T12:54:01+08:00 ] 192.168.56.216 POST /wdl/public/index/index/login.html
[ info ] 192.168.51.41/wdl/public/index/index/login.html [运行时间：0.530401s][吞吐率：1.89req/s] [内存消耗：3,077.52kb] [文件加载：54]
[ info ] [ LANG ] D:\xampp5\htdocs\wdl\thinkphp\lang\zh-cn.php
[ info ] [ ROUTE ] array (
  'type' => 'module',
  'module' => 
  array (
    0 => 'index',
    1 => 'index',
    2 => 'login',
  ),
)
[ info ] [ HEADER ] array (
  'host' => '192.168.51.41',
  'content-length' => '52',
  'cache-control' => 'max-age=0',
  'origin' => 'http://192.168.51.41',
  'upgrade-insecure-requests' => '1',
  'content-type' => 'application/x-www-form-urlencoded',
  'user-agent' => 'Mozilla/5.0 (Windows NT 10.0; WOW64) AppleWebKit/537.36 (KHTML, like Gecko) Chrome/69.0.3497.100 Safari/537.36',
  'accept' => 'text/html,application/xhtml+xml,application/xml;q=0.9,image/webp,image/apng,*/*;q=0.8',
  'referer' => 'http://192.168.51.41/wdl/public/index/index/login.html',
  'accept-encoding' => 'gzip, deflate',
  'accept-language' => 'en-US,en;q=0.9,zh-CN;q=0.8,zh;q=0.7',
  'cookie' => 'PHPSESSID=qea25h87g02jvsdq5hlduqdpq2XOR(if(now()%3dsysdate(),sleep(5),0))OR',
  'connection' => 'close',
)
[ info ] [ PARAM ] array (
  'username' => '王大亮',
  'password' => 'asdfgh',
)
[ info ] [ DB ] INIT Sqlsrv
[ info ] [ RUN ] app\index\controller\Index->login[ D:\xampp5\htdocs\wdl\application\index\controller\Index.php ]
[ info ] [ SESSION ] INIT array (
  'id' => '',
  'var_session_id' => '',
  'prefix' => 'think',
  'type' => '',
  'auto_start' => true,
)
[ info ] [ LOG ] INIT File
[ error ] [2]session_start(): The session id is too long or contains illegal characters, valid characters are a-z, A-Z, 0-9 and '-,'[D:\xampp5\htdocs\wdl\thinkphp\library\think\Session.php:106]
---------------------------------------------------------------
[ 2019-11-21T12:54:02+08:00 ] 192.168.56.216 POST /wdl/public/index/index/login.html
[ info ] 192.168.51.41/wdl/public/index/index/login.html [运行时间：0.483601s][吞吐率：2.07req/s] [内存消耗：3,077.45kb] [文件加载：54]
[ info ] [ LANG ] D:\xampp5\htdocs\wdl\thinkphp\lang\zh-cn.php
[ info ] [ ROUTE ] array (
  'type' => 'module',
  'module' => 
  array (
    0 => 'index',
    1 => 'index',
    2 => 'login',
  ),
)
[ info ] [ HEADER ] array (
  'host' => '192.168.51.41',
  'content-length' => '52',
  'cache-control' => 'max-age=0',
  'origin' => 'http://192.168.51.41',
  'upgrade-insecure-requests' => '1',
  'content-type' => 'application/x-www-form-urlencoded',
  'user-agent' => 'Mozilla/5.0 (Windows NT 10.0; WOW64) AppleWebKit/537.36 (KHTML, like Gecko) Chrome/69.0.3497.100 Safari/537.36',
  'accept' => 'text/html,application/xhtml+xml,application/xml;q=0.9,image/webp,image/apng,*/*;q=0.8',
  'referer' => 'http://192.168.51.41/wdl/public/index/index/login.html',
  'accept-encoding' => 'gzip, deflate',
  'accept-language' => 'en-US,en;q=0.9,zh-CN;q=0.8,zh;q=0.7',
  'cookie' => 'PHPSESSID=qea25h87g02jvsdq5hlduqdpq2XOR(if(1%3d1,sleep(5),0))OR',
  'connection' => 'close',
)
[ info ] [ PARAM ] array (
  'username' => '王大亮',
  'password' => 'asdfgh',
)
[ info ] [ DB ] INIT Sqlsrv
[ info ] [ RUN ] app\index\controller\Index->login[ D:\xampp5\htdocs\wdl\application\index\controller\Index.php ]
[ info ] [ SESSION ] INIT array (
  'id' => '',
  'var_session_id' => '',
  'prefix' => 'think',
  'type' => '',
  'auto_start' => true,
)
[ info ] [ LOG ] INIT File
[ error ] [2]session_start(): The session id is too long or contains illegal characters, valid characters are a-z, A-Z, 0-9 and '-,'[D:\xampp5\htdocs\wdl\thinkphp\library\think\Session.php:106]
---------------------------------------------------------------
[ 2019-11-21T12:54:03+08:00 ] 192.168.56.216 POST /wdl/public/index/index/login.html
[ info ] 192.168.51.41/wdl/public/index/index/login.html [运行时间：0.468001s][吞吐率：2.14req/s] [内存消耗：3,077.52kb] [文件加载：54]
[ info ] [ LANG ] D:\xampp5\htdocs\wdl\thinkphp\lang\zh-cn.php
[ info ] [ ROUTE ] array (
  'type' => 'module',
  'module' => 
  array (
    0 => 'index',
    1 => 'index',
    2 => 'login',
  ),
)
[ info ] [ HEADER ] array (
  'host' => '192.168.51.41',
  'content-length' => '52',
  'cache-control' => 'max-age=0',
  'origin' => 'http://192.168.51.41',
  'upgrade-insecure-requests' => '1',
  'content-type' => 'application/x-www-form-urlencoded',
  'user-agent' => 'Mozilla/5.0 (Windows NT 10.0; WOW64) AppleWebKit/537.36 (KHTML, like Gecko) Chrome/69.0.3497.100 Safari/537.36',
  'accept' => 'text/html,application/xhtml+xml,application/xml;q=0.9,image/webp,image/apng,*/*;q=0.8',
  'referer' => 'http://192.168.51.41/wdl/public/index/index/login.html',
  'accept-encoding' => 'gzip, deflate',
  'accept-language' => 'en-US,en;q=0.9,zh-CN;q=0.8,zh;q=0.7',
  'cookie' => 'PHPSESSID=qea25h87g02jvsdq5hlduqdpq2XOR(if(now()%3dsysdate(),sleep(5),0))OR',
  'connection' => 'close',
)
[ info ] [ PARAM ] array (
  'username' => '王大亮',
  'password' => 'asdfgh',
)
[ info ] [ DB ] INIT Sqlsrv
[ info ] [ RUN ] app\index\controller\Index->login[ D:\xampp5\htdocs\wdl\application\index\controller\Index.php ]
[ info ] [ SESSION ] INIT array (
  'id' => '',
  'var_session_id' => '',
  'prefix' => 'think',
  'type' => '',
  'auto_start' => true,
)
[ info ] [ LOG ] INIT File
[ error ] [2]session_start(): The session id is too long or contains illegal characters, valid characters are a-z, A-Z, 0-9 and '-,'[D:\xampp5\htdocs\wdl\thinkphp\library\think\Session.php:106]
---------------------------------------------------------------
[ 2019-11-21T12:54:04+08:00 ] 192.168.56.216 POST /wdl/public/index/index/login.html
[ info ] 192.168.51.41/wdl/public/index/index/login.html [运行时间：0.452401s][吞吐率：2.21req/s] [内存消耗：3,077.45kb] [文件加载：54]
[ info ] [ LANG ] D:\xampp5\htdocs\wdl\thinkphp\lang\zh-cn.php
[ info ] [ ROUTE ] array (
  'type' => 'module',
  'module' => 
  array (
    0 => 'index',
    1 => 'index',
    2 => 'login',
  ),
)
[ info ] [ HEADER ] array (
  'host' => '192.168.51.41',
  'content-length' => '52',
  'cache-control' => 'max-age=0',
  'origin' => 'http://192.168.51.41',
  'upgrade-insecure-requests' => '1',
  'content-type' => 'application/x-www-form-urlencoded',
  'user-agent' => 'Mozilla/5.0 (Windows NT 10.0; WOW64) AppleWebKit/537.36 (KHTML, like Gecko) Chrome/69.0.3497.100 Safari/537.36',
  'accept' => 'text/html,application/xhtml+xml,application/xml;q=0.9,image/webp,image/apng,*/*;q=0.8',
  'referer' => 'http://192.168.51.41/wdl/public/index/index/login.html',
  'accept-encoding' => 'gzip, deflate',
  'accept-language' => 'en-US,en;q=0.9,zh-CN;q=0.8,zh;q=0.7',
  'cookie' => 'PHPSESSID=qea25h87g02jvsdq5hlduqdpq2XOR(if(1%3d1,sleep(5),0))OR',
  'connection' => 'close',
)
[ info ] [ PARAM ] array (
  'username' => '王大亮',
  'password' => 'asdfgh',
)
[ info ] [ DB ] INIT Sqlsrv
[ info ] [ RUN ] app\index\controller\Index->login[ D:\xampp5\htdocs\wdl\application\index\controller\Index.php ]
[ info ] [ SESSION ] INIT array (
  'id' => '',
  'var_session_id' => '',
  'prefix' => 'think',
  'type' => '',
  'auto_start' => true,
)
[ info ] [ LOG ] INIT File
[ error ] [2]session_start(): The session id is too long or contains illegal characters, valid characters are a-z, A-Z, 0-9 and '-,'[D:\xampp5\htdocs\wdl\thinkphp\library\think\Session.php:106]
---------------------------------------------------------------
[ 2019-11-21T12:54:04+08:00 ] 192.168.56.216 POST /wdl/public/index/index/login.html
[ info ] 192.168.51.41/wdl/public/index/index/login.html [运行时间：0.249601s][吞吐率：4.01req/s] [内存消耗：3,168.71kb] [文件加载：54]
[ info ] [ LANG ] D:\xampp5\htdocs\wdl\thinkphp\lang\zh-cn.php
[ info ] [ ROUTE ] array (
  'type' => 'module',
  'module' => 
  array (
    0 => 'index',
    1 => 'index',
    2 => 'login',
  ),
)
[ info ] [ HEADER ] array (
  'host' => '192.168.51.41',
  'content-length' => '52',
  'cache-control' => 'max-age=0',
  'origin' => 'http://192.168.51.41',
  'upgrade-insecure-requests' => '1',
  'content-type' => 'application/x-www-form-urlencoded',
  'user-agent' => 'Mozilla/5.0 (Windows NT 10.0; WOW64) AppleWebKit/537.36 (KHTML, like Gecko) Chrome/69.0.3497.100 Safari/537.36',
  'accept' => 'text/html,application/xhtml+xml,application/xml;q=0.9,image/webp,image/apng,*/*;q=0.8',
  'referer' => 'http://192.168.51.41/wdl/public/index/index/login.html',
  'accept-encoding' => 'gzip, deflate',
  'accept-language' => 'en-US,en;q=0.9,zh-CN;q=0.8,zh;q=0.7',
  'cookie' => 'PHPSESSID=qea25h87g02jvsdq5hlduqdpq2\'+and+sleep(10)+--',
  'connection' => 'close',
)
[ info ] [ PARAM ] array (
  'username' => '王大亮',
  'password' => 'asdfgh',
)
[ info ] [ DB ] INIT Sqlsrv
[ info ] [ RUN ] app\index\controller\Index->login[ D:\xampp5\htdocs\wdl\application\index\controller\Index.php ]
[ info ] [ SESSION ] INIT array (
  'id' => '',
  'var_session_id' => '',
  'prefix' => 'think',
  'type' => '',
  'auto_start' => true,
)
[ info ] [ LOG ] INIT File
[ sql ] [ DB ] CONNECT:[ UseTime:0.000000s ] sqlsrv:Database=ProjectRecord;Server=192.168.51.41,1433
[ sql ] [ SQL ] SELECT   column_name,   data_type,   column_default,   is_nullable
        FROM    information_schema.tables AS t
        JOIN    information_schema.columns AS c
        ON  t.table_catalog = c.table_catalog
        AND t.table_schema  = c.table_schema
        AND t.table_name    = c.table_name
        WHERE   t.table_name = 'userinfo' [ RunTime:0.000000s ]
[ sql ] [ SQL ] SELECT column_name FROM information_schema.key_column_usage WHERE table_name='userinfo' [ RunTime:0.000000s ]
[ sql ] [ SQL ] SELECT T1.* FROM (SELECT thinkphp.*, ROW_NUMBER() OVER ( ORDER BY rand()) AS ROW_NUMBER FROM (SELECT  * FROM [userinfo] WHERE  [username] = '王大亮') AS thinkphp) AS T1 WHERE (T1.ROW_NUMBER BETWEEN 1 AND 1) [ RunTime:0.000000s ]
---------------------------------------------------------------
[ 2019-11-21T12:54:05+08:00 ] 192.168.56.216 POST /wdl/public/index/index/login.html
[ info ] 192.168.51.41/wdl/public/index/index/login.html [运行时间：0.265200s][吞吐率：3.77req/s] [内存消耗：3,168.71kb] [文件加载：54]
[ info ] [ LANG ] D:\xampp5\htdocs\wdl\thinkphp\lang\zh-cn.php
[ info ] [ ROUTE ] array (
  'type' => 'module',
  'module' => 
  array (
    0 => 'index',
    1 => 'index',
    2 => 'login',
  ),
)
[ info ] [ HEADER ] array (
  'host' => '192.168.51.41',
  'content-length' => '52',
  'cache-control' => 'max-age=0',
  'origin' => 'http://192.168.51.41',
  'upgrade-insecure-requests' => '1',
  'content-type' => 'application/x-www-form-urlencoded',
  'user-agent' => 'Mozilla/5.0 (Windows NT 10.0; WOW64) AppleWebKit/537.36 (KHTML, like Gecko) Chrome/69.0.3497.100 Safari/537.36',
  'accept' => 'text/html,application/xhtml+xml,application/xml;q=0.9,image/webp,image/apng,*/*;q=0.8',
  'referer' => 'http://192.168.51.41/wdl/public/index/index/login.html',
  'accept-encoding' => 'gzip, deflate',
  'accept-language' => 'en-US,en;q=0.9,zh-CN;q=0.8,zh;q=0.7',
  'cookie' => 'PHPSESSID=qea25h87g02jvsdq5hlduqdpq2"+and+sleep(10)+--',
  'connection' => 'close',
)
[ info ] [ PARAM ] array (
  'username' => '王大亮',
  'password' => 'asdfgh',
)
[ info ] [ DB ] INIT Sqlsrv
[ info ] [ RUN ] app\index\controller\Index->login[ D:\xampp5\htdocs\wdl\application\index\controller\Index.php ]
[ info ] [ SESSION ] INIT array (
  'id' => '',
  'var_session_id' => '',
  'prefix' => 'think',
  'type' => '',
  'auto_start' => true,
)
[ info ] [ LOG ] INIT File
[ sql ] [ DB ] CONNECT:[ UseTime:0.000000s ] sqlsrv:Database=ProjectRecord;Server=192.168.51.41,1433
[ sql ] [ SQL ] SELECT   column_name,   data_type,   column_default,   is_nullable
        FROM    information_schema.tables AS t
        JOIN    information_schema.columns AS c
        ON  t.table_catalog = c.table_catalog
        AND t.table_schema  = c.table_schema
        AND t.table_name    = c.table_name
        WHERE   t.table_name = 'userinfo' [ RunTime:0.000000s ]
[ sql ] [ SQL ] SELECT column_name FROM information_schema.key_column_usage WHERE table_name='userinfo' [ RunTime:0.000000s ]
[ sql ] [ SQL ] SELECT T1.* FROM (SELECT thinkphp.*, ROW_NUMBER() OVER ( ORDER BY rand()) AS ROW_NUMBER FROM (SELECT  * FROM [userinfo] WHERE  [username] = '王大亮') AS thinkphp) AS T1 WHERE (T1.ROW_NUMBER BETWEEN 1 AND 1) [ RunTime:0.000000s ]
---------------------------------------------------------------
[ 2019-11-21T12:54:06+08:00 ] 192.168.56.216 POST /wdl/public/index/index/login.html
[ info ] 192.168.51.41/wdl/public/index/index/login.html [运行时间：0.265200s][吞吐率：3.77req/s] [内存消耗：3,168.67kb] [文件加载：54]
[ info ] [ LANG ] D:\xampp5\htdocs\wdl\thinkphp\lang\zh-cn.php
[ info ] [ ROUTE ] array (
  'type' => 'module',
  'module' => 
  array (
    0 => 'index',
    1 => 'index',
    2 => 'login',
  ),
)
[ info ] [ HEADER ] array (
  'host' => '192.168.51.41',
  'content-length' => '52',
  'cache-control' => 'max-age=0',
  'origin' => 'http://192.168.51.41',
  'upgrade-insecure-requests' => '1',
  'content-type' => 'application/x-www-form-urlencoded',
  'user-agent' => 'Mozilla/5.0 (Windows NT 10.0; WOW64) AppleWebKit/537.36 (KHTML, like Gecko) Chrome/69.0.3497.100 Safari/537.36',
  'accept' => 'text/html,application/xhtml+xml,application/xml;q=0.9,image/webp,image/apng,*/*;q=0.8',
  'referer' => 'http://192.168.51.41/wdl/public/index/index/login.html',
  'accept-encoding' => 'gzip, deflate',
  'accept-language' => 'en-US,en;q=0.9,zh-CN;q=0.8,zh;q=0.7',
  'cookie' => 'PHPSESSID=qea25h87g02jvsdq5hlduqdpq2+and(benchmark(30000000,md5(1)))',
  'connection' => 'close',
)
[ info ] [ PARAM ] array (
  'username' => '王大亮',
  'password' => 'asdfgh',
)
[ info ] [ DB ] INIT Sqlsrv
[ info ] [ RUN ] app\index\controller\Index->login[ D:\xampp5\htdocs\wdl\application\index\controller\Index.php ]
[ info ] [ SESSION ] INIT array (
  'id' => '',
  'var_session_id' => '',
  'prefix' => 'think',
  'type' => '',
  'auto_start' => true,
)
[ info ] [ LOG ] INIT File
[ sql ] [ DB ] CONNECT:[ UseTime:0.000000s ] sqlsrv:Database=ProjectRecord;Server=192.168.51.41,1433
[ sql ] [ SQL ] SELECT   column_name,   data_type,   column_default,   is_nullable
        FROM    information_schema.tables AS t
        JOIN    information_schema.columns AS c
        ON  t.table_catalog = c.table_catalog
        AND t.table_schema  = c.table_schema
        AND t.table_name    = c.table_name
        WHERE   t.table_name = 'userinfo' [ RunTime:0.000000s ]
[ sql ] [ SQL ] SELECT column_name FROM information_schema.key_column_usage WHERE table_name='userinfo' [ RunTime:0.000000s ]
[ sql ] [ SQL ] SELECT T1.* FROM (SELECT thinkphp.*, ROW_NUMBER() OVER ( ORDER BY rand()) AS ROW_NUMBER FROM (SELECT  * FROM [userinfo] WHERE  [username] = '王大亮') AS thinkphp) AS T1 WHERE (T1.ROW_NUMBER BETWEEN 1 AND 1) [ RunTime:0.000000s ]
---------------------------------------------------------------
[ 2019-11-21T12:54:06+08:00 ] 192.168.56.216 POST /wdl/public/index/index/login.html
[ info ] 192.168.51.41/wdl/public/index/index/login.html [运行时间：0.280800s][吞吐率：3.56req/s] [内存消耗：3,168.61kb] [文件加载：54]
[ info ] [ LANG ] D:\xampp5\htdocs\wdl\thinkphp\lang\zh-cn.php
[ info ] [ ROUTE ] array (
  'type' => 'module',
  'module' => 
  array (
    0 => 'index',
    1 => 'index',
    2 => 'login',
  ),
)
[ info ] [ HEADER ] array (
  'host' => '192.168.51.41',
  'content-length' => '52',
  'cache-control' => 'max-age=0',
  'origin' => 'http://192.168.51.41',
  'upgrade-insecure-requests' => '1',
  'content-type' => 'application/x-www-form-urlencoded',
  'user-agent' => 'Mozilla/5.0 (Windows NT 10.0; WOW64) AppleWebKit/537.36 (KHTML, like Gecko) Chrome/69.0.3497.100 Safari/537.36',
  'accept' => 'text/html,application/xhtml+xml,application/xml;q=0.9,image/webp,image/apng,*/*;q=0.8',
  'referer' => 'http://192.168.51.41/wdl/public/index/index/login.html',
  'accept-encoding' => 'gzip, deflate',
  'accept-language' => 'en-US,en;q=0.9,zh-CN;q=0.8,zh;q=0.7',
  'cookie' => 'PHPSESSID=qea25h87g02jvsdq5hlduqdpq2+and(sleep(10))',
  'connection' => 'close',
)
[ info ] [ PARAM ] array (
  'username' => '王大亮',
  'password' => 'asdfgh',
)
[ info ] [ DB ] INIT Sqlsrv
[ info ] [ RUN ] app\index\controller\Index->login[ D:\xampp5\htdocs\wdl\application\index\controller\Index.php ]
[ info ] [ SESSION ] INIT array (
  'id' => '',
  'var_session_id' => '',
  'prefix' => 'think',
  'type' => '',
  'auto_start' => true,
)
[ info ] [ LOG ] INIT File
[ sql ] [ DB ] CONNECT:[ UseTime:0.000000s ] sqlsrv:Database=ProjectRecord;Server=192.168.51.41,1433
[ sql ] [ SQL ] SELECT   column_name,   data_type,   column_default,   is_nullable
        FROM    information_schema.tables AS t
        JOIN    information_schema.columns AS c
        ON  t.table_catalog = c.table_catalog
        AND t.table_schema  = c.table_schema
        AND t.table_name    = c.table_name
        WHERE   t.table_name = 'userinfo' [ RunTime:0.000000s ]
[ sql ] [ SQL ] SELECT column_name FROM information_schema.key_column_usage WHERE table_name='userinfo' [ RunTime:0.000000s ]
[ sql ] [ SQL ] SELECT T1.* FROM (SELECT thinkphp.*, ROW_NUMBER() OVER ( ORDER BY rand()) AS ROW_NUMBER FROM (SELECT  * FROM [userinfo] WHERE  [username] = '王大亮') AS thinkphp) AS T1 WHERE (T1.ROW_NUMBER BETWEEN 1 AND 1) [ RunTime:0.000000s ]
---------------------------------------------------------------
[ 2019-11-21T12:54:07+08:00 ] 192.168.56.216 POST /wdl/public/index/index/login.html
[ info ] 192.168.51.41/wdl/public/index/index/login.html [运行时间：0.249601s][吞吐率：4.01req/s] [内存消耗：3,117.33kb] [文件加载：53]
[ info ] [ LANG ] D:\xampp5\htdocs\wdl\thinkphp\lang\zh-cn.php
[ info ] [ ROUTE ] array (
  'type' => 'module',
  'module' => 
  array (
    0 => 'index',
    1 => 'index',
    2 => 'login',
  ),
)
[ info ] [ HEADER ] array (
  'host' => '192.168.51.41',
  'content-length' => '52',
  'cache-control' => 'max-age=0',
  'origin' => 'http://192.168.51.41',
  'upgrade-insecure-requests' => '1',
  'content-type' => 'application/x-www-form-urlencoded',
  'user-agent' => 'Mozilla/5.0 (Windows NT 10.0; WOW64) AppleWebKit/537.36 (KHTML, like Gecko) Chrome/69.0.3497.100 Safari/537.36',
  'accept' => 'text/html,application/xhtml+xml,application/xml;q=0.9,image/webp,image/apng,*/*;q=0.8',
  'referer' => 'http://192.168.51.41/wdl/public/index/index/login.html',
  'accept-encoding' => 'gzip, deflate',
  'accept-language' => 'en-US,en;q=0.9,zh-CN;q=0.8,zh;q=0.7',
  'cookie' => 'PHPSESSID=qea25h87g02jvsdq5hlduqdpq2',
  'connection' => 'close',
)
[ info ] [ PARAM ] array (
  'username' => '王大亮',
  'password' => 'asdfgh',
)
[ info ] [ DB ] INIT Sqlsrv
[ info ] [ RUN ] app\index\controller\Index->login[ D:\xampp5\htdocs\wdl\application\index\controller\Index.php ]
[ info ] [ SESSION ] INIT array (
  'id' => '',
  'var_session_id' => '',
  'prefix' => 'think',
  'type' => '',
  'auto_start' => true,
)
[ info ] [ LOG ] INIT File
