---------------------------------------------------------------
[ 2018-09-12T11:12:55+08:00 ] 192.168.51.123 GET /wdl/public/index/record/store.html
[ info ] 192.168.51.41/wdl/public/index/record/store.html [运行时间：0.454026s][吞吐率：2.20req/s] [内存消耗：2,101.86kb] [文件加载：46]
[ info ] [ LANG ] D:\xampp5\htdocs\wdl\thinkphp\lang\zh-cn.php
[ info ] [ ROUTE ] array (
  'type' => 'module',
  'module' => 
  array (
    0 => 'index',
    1 => 'record',
    2 => 'store',
  ),
)
[ info ] [ HEADER ] array (
  'accept' => 'text/html, application/xhtml+xml, */*',
  'accept-language' => 'zh-CN',
  'user-agent' => 'Mozilla/5.0 (Windows NT 6.1; WOW64; Trident/7.0; rv:11.0) like Gecko',
  'accept-encoding' => 'gzip, deflate',
  'host' => '192.168.51.41',
  'dnt' => '1',
  'connection' => 'Keep-Alive',
)
[ info ] [ PARAM ] array (
)
[ info ] [ SESSION ] INIT array (
  'id' => '',
  'var_session_id' => '',
  'prefix' => 'think',
  'type' => '',
  'auto_start' => true,
)
[ info ] [ LOG ] INIT File
---------------------------------------------------------------
[ 2018-09-12T11:12:55+08:00 ] 192.168.51.123 GET /wdl/public/index/index/login.html
[ info ] 192.168.51.41/wdl/public/index/index/login.html [运行时间：0.393022s][吞吐率：2.54req/s] [内存消耗：3,023.25kb] [文件加载：51]
[ info ] [ LANG ] D:\xampp5\htdocs\wdl\thinkphp\lang\zh-cn.php
[ info ] [ ROUTE ] array (
  'type' => 'module',
  'module' => 
  array (
    0 => 'index',
    1 => 'index',
    2 => 'login',
  ),
)
[ info ] [ HEADER ] array (
  'accept' => 'text/html, application/xhtml+xml, */*',
  'accept-language' => 'zh-CN',
  'user-agent' => 'Mozilla/5.0 (Windows NT 6.1; WOW64; Trident/7.0; rv:11.0) like Gecko',
  'accept-encoding' => 'gzip, deflate',
  'host' => '192.168.51.41',
  'cookie' => 'PHPSESSID=40oqe72lhi4calen9u108dond4',
  'connection' => 'Keep-Alive',
  'dnt' => '1',
)
[ info ] [ PARAM ] array (
)
[ info ] [ DB ] INIT Sqlsrv
[ info ] [ RUN ] app\index\controller\Index->login[ D:\xampp5\htdocs\wdl\application\index\controller\Index.php ]
[ info ] [ SESSION ] INIT array (
  'id' => '',
  'var_session_id' => '',
  'prefix' => 'think',
  'type' => '',
  'auto_start' => true,
)
[ info ] [ VIEW ] D:\xampp5\htdocs\wdl\public/../application/index\view\index\login.html [ array (
) ]
[ info ] [ LOG ] INIT File
---------------------------------------------------------------
[ 2018-09-12T16:07:43+08:00 ] 192.168.51.95 GET /wdl/public/index/index/login.html
[ info ] 192.168.51.41/wdl/public/index/index/login.html [运行时间：0.285016s][吞吐率：3.51req/s] [内存消耗：3,023.61kb] [文件加载：51]
[ info ] [ LANG ] D:\xampp5\htdocs\wdl\thinkphp\lang\zh-cn.php
[ info ] [ ROUTE ] array (
  'type' => 'module',
  'module' => 
  array (
    0 => 'index',
    1 => 'index',
    2 => 'login',
  ),
)
[ info ] [ HEADER ] array (
  'host' => '192.168.51.41',
  'connection' => 'keep-alive',
  'upgrade-insecure-requests' => '1',
  'user-agent' => 'Mozilla/5.0 (Windows NT 6.1; Win64; x64) AppleWebKit/537.36 (KHTML, like Gecko) Chrome/70.0.3521.2 Safari/537.36',
  'accept' => 'text/html,application/xhtml+xml,application/xml;q=0.9,image/webp,image/apng,*/*;q=0.8',
  'accept-encoding' => 'gzip, deflate',
  'accept-language' => 'zh-CN,zh;q=0.9',
)
[ info ] [ PARAM ] array (
)
[ info ] [ DB ] INIT Sqlsrv
[ info ] [ RUN ] app\index\controller\Index->login[ D:\xampp5\htdocs\wdl\application\index\controller\Index.php ]
[ info ] [ SESSION ] INIT array (
  'id' => '',
  'var_session_id' => '',
  'prefix' => 'think',
  'type' => '',
  'auto_start' => true,
)
[ info ] [ VIEW ] D:\xampp5\htdocs\wdl\public/../application/index\view\index\login.html [ array (
) ]
[ info ] [ LOG ] INIT File
---------------------------------------------------------------
[ 2018-09-12T16:21:38+08:00 ] 192.168.51.95 GET /wdl/public/index/index/login.html
[ info ] 192.168.51.41/wdl/public/index/index/login.html [运行时间：0.289017s][吞吐率：3.46req/s] [内存消耗：3,023.70kb] [文件加载：51]
[ info ] [ LANG ] D:\xampp5\htdocs\wdl\thinkphp\lang\zh-cn.php
[ info ] [ ROUTE ] array (
  'type' => 'module',
  'module' => 
  array (
    0 => 'index',
    1 => 'index',
    2 => 'login',
  ),
)
[ info ] [ HEADER ] array (
  'host' => '192.168.51.41',
  'connection' => 'keep-alive',
  'upgrade-insecure-requests' => '1',
  'user-agent' => 'Mozilla/5.0 (Windows NT 6.1; Win64; x64) AppleWebKit/537.36 (KHTML, like Gecko) Chrome/70.0.3521.2 Safari/537.36',
  'accept' => 'text/html,application/xhtml+xml,application/xml;q=0.9,image/webp,image/apng,*/*;q=0.8',
  'accept-encoding' => 'gzip, deflate',
  'accept-language' => 'zh-CN,zh;q=0.9',
  'cookie' => 'PHPSESSID=n2d67f1q6b5hhfputtn4ordl92',
)
[ info ] [ PARAM ] array (
)
[ info ] [ DB ] INIT Sqlsrv
[ info ] [ RUN ] app\index\controller\Index->login[ D:\xampp5\htdocs\wdl\application\index\controller\Index.php ]
[ info ] [ SESSION ] INIT array (
  'id' => '',
  'var_session_id' => '',
  'prefix' => 'think',
  'type' => '',
  'auto_start' => true,
)
[ info ] [ VIEW ] D:\xampp5\htdocs\wdl\public/../application/index\view\index\login.html [ array (
) ]
[ info ] [ LOG ] INIT File
---------------------------------------------------------------
[ 2018-09-12T16:21:50+08:00 ] 192.168.51.95 POST /wdl/public/index/index/login.html
[ info ] 192.168.51.41/wdl/public/index/index/login.html [运行时间：0.671038s][吞吐率：1.49req/s] [内存消耗：3,082.05kb] [文件加载：53]
[ info ] [ LANG ] D:\xampp5\htdocs\wdl\thinkphp\lang\zh-cn.php
[ info ] [ ROUTE ] array (
  'type' => 'module',
  'module' => 
  array (
    0 => 'index',
    1 => 'index',
    2 => 'login',
  ),
)
[ info ] [ HEADER ] array (
  'host' => '192.168.51.41',
  'connection' => 'keep-alive',
  'content-length' => '36',
  'cache-control' => 'max-age=0',
  'origin' => 'http://192.168.51.41',
  'upgrade-insecure-requests' => '1',
  'content-type' => 'application/x-www-form-urlencoded',
  'user-agent' => 'Mozilla/5.0 (Windows NT 6.1; Win64; x64) AppleWebKit/537.36 (KHTML, like Gecko) Chrome/70.0.3521.2 Safari/537.36',
  'accept' => 'text/html,application/xhtml+xml,application/xml;q=0.9,image/webp,image/apng,*/*;q=0.8',
  'referer' => 'http://192.168.51.41/wdl/public/index/index/login.html',
  'accept-encoding' => 'gzip, deflate',
  'accept-language' => 'zh-CN,zh;q=0.9',
  'cookie' => 'PHPSESSID=n2d67f1q6b5hhfputtn4ordl92',
)
[ info ] [ PARAM ] array (
  'username' => 'zhouxinling',
  'password' => '123456',
)
[ info ] [ DB ] INIT Sqlsrv
[ info ] [ RUN ] app\index\controller\Index->login[ D:\xampp5\htdocs\wdl\application\index\controller\Index.php ]
[ info ] [ SESSION ] INIT array (
  'id' => '',
  'var_session_id' => '',
  'prefix' => 'think',
  'type' => '',
  'auto_start' => true,
)
[ info ] [ VIEW ] D:\xampp5\htdocs\wdl\thinkphp\tpl\dispatch_jump.tpl [ array (
  0 => 'code',
  1 => 'msg',
  2 => 'data',
  3 => 'url',
  4 => 'wait',
) ]
[ info ] [ LOG ] INIT File
[ sql ] [ DB ] CONNECT:[ UseTime:0.209012s ] sqlsrv:Database=ProjectRecord;Server=192.168.51.41,1433
[ sql ] [ SQL ] SELECT   column_name,   data_type,   column_default,   is_nullable
        FROM    information_schema.tables AS t
        JOIN    information_schema.columns AS c
        ON  t.table_catalog = c.table_catalog
        AND t.table_schema  = c.table_schema
        AND t.table_name    = c.table_name
        WHERE   t.table_name = 'userinfo' [ RunTime:0.090005s ]
[ sql ] [ SQL ] SELECT column_name FROM information_schema.key_column_usage WHERE table_name='userinfo' [ RunTime:0.055003s ]
[ sql ] [ SQL ] SELECT T1.* FROM (SELECT thinkphp.*, ROW_NUMBER() OVER ( ORDER BY rand()) AS ROW_NUMBER FROM (SELECT  * FROM [userinfo] WHERE  [username] = 'zhouxinling') AS thinkphp) AS T1 WHERE (T1.ROW_NUMBER BETWEEN 1 AND 1) [ RunTime:0.015001s ]
---------------------------------------------------------------
[ 2018-09-12T16:21:53+08:00 ] 192.168.51.95 GET /wdl/public/index/index/login.html
[ info ] 192.168.51.41/wdl/public/index/index/login.html [运行时间：0.264015s][吞吐率：3.79req/s] [内存消耗：3,023.70kb] [文件加载：51]
[ info ] [ LANG ] D:\xampp5\htdocs\wdl\thinkphp\lang\zh-cn.php
[ info ] [ ROUTE ] array (
  'type' => 'module',
  'module' => 
  array (
    0 => 'index',
    1 => 'index',
    2 => 'login',
  ),
)
[ info ] [ HEADER ] array (
  'host' => '192.168.51.41',
  'connection' => 'keep-alive',
  'upgrade-insecure-requests' => '1',
  'user-agent' => 'Mozilla/5.0 (Windows NT 6.1; Win64; x64) AppleWebKit/537.36 (KHTML, like Gecko) Chrome/70.0.3521.2 Safari/537.36',
  'accept' => 'text/html,application/xhtml+xml,application/xml;q=0.9,image/webp,image/apng,*/*;q=0.8',
  'accept-encoding' => 'gzip, deflate',
  'accept-language' => 'zh-CN,zh;q=0.9',
  'cookie' => 'PHPSESSID=n2d67f1q6b5hhfputtn4ordl92',
)
[ info ] [ PARAM ] array (
)
[ info ] [ DB ] INIT Sqlsrv
[ info ] [ RUN ] app\index\controller\Index->login[ D:\xampp5\htdocs\wdl\application\index\controller\Index.php ]
[ info ] [ SESSION ] INIT array (
  'id' => '',
  'var_session_id' => '',
  'prefix' => 'think',
  'type' => '',
  'auto_start' => true,
)
[ info ] [ VIEW ] D:\xampp5\htdocs\wdl\public/../application/index\view\index\login.html [ array (
) ]
[ info ] [ LOG ] INIT File
---------------------------------------------------------------
[ 2018-09-12T16:22:05+08:00 ] 192.168.51.95 POST /wdl/public/index/index/login.html
[ info ] 192.168.51.41/wdl/public/index/index/login.html [运行时间：0.276016s][吞吐率：3.62req/s] [内存消耗：3,168.47kb] [文件加载：54]
[ info ] [ LANG ] D:\xampp5\htdocs\wdl\thinkphp\lang\zh-cn.php
[ info ] [ ROUTE ] array (
  'type' => 'module',
  'module' => 
  array (
    0 => 'index',
    1 => 'index',
    2 => 'login',
  ),
)
[ info ] [ HEADER ] array (
  'host' => '192.168.51.41',
  'connection' => 'keep-alive',
  'content-length' => '52',
  'cache-control' => 'max-age=0',
  'origin' => 'http://192.168.51.41',
  'upgrade-insecure-requests' => '1',
  'content-type' => 'application/x-www-form-urlencoded',
  'user-agent' => 'Mozilla/5.0 (Windows NT 6.1; Win64; x64) AppleWebKit/537.36 (KHTML, like Gecko) Chrome/70.0.3521.2 Safari/537.36',
  'accept' => 'text/html,application/xhtml+xml,application/xml;q=0.9,image/webp,image/apng,*/*;q=0.8',
  'referer' => 'http://192.168.51.41/wdl/public/index/index/login.html',
  'accept-encoding' => 'gzip, deflate',
  'accept-language' => 'zh-CN,zh;q=0.9',
  'cookie' => 'PHPSESSID=n2d67f1q6b5hhfputtn4ordl92',
)
[ info ] [ PARAM ] array (
  'username' => '周欣玲',
  'password' => '123456',
)
[ info ] [ DB ] INIT Sqlsrv
[ info ] [ RUN ] app\index\controller\Index->login[ D:\xampp5\htdocs\wdl\application\index\controller\Index.php ]
[ info ] [ SESSION ] INIT array (
  'id' => '',
  'var_session_id' => '',
  'prefix' => 'think',
  'type' => '',
  'auto_start' => true,
)
[ info ] [ LOG ] INIT File
[ sql ] [ DB ] CONNECT:[ UseTime:0.000000s ] sqlsrv:Database=ProjectRecord;Server=192.168.51.41,1433
[ sql ] [ SQL ] SELECT   column_name,   data_type,   column_default,   is_nullable
        FROM    information_schema.tables AS t
        JOIN    information_schema.columns AS c
        ON  t.table_catalog = c.table_catalog
        AND t.table_schema  = c.table_schema
        AND t.table_name    = c.table_name
        WHERE   t.table_name = 'userinfo' [ RunTime:0.001000s ]
[ sql ] [ SQL ] SELECT column_name FROM information_schema.key_column_usage WHERE table_name='userinfo' [ RunTime:0.000000s ]
[ sql ] [ SQL ] SELECT T1.* FROM (SELECT thinkphp.*, ROW_NUMBER() OVER ( ORDER BY rand()) AS ROW_NUMBER FROM (SELECT  * FROM [userinfo] WHERE  [username] = '周欣玲') AS thinkphp) AS T1 WHERE (T1.ROW_NUMBER BETWEEN 1 AND 1) [ RunTime:0.002000s ]
---------------------------------------------------------------
[ 2018-09-12T16:22:06+08:00 ] 192.168.51.95 GET /wdl/public/index/record/person.html
[ info ] 192.168.51.41/wdl/public/index/record/person.html [运行时间：0.379022s][吞吐率：2.64req/s] [内存消耗：3,374.90kb] [文件加载：54]
[ info ] [ LANG ] D:\xampp5\htdocs\wdl\thinkphp\lang\zh-cn.php
[ info ] [ ROUTE ] array (
  'type' => 'module',
  'module' => 
  array (
    0 => 'index',
    1 => 'record',
    2 => 'person',
  ),
)
[ info ] [ HEADER ] array (
  'host' => '192.168.51.41',
  'connection' => 'keep-alive',
  'cache-control' => 'max-age=0',
  'upgrade-insecure-requests' => '1',
  'user-agent' => 'Mozilla/5.0 (Windows NT 6.1; Win64; x64) AppleWebKit/537.36 (KHTML, like Gecko) Chrome/70.0.3521.2 Safari/537.36',
  'accept' => 'text/html,application/xhtml+xml,application/xml;q=0.9,image/webp,image/apng,*/*;q=0.8',
  'referer' => 'http://192.168.51.41/wdl/public/index/index/login.html',
  'accept-encoding' => 'gzip, deflate',
  'accept-language' => 'zh-CN,zh;q=0.9',
  'cookie' => 'PHPSESSID=n2d67f1q6b5hhfputtn4ordl92',
)
[ info ] [ PARAM ] array (
)
[ info ] [ SESSION ] INIT array (
  'id' => '',
  'var_session_id' => '',
  'prefix' => 'think',
  'type' => '',
  'auto_start' => true,
)
[ info ] [ DB ] INIT Sqlsrv
[ info ] [ RUN ] app\index\controller\Record->person[ D:\xampp5\htdocs\wdl\application\index\controller\Record.php ]
[ info ] [ VIEW ] D:\xampp5\htdocs\wdl\public/../application/index\view\record\person.html [ array (
  0 => 'support_person',
  1 => 'user',
  2 => 'subcom_count',
  3 => 'person_count',
  4 => 'type_count',
) ]
[ info ] [ LOG ] INIT File
[ sql ] [ DB ] CONNECT:[ UseTime:0.001000s ] sqlsrv:Database=ProjectRecord;Server=192.168.51.41,1433
[ sql ] [ SQL ] SELECT   column_name,   data_type,   column_default,   is_nullable
        FROM    information_schema.tables AS t
        JOIN    information_schema.columns AS c
        ON  t.table_catalog = c.table_catalog
        AND t.table_schema  = c.table_schema
        AND t.table_name    = c.table_name
        WHERE   t.table_name = 'record' [ RunTime:0.016001s ]
[ sql ] [ SQL ] SELECT column_name FROM information_schema.key_column_usage WHERE table_name='record' [ RunTime:0.055003s ]
[ sql ] [ SQL ] SELECT T1.* FROM (SELECT thinkphp.*, ROW_NUMBER() OVER ( ORDER BY rand()) AS ROW_NUMBER FROM (SELECT  * FROM [record] WHERE  [delflag] = '0'  AND [support_person] = '周欣玲') AS thinkphp) AS T1 [ RunTime:0.003000s ]
[ sql ] [ SQL ] SELECT   column_name,   data_type,   column_default,   is_nullable
        FROM    information_schema.tables AS t
        JOIN    information_schema.columns AS c
        ON  t.table_catalog = c.table_catalog
        AND t.table_schema  = c.table_schema
        AND t.table_name    = c.table_name
        WHERE   t.table_name = 'userinfo' [ RunTime:0.001000s ]
[ sql ] [ SQL ] SELECT column_name FROM information_schema.key_column_usage WHERE table_name='userinfo' [ RunTime:0.000000s ]
[ sql ] [ SQL ] SELECT T1.* FROM (SELECT thinkphp.*, ROW_NUMBER() OVER ( ORDER BY rand()) AS ROW_NUMBER FROM (SELECT  * FROM [userinfo] WHERE  [forbidden] = 0) AS thinkphp) AS T1 [ RunTime:0.001000s ]
[ sql ] [ SQL ] SELECT T1.* FROM (SELECT thinkphp.*, ROW_NUMBER() OVER ( ORDER BY rand()) AS ROW_NUMBER FROM (SELECT  * FROM [record] WHERE  [delflag] = '0'  AND [support_person] = '周欣玲') AS thinkphp) AS T1 [ RunTime:0.001000s ]
[ sql ] [ SQL ] SELECT T1.* FROM (SELECT thinkphp.*, ROW_NUMBER() OVER ( ORDER BY rand()) AS ROW_NUMBER FROM (SELECT  * FROM [userinfo] WHERE  [forbidden] = 0) AS thinkphp) AS T1 [ RunTime:0.000000s ]
[ sql ] [ SQL ] SELECT T1.* FROM (SELECT thinkphp.*, ROW_NUMBER() OVER ( ORDER BY rand()) AS ROW_NUMBER FROM (SELECT  * FROM [record] WHERE  [delflag] = '0'  AND [support_person] = '周欣玲') AS thinkphp) AS T1 [ RunTime:0.000000s ]
[ sql ] [ SQL ] SELECT T1.* FROM (SELECT thinkphp.*, ROW_NUMBER() OVER ( ORDER BY rand()) AS ROW_NUMBER FROM (SELECT  * FROM [userinfo] WHERE  [forbidden] = 0) AS thinkphp) AS T1 [ RunTime:0.001000s ]
---------------------------------------------------------------
[ 2018-09-12T16:22:15+08:00 ] 192.168.51.95 GET /wdl/public/index/help/bug.html
[ info ] 192.168.51.41/wdl/public/index/help/bug.html [运行时间：0.580033s][吞吐率：1.72req/s] [内存消耗：3,268.45kb] [文件加载：56]
[ info ] [ LANG ] D:\xampp5\htdocs\wdl\thinkphp\lang\zh-cn.php
[ info ] [ ROUTE ] array (
  'type' => 'module',
  'module' => 
  array (
    0 => 'index',
    1 => 'help',
    2 => 'bug',
  ),
)
[ info ] [ HEADER ] array (
  'host' => '192.168.51.41',
  'connection' => 'keep-alive',
  'upgrade-insecure-requests' => '1',
  'user-agent' => 'Mozilla/5.0 (Windows NT 6.1; Win64; x64) AppleWebKit/537.36 (KHTML, like Gecko) Chrome/70.0.3521.2 Safari/537.36',
  'accept' => 'text/html,application/xhtml+xml,application/xml;q=0.9,image/webp,image/apng,*/*;q=0.8',
  'referer' => 'http://192.168.51.41/wdl/public/index/record/person.html',
  'accept-encoding' => 'gzip, deflate',
  'accept-language' => 'zh-CN,zh;q=0.9',
  'cookie' => 'PHPSESSID=n2d67f1q6b5hhfputtn4ordl92',
)
[ info ] [ PARAM ] array (
)
[ info ] [ DB ] INIT Sqlsrv
[ info ] [ RUN ] app\index\controller\Help->bug[ D:\xampp5\htdocs\wdl\application\index\controller\Help.php ]
[ info ] [ VIEW ] D:\xampp5\htdocs\wdl\public/../application/index\view\help\bug.html [ array (
  0 => 'comment',
) ]
[ info ] [ SESSION ] INIT array (
  'id' => '',
  'var_session_id' => '',
  'prefix' => 'think',
  'type' => '',
  'auto_start' => true,
)
[ info ] [ LOG ] INIT File
[ sql ] [ DB ] CONNECT:[ UseTime:0.000000s ] sqlsrv:Database=ProjectRecord;Server=192.168.51.41,1433
[ sql ] [ SQL ] SELECT   column_name,   data_type,   column_default,   is_nullable
        FROM    information_schema.tables AS t
        JOIN    information_schema.columns AS c
        ON  t.table_catalog = c.table_catalog
        AND t.table_schema  = c.table_schema
        AND t.table_name    = c.table_name
        WHERE   t.table_name = 'comment' [ RunTime:0.015001s ]
[ sql ] [ SQL ] SELECT column_name FROM information_schema.key_column_usage WHERE table_name='comment' [ RunTime:0.148009s ]
[ sql ] [ SQL ] SELECT T1.* FROM (SELECT thinkphp.*, ROW_NUMBER() OVER ( ORDER BY rand()) AS ROW_NUMBER FROM (SELECT  COUNT(*) AS tp_count FROM [comment] [c] LEFT JOIN [userinfo] [u] ON [c].[uid]=[u].[id]) AS thinkphp) AS T1 WHERE (T1.ROW_NUMBER BETWEEN 1 AND 1) [ RunTime:0.024001s ]
[ sql ] [ SQL ] SELECT T1.* FROM (SELECT thinkphp.*, ROW_NUMBER() OVER ( ORDER BY [datetime]  desc) AS ROW_NUMBER FROM (SELECT  c.id as cid,[uid],[comment],[datetime],[u].[username] FROM [comment] [c] LEFT JOIN [userinfo] [u] ON [c].[uid]=[u].[id]) AS thinkphp) AS T1 WHERE (T1.ROW_NUMBER BETWEEN 0 + 1 AND 0 + 10) [ RunTime:0.015001s ]
---------------------------------------------------------------
[ 2018-09-12T16:22:27+08:00 ] 192.168.51.95 GET /wdl/public/index/record/person.html
[ info ] 192.168.51.41/wdl/public/index/record/person.html [运行时间：0.286017s][吞吐率：3.50req/s] [内存消耗：3,374.87kb] [文件加载：54]
[ info ] [ LANG ] D:\xampp5\htdocs\wdl\thinkphp\lang\zh-cn.php
[ info ] [ ROUTE ] array (
  'type' => 'module',
  'module' => 
  array (
    0 => 'index',
    1 => 'record',
    2 => 'person',
  ),
)
[ info ] [ HEADER ] array (
  'host' => '192.168.51.41',
  'connection' => 'keep-alive',
  'upgrade-insecure-requests' => '1',
  'user-agent' => 'Mozilla/5.0 (Windows NT 6.1; Win64; x64) AppleWebKit/537.36 (KHTML, like Gecko) Chrome/70.0.3521.2 Safari/537.36',
  'accept' => 'text/html,application/xhtml+xml,application/xml;q=0.9,image/webp,image/apng,*/*;q=0.8',
  'referer' => 'http://192.168.51.41/wdl/public/index/help/bug.html',
  'accept-encoding' => 'gzip, deflate',
  'accept-language' => 'zh-CN,zh;q=0.9',
  'cookie' => 'PHPSESSID=n2d67f1q6b5hhfputtn4ordl92',
)
[ info ] [ PARAM ] array (
)
[ info ] [ SESSION ] INIT array (
  'id' => '',
  'var_session_id' => '',
  'prefix' => 'think',
  'type' => '',
  'auto_start' => true,
)
[ info ] [ DB ] INIT Sqlsrv
[ info ] [ RUN ] app\index\controller\Record->person[ D:\xampp5\htdocs\wdl\application\index\controller\Record.php ]
[ info ] [ VIEW ] D:\xampp5\htdocs\wdl\public/../application/index\view\record\person.html [ array (
  0 => 'support_person',
  1 => 'user',
  2 => 'subcom_count',
  3 => 'person_count',
  4 => 'type_count',
) ]
[ info ] [ LOG ] INIT File
[ sql ] [ DB ] CONNECT:[ UseTime:0.000000s ] sqlsrv:Database=ProjectRecord;Server=192.168.51.41,1433
[ sql ] [ SQL ] SELECT   column_name,   data_type,   column_default,   is_nullable
        FROM    information_schema.tables AS t
        JOIN    information_schema.columns AS c
        ON  t.table_catalog = c.table_catalog
        AND t.table_schema  = c.table_schema
        AND t.table_name    = c.table_name
        WHERE   t.table_name = 'record' [ RunTime:0.001000s ]
[ sql ] [ SQL ] SELECT column_name FROM information_schema.key_column_usage WHERE table_name='record' [ RunTime:0.000000s ]
[ sql ] [ SQL ] SELECT T1.* FROM (SELECT thinkphp.*, ROW_NUMBER() OVER ( ORDER BY rand()) AS ROW_NUMBER FROM (SELECT  * FROM [record] WHERE  [delflag] = '0'  AND [support_person] = '周欣玲') AS thinkphp) AS T1 [ RunTime:0.001000s ]
[ sql ] [ SQL ] SELECT   column_name,   data_type,   column_default,   is_nullable
        FROM    information_schema.tables AS t
        JOIN    information_schema.columns AS c
        ON  t.table_catalog = c.table_catalog
        AND t.table_schema  = c.table_schema
        AND t.table_name    = c.table_name
        WHERE   t.table_name = 'userinfo' [ RunTime:0.001000s ]
[ sql ] [ SQL ] SELECT column_name FROM information_schema.key_column_usage WHERE table_name='userinfo' [ RunTime:0.001000s ]
[ sql ] [ SQL ] SELECT T1.* FROM (SELECT thinkphp.*, ROW_NUMBER() OVER ( ORDER BY rand()) AS ROW_NUMBER FROM (SELECT  * FROM [userinfo] WHERE  [forbidden] = 0) AS thinkphp) AS T1 [ RunTime:0.001000s ]
[ sql ] [ SQL ] SELECT T1.* FROM (SELECT thinkphp.*, ROW_NUMBER() OVER ( ORDER BY rand()) AS ROW_NUMBER FROM (SELECT  * FROM [record] WHERE  [delflag] = '0'  AND [support_person] = '周欣玲') AS thinkphp) AS T1 [ RunTime:0.000000s ]
[ sql ] [ SQL ] SELECT T1.* FROM (SELECT thinkphp.*, ROW_NUMBER() OVER ( ORDER BY rand()) AS ROW_NUMBER FROM (SELECT  * FROM [userinfo] WHERE  [forbidden] = 0) AS thinkphp) AS T1 [ RunTime:0.001000s ]
[ sql ] [ SQL ] SELECT T1.* FROM (SELECT thinkphp.*, ROW_NUMBER() OVER ( ORDER BY rand()) AS ROW_NUMBER FROM (SELECT  * FROM [record] WHERE  [delflag] = '0'  AND [support_person] = '周欣玲') AS thinkphp) AS T1 [ RunTime:0.000000s ]
[ sql ] [ SQL ] SELECT T1.* FROM (SELECT thinkphp.*, ROW_NUMBER() OVER ( ORDER BY rand()) AS ROW_NUMBER FROM (SELECT  * FROM [userinfo] WHERE  [forbidden] = 0) AS thinkphp) AS T1 [ RunTime:0.001000s ]
---------------------------------------------------------------
[ 2018-09-12T16:22:32+08:00 ] 192.168.51.95 GET /wdl/public/index/record/index.html
[ info ] 192.168.51.41/wdl/public/index/record/index.html [运行时间：0.305018s][吞吐率：3.28req/s] [内存消耗：3,475.53kb] [文件加载：57]
[ info ] [ LANG ] D:\xampp5\htdocs\wdl\thinkphp\lang\zh-cn.php
[ info ] [ ROUTE ] array (
  'type' => 'module',
  'module' => 
  array (
    0 => 'index',
    1 => 'record',
    2 => 'index',
  ),
)
[ info ] [ HEADER ] array (
  'host' => '192.168.51.41',
  'connection' => 'keep-alive',
  'upgrade-insecure-requests' => '1',
  'user-agent' => 'Mozilla/5.0 (Windows NT 6.1; Win64; x64) AppleWebKit/537.36 (KHTML, like Gecko) Chrome/70.0.3521.2 Safari/537.36',
  'accept' => 'text/html,application/xhtml+xml,application/xml;q=0.9,image/webp,image/apng,*/*;q=0.8',
  'referer' => 'http://192.168.51.41/wdl/public/index/record/person.html',
  'accept-encoding' => 'gzip, deflate',
  'accept-language' => 'zh-CN,zh;q=0.9',
  'cookie' => 'PHPSESSID=n2d67f1q6b5hhfputtn4ordl92',
)
[ info ] [ PARAM ] array (
)
[ info ] [ SESSION ] INIT array (
  'id' => '',
  'var_session_id' => '',
  'prefix' => 'think',
  'type' => '',
  'auto_start' => true,
)
[ info ] [ DB ] INIT Sqlsrv
[ info ] [ RUN ] app\index\controller\Record->index[ D:\xampp5\htdocs\wdl\application\index\controller\Record.php ]
[ info ] [ VIEW ] D:\xampp5\htdocs\wdl\public/../application/index\view\record\index.html [ array (
  0 => 'support_person',
  1 => '_data',
) ]
[ info ] [ LOG ] INIT File
[ sql ] [ DB ] CONNECT:[ UseTime:0.000000s ] sqlsrv:Database=ProjectRecord;Server=192.168.51.41,1433
[ sql ] [ SQL ] SELECT   column_name,   data_type,   column_default,   is_nullable
        FROM    information_schema.tables AS t
        JOIN    information_schema.columns AS c
        ON  t.table_catalog = c.table_catalog
        AND t.table_schema  = c.table_schema
        AND t.table_name    = c.table_name
        WHERE   t.table_name = 'record' [ RunTime:0.001000s ]
[ sql ] [ SQL ] SELECT column_name FROM information_schema.key_column_usage WHERE table_name='record' [ RunTime:0.001000s ]
[ sql ] [ SQL ] SELECT T1.* FROM (SELECT thinkphp.*, ROW_NUMBER() OVER ( ORDER BY rand()) AS ROW_NUMBER FROM (SELECT  COUNT(*) AS tp_count FROM [record] WHERE  [support_person] = '周欣玲'  AND [delflag] = '0') AS thinkphp) AS T1 WHERE (T1.ROW_NUMBER BETWEEN 1 AND 1) [ RunTime:0.003001s ]
[ sql ] [ SQL ] SELECT T1.* FROM (SELECT thinkphp.*, ROW_NUMBER() OVER ( ORDER BY start_time desc) AS ROW_NUMBER FROM (SELECT  * FROM [record] WHERE  [support_person] = '周欣玲'  AND [delflag] = '0') AS thinkphp) AS T1 WHERE (T1.ROW_NUMBER BETWEEN 0 + 1 AND 0 + 20) [ RunTime:0.003000s ]
---------------------------------------------------------------
[ 2018-09-12T16:22:36+08:00 ] 192.168.51.95 GET /wdl/public/index/record/store.html
[ info ] 192.168.51.41/wdl/public/index/record/store.html [运行时间：0.426025s][吞吐率：2.35req/s] [内存消耗：3,346.41kb] [文件加载：54]
[ info ] [ LANG ] D:\xampp5\htdocs\wdl\thinkphp\lang\zh-cn.php
[ info ] [ ROUTE ] array (
  'type' => 'module',
  'module' => 
  array (
    0 => 'index',
    1 => 'record',
    2 => 'store',
  ),
)
[ info ] [ HEADER ] array (
  'host' => '192.168.51.41',
  'connection' => 'keep-alive',
  'upgrade-insecure-requests' => '1',
  'user-agent' => 'Mozilla/5.0 (Windows NT 6.1; Win64; x64) AppleWebKit/537.36 (KHTML, like Gecko) Chrome/70.0.3521.2 Safari/537.36',
  'accept' => 'text/html,application/xhtml+xml,application/xml;q=0.9,image/webp,image/apng,*/*;q=0.8',
  'referer' => 'http://192.168.51.41/wdl/public/index/record/index.html',
  'accept-encoding' => 'gzip, deflate',
  'accept-language' => 'zh-CN,zh;q=0.9',
  'cookie' => 'PHPSESSID=n2d67f1q6b5hhfputtn4ordl92',
)
[ info ] [ PARAM ] array (
)
[ info ] [ SESSION ] INIT array (
  'id' => '',
  'var_session_id' => '',
  'prefix' => 'think',
  'type' => '',
  'auto_start' => true,
)
[ info ] [ DB ] INIT Sqlsrv
[ info ] [ RUN ] app\index\controller\Record->store[ D:\xampp5\htdocs\wdl\application\index\controller\Record.php ]
[ info ] [ VIEW ] D:\xampp5\htdocs\wdl\public/../application/index\view\record\store.html [ array (
  0 => '_com',
) ]
[ info ] [ LOG ] INIT File
[ sql ] [ DB ] CONNECT:[ UseTime:0.000000s ] sqlsrv:Database=ProjectRecord;Server=192.168.51.41,1433
[ sql ] [ SQL ] SELECT   column_name,   data_type,   column_default,   is_nullable
        FROM    information_schema.tables AS t
        JOIN    information_schema.columns AS c
        ON  t.table_catalog = c.table_catalog
        AND t.table_schema  = c.table_schema
        AND t.table_name    = c.table_name
        WHERE   t.table_name = 'company' [ RunTime:0.014001s ]
[ sql ] [ SQL ] SELECT column_name FROM information_schema.key_column_usage WHERE table_name='company' [ RunTime:0.114007s ]
[ sql ] [ SQL ] SELECT T1.* FROM (SELECT thinkphp.*, ROW_NUMBER() OVER ( ORDER BY rand()) AS ROW_NUMBER FROM (SELECT  * FROM [company] WHERE  [com_pid] = 0) AS thinkphp) AS T1 [ RunTime:0.017001s ]
---------------------------------------------------------------
[ 2018-09-12T16:22:41+08:00 ] 192.168.51.95 POST /wdl/public/index/record/store.html
[ info ] 192.168.51.41/wdl/public/index/record/store.html [运行时间：0.283016s][吞吐率：3.53req/s] [内存消耗：3,272.64kb] [文件加载：53]
[ info ] [ LANG ] D:\xampp5\htdocs\wdl\thinkphp\lang\zh-cn.php
[ info ] [ ROUTE ] array (
  'type' => 'module',
  'module' => 
  array (
    0 => 'index',
    1 => 'record',
    2 => 'store',
  ),
)
[ info ] [ HEADER ] array (
  'host' => '192.168.51.41',
  'connection' => 'keep-alive',
  'content-length' => '40',
  'accept' => '*/*',
  'origin' => 'http://192.168.51.41',
  'x-requested-with' => 'XMLHttpRequest',
  'user-agent' => 'Mozilla/5.0 (Windows NT 6.1; Win64; x64) AppleWebKit/537.36 (KHTML, like Gecko) Chrome/70.0.3521.2 Safari/537.36',
  'content-type' => 'application/x-www-form-urlencoded; charset=UTF-8',
  'referer' => 'http://192.168.51.41/wdl/public/index/record/store.html',
  'accept-encoding' => 'gzip, deflate',
  'accept-language' => 'zh-CN,zh;q=0.9',
  'cookie' => 'PHPSESSID=n2d67f1q6b5hhfputtn4ordl92',
)
[ info ] [ PARAM ] array (
  'com' => '北京总部',
)
[ info ] [ SESSION ] INIT array (
  'id' => '',
  'var_session_id' => '',
  'prefix' => 'think',
  'type' => '',
  'auto_start' => true,
)
[ info ] [ DB ] INIT Sqlsrv
[ info ] [ RUN ] app\index\controller\Record->store[ D:\xampp5\htdocs\wdl\application\index\controller\Record.php ]
[ info ] [ LOG ] INIT File
[ sql ] [ DB ] CONNECT:[ UseTime:0.000000s ] sqlsrv:Database=ProjectRecord;Server=192.168.51.41,1433
[ sql ] [ SQL ] SELECT   column_name,   data_type,   column_default,   is_nullable
        FROM    information_schema.tables AS t
        JOIN    information_schema.columns AS c
        ON  t.table_catalog = c.table_catalog
        AND t.table_schema  = c.table_schema
        AND t.table_name    = c.table_name
        WHERE   t.table_name = 'company' [ RunTime:0.001000s ]
[ sql ] [ SQL ] SELECT column_name FROM information_schema.key_column_usage WHERE table_name='company' [ RunTime:0.000000s ]
[ sql ] [ SQL ] SELECT T1.* FROM (SELECT thinkphp.*, ROW_NUMBER() OVER ( ORDER BY rand()) AS ROW_NUMBER FROM (SELECT  * FROM [company] WHERE  [com_pid] = 0) AS thinkphp) AS T1 [ RunTime:0.001000s ]
[ sql ] [ SQL ] SELECT T1.* FROM (SELECT thinkphp.*, ROW_NUMBER() OVER ( ORDER BY rand()) AS ROW_NUMBER FROM (SELECT  [id] FROM [company] WHERE  [com_name] = '北京总部') AS thinkphp) AS T1 WHERE (T1.ROW_NUMBER BETWEEN 1 AND 1) [ RunTime:0.002001s ]
[ sql ] [ SQL ] SELECT T1.* FROM (SELECT thinkphp.*, ROW_NUMBER() OVER ( ORDER BY rand()) AS ROW_NUMBER FROM (SELECT  * FROM [company] WHERE  [com_pid] = 1) AS thinkphp) AS T1 [ RunTime:0.001000s ]
---------------------------------------------------------------
[ 2018-09-12T16:22:52+08:00 ] 192.168.51.95 GET /wdl/public/index/index/logout.html
[ info ] 192.168.51.41/wdl/public/index/index/logout.html [运行时间：0.285016s][吞吐率：3.51req/s] [内存消耗：3,149.41kb] [文件加载：54]
[ info ] [ LANG ] D:\xampp5\htdocs\wdl\thinkphp\lang\zh-cn.php
[ info ] [ ROUTE ] array (
  'type' => 'module',
  'module' => 
  array (
    0 => 'index',
    1 => 'index',
    2 => 'logout',
  ),
)
[ info ] [ HEADER ] array (
  'host' => '192.168.51.41',
  'connection' => 'keep-alive',
  'upgrade-insecure-requests' => '1',
  'user-agent' => 'Mozilla/5.0 (Windows NT 6.1; Win64; x64) AppleWebKit/537.36 (KHTML, like Gecko) Chrome/70.0.3521.2 Safari/537.36',
  'accept' => 'text/html,application/xhtml+xml,application/xml;q=0.9,image/webp,image/apng,*/*;q=0.8',
  'referer' => 'http://192.168.51.41/wdl/public/index/record/store.html',
  'accept-encoding' => 'gzip, deflate',
  'accept-language' => 'zh-CN,zh;q=0.9',
  'cookie' => 'PHPSESSID=n2d67f1q6b5hhfputtn4ordl92',
)
[ info ] [ PARAM ] array (
)
[ info ] [ DB ] INIT Sqlsrv
[ info ] [ RUN ] app\index\controller\Index->logout[ D:\xampp5\htdocs\wdl\application\index\controller\Index.php ]
[ info ] [ SESSION ] INIT array (
  'id' => '',
  'var_session_id' => '',
  'prefix' => 'think',
  'type' => '',
  'auto_start' => true,
)
[ info ] [ LOG ] INIT File
---------------------------------------------------------------
[ 2018-09-12T16:22:53+08:00 ] 192.168.51.95 GET /wdl/public/index/index/login.html
[ info ] 192.168.51.41/wdl/public/index/index/login.html [运行时间：0.268016s][吞吐率：3.73req/s] [内存消耗：3,024.32kb] [文件加载：51]
[ info ] [ LANG ] D:\xampp5\htdocs\wdl\thinkphp\lang\zh-cn.php
[ info ] [ ROUTE ] array (
  'type' => 'module',
  'module' => 
  array (
    0 => 'index',
    1 => 'index',
    2 => 'login',
  ),
)
[ info ] [ HEADER ] array (
  'host' => '192.168.51.41',
  'connection' => 'keep-alive',
  'upgrade-insecure-requests' => '1',
  'user-agent' => 'Mozilla/5.0 (Windows NT 6.1; Win64; x64) AppleWebKit/537.36 (KHTML, like Gecko) Chrome/70.0.3521.2 Safari/537.36',
  'accept' => 'text/html,application/xhtml+xml,application/xml;q=0.9,image/webp,image/apng,*/*;q=0.8',
  'referer' => 'http://192.168.51.41/wdl/public/index/record/store.html',
  'accept-encoding' => 'gzip, deflate',
  'accept-language' => 'zh-CN,zh;q=0.9',
  'cookie' => 'PHPSESSID=n2d67f1q6b5hhfputtn4ordl92',
)
[ info ] [ PARAM ] array (
)
[ info ] [ DB ] INIT Sqlsrv
[ info ] [ RUN ] app\index\controller\Index->login[ D:\xampp5\htdocs\wdl\application\index\controller\Index.php ]
[ info ] [ SESSION ] INIT array (
  'id' => '',
  'var_session_id' => '',
  'prefix' => 'think',
  'type' => '',
  'auto_start' => true,
)
[ info ] [ VIEW ] D:\xampp5\htdocs\wdl\public/../application/index\view\index\login.html [ array (
) ]
[ info ] [ LOG ] INIT File
