---------------------------------------------------------------
[ 2018-06-28T15:14:16+08:00 ] 192.168.51.152 GET /wdl/public/index/index/login.html
[ info ] 192.168.51.41/wdl/public/index/index/login.html [运行时间：0.296400s][吞吐率：3.37req/s] [内存消耗：3,024.27kb] [文件加载：51]
[ info ] [ LANG ] D:\xampp5\htdocs\wdl\thinkphp\lang\zh-cn.php
[ info ] [ ROUTE ] array (
  'type' => 'module',
  'module' => 
  array (
    0 => 'index',
    1 => 'index',
    2 => 'login',
  ),
)
[ info ] [ HEADER ] array (
  'host' => '192.168.51.41',
  'connection' => 'keep-alive',
  'upgrade-insecure-requests' => '1',
  'user-agent' => 'Mozilla/5.0 (Windows NT 6.1; WOW64) AppleWebKit/537.36 (KHTML, like Gecko) Chrome/63.0.3239.132 Safari/537.36',
  'accept' => 'text/html,application/xhtml+xml,application/xml;q=0.9,image/webp,image/apng,*/*;q=0.8',
  'referer' => 'http://192.168.51.41/wdl/',
  'accept-encoding' => 'gzip, deflate',
  'accept-language' => 'zh-CN,zh;q=0.9',
  'cookie' => 'security_level=0',
)
[ info ] [ PARAM ] array (
)
[ info ] [ DB ] INIT Sqlsrv
[ info ] [ RUN ] app\index\controller\Index->login[ D:\xampp5\htdocs\wdl\application\index\controller\Index.php ]
[ info ] [ SESSION ] INIT array (
  'id' => '',
  'var_session_id' => '',
  'prefix' => 'think',
  'type' => '',
  'auto_start' => true,
)
[ info ] [ VIEW ] D:\xampp5\htdocs\wdl\public/../application/index\view\index\login.html [ array (
) ]
[ info ] [ LOG ] INIT File
---------------------------------------------------------------
[ 2018-06-28T15:14:23+08:00 ] 192.168.51.152 POST /wdl/public/index/index/login.html
[ info ] 192.168.51.41/wdl/public/index/index/login.html [运行时间：0.639601s][吞吐率：1.56req/s] [内存消耗：3,168.47kb] [文件加载：54]
[ info ] [ LANG ] D:\xampp5\htdocs\wdl\thinkphp\lang\zh-cn.php
[ info ] [ ROUTE ] array (
  'type' => 'module',
  'module' => 
  array (
    0 => 'index',
    1 => 'index',
    2 => 'login',
  ),
)
[ info ] [ HEADER ] array (
  'host' => '192.168.51.41',
  'connection' => 'keep-alive',
  'content-length' => '52',
  'cache-control' => 'max-age=0',
  'origin' => 'http://192.168.51.41',
  'upgrade-insecure-requests' => '1',
  'user-agent' => 'Mozilla/5.0 (Windows NT 6.1; WOW64) AppleWebKit/537.36 (KHTML, like Gecko) Chrome/63.0.3239.132 Safari/537.36',
  'content-type' => 'application/x-www-form-urlencoded',
  'accept' => 'text/html,application/xhtml+xml,application/xml;q=0.9,image/webp,image/apng,*/*;q=0.8',
  'referer' => 'http://192.168.51.41/wdl/public/index/index/login.html',
  'accept-encoding' => 'gzip, deflate',
  'accept-language' => 'zh-CN,zh;q=0.9',
  'cookie' => 'security_level=0; PHPSESSID=7vpuub07cdmudr7mp3ireabn65',
)
[ info ] [ PARAM ] array (
  'username' => '王大亮',
  'password' => 'asdfgh',
)
[ info ] [ DB ] INIT Sqlsrv
[ info ] [ RUN ] app\index\controller\Index->login[ D:\xampp5\htdocs\wdl\application\index\controller\Index.php ]
[ info ] [ SESSION ] INIT array (
  'id' => '',
  'var_session_id' => '',
  'prefix' => 'think',
  'type' => '',
  'auto_start' => true,
)
[ info ] [ LOG ] INIT File
[ sql ] [ DB ] CONNECT:[ UseTime:0.140400s ] sqlsrv:Database=ProjectRecord;Server=192.168.51.41,1433
[ sql ] [ SQL ] SELECT   column_name,   data_type,   column_default,   is_nullable
        FROM    information_schema.tables AS t
        JOIN    information_schema.columns AS c
        ON  t.table_catalog = c.table_catalog
        AND t.table_schema  = c.table_schema
        AND t.table_name    = c.table_name
        WHERE   t.table_name = 'userinfo' [ RunTime:0.078000s ]
[ sql ] [ SQL ] SELECT column_name FROM information_schema.key_column_usage WHERE table_name='userinfo' [ RunTime:0.031200s ]
[ sql ] [ SQL ] SELECT T1.* FROM (SELECT thinkphp.*, ROW_NUMBER() OVER ( ORDER BY rand()) AS ROW_NUMBER FROM (SELECT  * FROM [userinfo] WHERE  [username] = '王大亮') AS thinkphp) AS T1 WHERE (T1.ROW_NUMBER BETWEEN 1 AND 1) [ RunTime:0.000000s ]
---------------------------------------------------------------
[ 2018-06-28T15:14:24+08:00 ] 192.168.51.152 GET /wdl/public/index/record/person.html
[ info ] 192.168.51.41/wdl/public/index/record/person.html [运行时间：0.405600s][吞吐率：2.47req/s] [内存消耗：3,377.88kb] [文件加载：54]
[ info ] [ LANG ] D:\xampp5\htdocs\wdl\thinkphp\lang\zh-cn.php
[ info ] [ ROUTE ] array (
  'type' => 'module',
  'module' => 
  array (
    0 => 'index',
    1 => 'record',
    2 => 'person',
  ),
)
[ info ] [ HEADER ] array (
  'host' => '192.168.51.41',
  'connection' => 'keep-alive',
  'cache-control' => 'max-age=0',
  'upgrade-insecure-requests' => '1',
  'user-agent' => 'Mozilla/5.0 (Windows NT 6.1; WOW64) AppleWebKit/537.36 (KHTML, like Gecko) Chrome/63.0.3239.132 Safari/537.36',
  'accept' => 'text/html,application/xhtml+xml,application/xml;q=0.9,image/webp,image/apng,*/*;q=0.8',
  'referer' => 'http://192.168.51.41/wdl/public/index/index/login.html',
  'accept-encoding' => 'gzip, deflate',
  'accept-language' => 'zh-CN,zh;q=0.9',
  'cookie' => 'security_level=0; PHPSESSID=7vpuub07cdmudr7mp3ireabn65',
)
[ info ] [ PARAM ] array (
)
[ info ] [ SESSION ] INIT array (
  'id' => '',
  'var_session_id' => '',
  'prefix' => 'think',
  'type' => '',
  'auto_start' => true,
)
[ info ] [ DB ] INIT Sqlsrv
[ info ] [ RUN ] app\index\controller\Record->person[ D:\xampp5\htdocs\wdl\application\index\controller\Record.php ]
[ info ] [ VIEW ] D:\xampp5\htdocs\wdl\public/../application/index\view\record\person.html [ array (
  0 => 'support_person',
  1 => 'user',
  2 => 'subcom_count',
  3 => 'person_count',
  4 => 'type_count',
) ]
[ info ] [ LOG ] INIT File
[ sql ] [ DB ] CONNECT:[ UseTime:0.000000s ] sqlsrv:Database=ProjectRecord;Server=192.168.51.41,1433
[ sql ] [ SQL ] SELECT   column_name,   data_type,   column_default,   is_nullable
        FROM    information_schema.tables AS t
        JOIN    information_schema.columns AS c
        ON  t.table_catalog = c.table_catalog
        AND t.table_schema  = c.table_schema
        AND t.table_name    = c.table_name
        WHERE   t.table_name = 'record' [ RunTime:0.015600s ]
[ sql ] [ SQL ] SELECT column_name FROM information_schema.key_column_usage WHERE table_name='record' [ RunTime:0.046800s ]
[ sql ] [ SQL ] SELECT T1.* FROM (SELECT thinkphp.*, ROW_NUMBER() OVER ( ORDER BY rand()) AS ROW_NUMBER FROM (SELECT  * FROM [record] WHERE  [delflag] = '0'  AND [support_person] = '王大亮') AS thinkphp) AS T1 [ RunTime:0.015600s ]
[ sql ] [ SQL ] SELECT   column_name,   data_type,   column_default,   is_nullable
        FROM    information_schema.tables AS t
        JOIN    information_schema.columns AS c
        ON  t.table_catalog = c.table_catalog
        AND t.table_schema  = c.table_schema
        AND t.table_name    = c.table_name
        WHERE   t.table_name = 'userinfo' [ RunTime:0.000000s ]
[ sql ] [ SQL ] SELECT column_name FROM information_schema.key_column_usage WHERE table_name='userinfo' [ RunTime:0.000000s ]
[ sql ] [ SQL ] SELECT T1.* FROM (SELECT thinkphp.*, ROW_NUMBER() OVER ( ORDER BY rand()) AS ROW_NUMBER FROM (SELECT  * FROM [userinfo] WHERE  [forbidden] = 0) AS thinkphp) AS T1 [ RunTime:0.000000s ]
[ sql ] [ SQL ] SELECT T1.* FROM (SELECT thinkphp.*, ROW_NUMBER() OVER ( ORDER BY rand()) AS ROW_NUMBER FROM (SELECT  * FROM [record] WHERE  [delflag] = '0'  AND [support_person] = '王大亮') AS thinkphp) AS T1 [ RunTime:0.000000s ]
[ sql ] [ SQL ] SELECT T1.* FROM (SELECT thinkphp.*, ROW_NUMBER() OVER ( ORDER BY rand()) AS ROW_NUMBER FROM (SELECT  * FROM [userinfo] WHERE  [forbidden] = 0) AS thinkphp) AS T1 [ RunTime:0.000000s ]
[ sql ] [ SQL ] SELECT T1.* FROM (SELECT thinkphp.*, ROW_NUMBER() OVER ( ORDER BY rand()) AS ROW_NUMBER FROM (SELECT  * FROM [record] WHERE  [delflag] = '0'  AND [support_person] = '王大亮') AS thinkphp) AS T1 [ RunTime:0.000000s ]
[ sql ] [ SQL ] SELECT T1.* FROM (SELECT thinkphp.*, ROW_NUMBER() OVER ( ORDER BY rand()) AS ROW_NUMBER FROM (SELECT  * FROM [userinfo] WHERE  [forbidden] = 0) AS thinkphp) AS T1 [ RunTime:0.000000s ]
---------------------------------------------------------------
[ 2018-06-28T15:14:36+08:00 ] 192.168.51.152 GET /wdl/public/index/record/person.html?start_time=2018-03-07&end_time=2018-06-28
[ info ] 192.168.51.41/wdl/public/index/record/person.html?start_time=2018-03-07&end_time=2018-06-28 [运行时间：0.312001s][吞吐率：3.21req/s] [内存消耗：3,376.13kb] [文件加载：54]
[ info ] [ LANG ] D:\xampp5\htdocs\wdl\thinkphp\lang\zh-cn.php
[ info ] [ ROUTE ] array (
  'type' => 'module',
  'module' => 
  array (
    0 => 'index',
    1 => 'record',
    2 => 'person',
  ),
)
[ info ] [ HEADER ] array (
  'host' => '192.168.51.41',
  'connection' => 'keep-alive',
  'upgrade-insecure-requests' => '1',
  'user-agent' => 'Mozilla/5.0 (Windows NT 6.1; WOW64) AppleWebKit/537.36 (KHTML, like Gecko) Chrome/63.0.3239.132 Safari/537.36',
  'accept' => 'text/html,application/xhtml+xml,application/xml;q=0.9,image/webp,image/apng,*/*;q=0.8',
  'referer' => 'http://192.168.51.41/wdl/public/index/record/person.html',
  'accept-encoding' => 'gzip, deflate',
  'accept-language' => 'zh-CN,zh;q=0.9',
  'cookie' => 'security_level=0; PHPSESSID=7vpuub07cdmudr7mp3ireabn65',
)
[ info ] [ PARAM ] array (
  'start_time' => '2018-03-07',
  'end_time' => '2018-06-28',
)
[ info ] [ SESSION ] INIT array (
  'id' => '',
  'var_session_id' => '',
  'prefix' => 'think',
  'type' => '',
  'auto_start' => true,
)
[ info ] [ DB ] INIT Sqlsrv
[ info ] [ RUN ] app\index\controller\Record->person[ D:\xampp5\htdocs\wdl\application\index\controller\Record.php ]
[ info ] [ VIEW ] D:\xampp5\htdocs\wdl\public/../application/index\view\record\person.html [ array (
  0 => 'start_time',
  1 => 'end_time',
  2 => 'support_person',
  3 => 'user',
  4 => 'subcom_count',
  5 => 'person_count',
  6 => 'type_count',
) ]
[ info ] [ LOG ] INIT File
[ sql ] [ DB ] CONNECT:[ UseTime:0.000000s ] sqlsrv:Database=ProjectRecord;Server=192.168.51.41,1433
[ sql ] [ SQL ] SELECT   column_name,   data_type,   column_default,   is_nullable
        FROM    information_schema.tables AS t
        JOIN    information_schema.columns AS c
        ON  t.table_catalog = c.table_catalog
        AND t.table_schema  = c.table_schema
        AND t.table_name    = c.table_name
        WHERE   t.table_name = 'record' [ RunTime:0.000000s ]
[ sql ] [ SQL ] SELECT column_name FROM information_schema.key_column_usage WHERE table_name='record' [ RunTime:0.000000s ]
[ sql ] [ SQL ] SELECT T1.* FROM (SELECT thinkphp.*, ROW_NUMBER() OVER ( ORDER BY rand()) AS ROW_NUMBER FROM (SELECT  * FROM [record] WHERE  [delflag] = '0'  AND [start_time] >= '2018-03-07'  AND [end_time] <= '2018-06-28'  AND [support_person] = '王大亮') AS thinkphp) AS T1 [ RunTime:0.015600s ]
[ sql ] [ SQL ] SELECT   column_name,   data_type,   column_default,   is_nullable
        FROM    information_schema.tables AS t
        JOIN    information_schema.columns AS c
        ON  t.table_catalog = c.table_catalog
        AND t.table_schema  = c.table_schema
        AND t.table_name    = c.table_name
        WHERE   t.table_name = 'userinfo' [ RunTime:0.000000s ]
[ sql ] [ SQL ] SELECT column_name FROM information_schema.key_column_usage WHERE table_name='userinfo' [ RunTime:0.000000s ]
[ sql ] [ SQL ] SELECT T1.* FROM (SELECT thinkphp.*, ROW_NUMBER() OVER ( ORDER BY rand()) AS ROW_NUMBER FROM (SELECT  * FROM [userinfo] WHERE  [forbidden] = 0) AS thinkphp) AS T1 [ RunTime:0.000000s ]
[ sql ] [ SQL ] SELECT T1.* FROM (SELECT thinkphp.*, ROW_NUMBER() OVER ( ORDER BY rand()) AS ROW_NUMBER FROM (SELECT  * FROM [record] WHERE  [delflag] = '0'  AND [start_time] >= '2018-03-07'  AND [end_time] <= '2018-06-28'  AND [support_person] = '王大亮') AS thinkphp) AS T1 [ RunTime:0.000000s ]
[ sql ] [ SQL ] SELECT T1.* FROM (SELECT thinkphp.*, ROW_NUMBER() OVER ( ORDER BY rand()) AS ROW_NUMBER FROM (SELECT  * FROM [userinfo] WHERE  [forbidden] = 0) AS thinkphp) AS T1 [ RunTime:0.000000s ]
[ sql ] [ SQL ] SELECT T1.* FROM (SELECT thinkphp.*, ROW_NUMBER() OVER ( ORDER BY rand()) AS ROW_NUMBER FROM (SELECT  * FROM [record] WHERE  [delflag] = '0'  AND [start_time] >= '2018-03-07'  AND [end_time] <= '2018-06-28'  AND [support_person] = '王大亮') AS thinkphp) AS T1 [ RunTime:0.000000s ]
[ sql ] [ SQL ] SELECT T1.* FROM (SELECT thinkphp.*, ROW_NUMBER() OVER ( ORDER BY rand()) AS ROW_NUMBER FROM (SELECT  * FROM [userinfo] WHERE  [forbidden] = 0) AS thinkphp) AS T1 [ RunTime:0.015600s ]
---------------------------------------------------------------
[ 2018-06-28T15:14:47+08:00 ] 192.168.51.152 GET /wdl/public/index/record/index.html
[ info ] 192.168.51.41/wdl/public/index/record/index.html [运行时间：0.343201s][吞吐率：2.91req/s] [内存消耗：3,588.80kb] [文件加载：57]
[ info ] [ LANG ] D:\xampp5\htdocs\wdl\thinkphp\lang\zh-cn.php
[ info ] [ ROUTE ] array (
  'type' => 'module',
  'module' => 
  array (
    0 => 'index',
    1 => 'record',
    2 => 'index',
  ),
)
[ info ] [ HEADER ] array (
  'host' => '192.168.51.41',
  'connection' => 'keep-alive',
  'upgrade-insecure-requests' => '1',
  'user-agent' => 'Mozilla/5.0 (Windows NT 6.1; WOW64) AppleWebKit/537.36 (KHTML, like Gecko) Chrome/63.0.3239.132 Safari/537.36',
  'accept' => 'text/html,application/xhtml+xml,application/xml;q=0.9,image/webp,image/apng,*/*;q=0.8',
  'referer' => 'http://192.168.51.41/wdl/public/index/record/person.html?start_time=2018-03-07&end_time=2018-06-28',
  'accept-encoding' => 'gzip, deflate',
  'accept-language' => 'zh-CN,zh;q=0.9',
  'cookie' => 'security_level=0; PHPSESSID=7vpuub07cdmudr7mp3ireabn65',
)
[ info ] [ PARAM ] array (
)
[ info ] [ SESSION ] INIT array (
  'id' => '',
  'var_session_id' => '',
  'prefix' => 'think',
  'type' => '',
  'auto_start' => true,
)
[ info ] [ DB ] INIT Sqlsrv
[ info ] [ RUN ] app\index\controller\Record->index[ D:\xampp5\htdocs\wdl\application\index\controller\Record.php ]
[ info ] [ VIEW ] D:\xampp5\htdocs\wdl\public/../application/index\view\record\index.html [ array (
  0 => 'support_person',
  1 => '_data',
) ]
[ info ] [ LOG ] INIT File
[ sql ] [ DB ] CONNECT:[ UseTime:0.000000s ] sqlsrv:Database=ProjectRecord;Server=192.168.51.41,1433
[ sql ] [ SQL ] SELECT   column_name,   data_type,   column_default,   is_nullable
        FROM    information_schema.tables AS t
        JOIN    information_schema.columns AS c
        ON  t.table_catalog = c.table_catalog
        AND t.table_schema  = c.table_schema
        AND t.table_name    = c.table_name
        WHERE   t.table_name = 'record' [ RunTime:0.015600s ]
[ sql ] [ SQL ] SELECT column_name FROM information_schema.key_column_usage WHERE table_name='record' [ RunTime:0.000000s ]
[ sql ] [ SQL ] SELECT T1.* FROM (SELECT thinkphp.*, ROW_NUMBER() OVER ( ORDER BY rand()) AS ROW_NUMBER FROM (SELECT  COUNT(*) AS tp_count FROM [record] WHERE  [support_person] = '王大亮'  AND [delflag] = '0') AS thinkphp) AS T1 WHERE (T1.ROW_NUMBER BETWEEN 1 AND 1) [ RunTime:0.000000s ]
[ sql ] [ SQL ] SELECT T1.* FROM (SELECT thinkphp.*, ROW_NUMBER() OVER ( ORDER BY start_time desc) AS ROW_NUMBER FROM (SELECT  * FROM [record] WHERE  [support_person] = '王大亮'  AND [delflag] = '0') AS thinkphp) AS T1 WHERE (T1.ROW_NUMBER BETWEEN 0 + 1 AND 0 + 20) [ RunTime:0.015600s ]
---------------------------------------------------------------
[ 2018-06-28T15:14:55+08:00 ] 192.168.51.152 GET /wdl/public/record/700.html
[ info ] 192.168.51.41/wdl/public/record/700.html [运行时间：0.312001s][吞吐率：3.21req/s] [内存消耗：3,347.48kb] [文件加载：54]
[ info ] [ LANG ] D:\xampp5\htdocs\wdl\thinkphp\lang\zh-cn.php
[ info ] [ ROUTE ] array (
  'type' => 'module',
  'module' => 
  array (
    0 => 'index',
    1 => 'record',
    2 => 'show',
  ),
  'convert' => false,
)
[ info ] [ HEADER ] array (
  'host' => '192.168.51.41',
  'connection' => 'keep-alive',
  'upgrade-insecure-requests' => '1',
  'user-agent' => 'Mozilla/5.0 (Windows NT 6.1; WOW64) AppleWebKit/537.36 (KHTML, like Gecko) Chrome/63.0.3239.132 Safari/537.36',
  'accept' => 'text/html,application/xhtml+xml,application/xml;q=0.9,image/webp,image/apng,*/*;q=0.8',
  'referer' => 'http://192.168.51.41/wdl/public/index/record/index.html',
  'accept-encoding' => 'gzip, deflate',
  'accept-language' => 'zh-CN,zh;q=0.9',
  'cookie' => 'security_level=0; PHPSESSID=7vpuub07cdmudr7mp3ireabn65',
)
[ info ] [ PARAM ] array (
  'id' => '700',
)
[ info ] [ SESSION ] INIT array (
  'id' => '',
  'var_session_id' => '',
  'prefix' => 'think',
  'type' => '',
  'auto_start' => true,
)
[ info ] [ DB ] INIT Sqlsrv
[ info ] [ RUN ] app\index\controller\Record->show[ D:\xampp5\htdocs\wdl\application\index\controller\Record.php ]
[ info ] [ VIEW ] D:\xampp5\htdocs\wdl\public/../application/index\view\record\show.html [ array (
  0 => '_data',
  1 => 'user_depart',
) ]
[ info ] [ LOG ] INIT File
[ sql ] [ DB ] CONNECT:[ UseTime:0.000000s ] sqlsrv:Database=ProjectRecord;Server=192.168.51.41,1433
[ sql ] [ SQL ] SELECT   column_name,   data_type,   column_default,   is_nullable
        FROM    information_schema.tables AS t
        JOIN    information_schema.columns AS c
        ON  t.table_catalog = c.table_catalog
        AND t.table_schema  = c.table_schema
        AND t.table_name    = c.table_name
        WHERE   t.table_name = 'record' [ RunTime:0.000000s ]
[ sql ] [ SQL ] SELECT column_name FROM information_schema.key_column_usage WHERE table_name='record' [ RunTime:0.000000s ]
[ sql ] [ SQL ] SELECT T1.* FROM (SELECT thinkphp.*, ROW_NUMBER() OVER ( ORDER BY rand()) AS ROW_NUMBER FROM (SELECT  * FROM [record] WHERE  [id] = 700) AS thinkphp) AS T1 WHERE (T1.ROW_NUMBER BETWEEN 1 AND 1) [ RunTime:0.015600s ]
[ sql ] [ SQL ] SELECT   column_name,   data_type,   column_default,   is_nullable
        FROM    information_schema.tables AS t
        JOIN    information_schema.columns AS c
        ON  t.table_catalog = c.table_catalog
        AND t.table_schema  = c.table_schema
        AND t.table_name    = c.table_name
        WHERE   t.table_name = 'userinfo' [ RunTime:0.000000s ]
[ sql ] [ SQL ] SELECT column_name FROM information_schema.key_column_usage WHERE table_name='userinfo' [ RunTime:0.000000s ]
[ sql ] [ SQL ] SELECT T1.* FROM (SELECT thinkphp.*, ROW_NUMBER() OVER ( ORDER BY rand()) AS ROW_NUMBER FROM (SELECT  * FROM [userinfo] WHERE  [username] = '王大亮') AS thinkphp) AS T1 WHERE (T1.ROW_NUMBER BETWEEN 1 AND 1) [ RunTime:0.000000s ]
---------------------------------------------------------------
[ 2018-06-28T15:14:59+08:00 ] 192.168.51.152 GET /wdl/public/index/record/index.html
[ info ] 192.168.51.41/wdl/public/index/record/index.html [运行时间：0.312001s][吞吐率：3.21req/s] [内存消耗：3,588.80kb] [文件加载：57]
[ info ] [ LANG ] D:\xampp5\htdocs\wdl\thinkphp\lang\zh-cn.php
[ info ] [ ROUTE ] array (
  'type' => 'module',
  'module' => 
  array (
    0 => 'index',
    1 => 'record',
    2 => 'index',
  ),
)
[ info ] [ HEADER ] array (
  'host' => '192.168.51.41',
  'connection' => 'keep-alive',
  'upgrade-insecure-requests' => '1',
  'user-agent' => 'Mozilla/5.0 (Windows NT 6.1; WOW64) AppleWebKit/537.36 (KHTML, like Gecko) Chrome/63.0.3239.132 Safari/537.36',
  'accept' => 'text/html,application/xhtml+xml,application/xml;q=0.9,image/webp,image/apng,*/*;q=0.8',
  'referer' => 'http://192.168.51.41/wdl/public/index/record/person.html?start_time=2018-03-07&end_time=2018-06-28',
  'accept-encoding' => 'gzip, deflate',
  'accept-language' => 'zh-CN,zh;q=0.9',
  'cookie' => 'security_level=0; PHPSESSID=7vpuub07cdmudr7mp3ireabn65',
)
[ info ] [ PARAM ] array (
)
[ info ] [ SESSION ] INIT array (
  'id' => '',
  'var_session_id' => '',
  'prefix' => 'think',
  'type' => '',
  'auto_start' => true,
)
[ info ] [ DB ] INIT Sqlsrv
[ info ] [ RUN ] app\index\controller\Record->index[ D:\xampp5\htdocs\wdl\application\index\controller\Record.php ]
[ info ] [ VIEW ] D:\xampp5\htdocs\wdl\public/../application/index\view\record\index.html [ array (
  0 => 'support_person',
  1 => '_data',
) ]
[ info ] [ LOG ] INIT File
[ sql ] [ DB ] CONNECT:[ UseTime:0.000000s ] sqlsrv:Database=ProjectRecord;Server=192.168.51.41,1433
[ sql ] [ SQL ] SELECT   column_name,   data_type,   column_default,   is_nullable
        FROM    information_schema.tables AS t
        JOIN    information_schema.columns AS c
        ON  t.table_catalog = c.table_catalog
        AND t.table_schema  = c.table_schema
        AND t.table_name    = c.table_name
        WHERE   t.table_name = 'record' [ RunTime:0.000000s ]
[ sql ] [ SQL ] SELECT column_name FROM information_schema.key_column_usage WHERE table_name='record' [ RunTime:0.000000s ]
[ sql ] [ SQL ] SELECT T1.* FROM (SELECT thinkphp.*, ROW_NUMBER() OVER ( ORDER BY rand()) AS ROW_NUMBER FROM (SELECT  COUNT(*) AS tp_count FROM [record] WHERE  [support_person] = '王大亮'  AND [delflag] = '0') AS thinkphp) AS T1 WHERE (T1.ROW_NUMBER BETWEEN 1 AND 1) [ RunTime:0.000000s ]
[ sql ] [ SQL ] SELECT T1.* FROM (SELECT thinkphp.*, ROW_NUMBER() OVER ( ORDER BY start_time desc) AS ROW_NUMBER FROM (SELECT  * FROM [record] WHERE  [support_person] = '王大亮'  AND [delflag] = '0') AS thinkphp) AS T1 WHERE (T1.ROW_NUMBER BETWEEN 0 + 1 AND 0 + 20) [ RunTime:0.000000s ]
---------------------------------------------------------------
[ 2018-06-28T15:15:03+08:00 ] 192.168.51.152 GET /wdl/public/record/697.html
[ info ] 192.168.51.41/wdl/public/record/697.html [运行时间：0.280801s][吞吐率：3.56req/s] [内存消耗：3,347.37kb] [文件加载：54]
[ info ] [ LANG ] D:\xampp5\htdocs\wdl\thinkphp\lang\zh-cn.php
[ info ] [ ROUTE ] array (
  'type' => 'module',
  'module' => 
  array (
    0 => 'index',
    1 => 'record',
    2 => 'show',
  ),
  'convert' => false,
)
[ info ] [ HEADER ] array (
  'host' => '192.168.51.41',
  'connection' => 'keep-alive',
  'upgrade-insecure-requests' => '1',
  'user-agent' => 'Mozilla/5.0 (Windows NT 6.1; WOW64) AppleWebKit/537.36 (KHTML, like Gecko) Chrome/63.0.3239.132 Safari/537.36',
  'accept' => 'text/html,application/xhtml+xml,application/xml;q=0.9,image/webp,image/apng,*/*;q=0.8',
  'referer' => 'http://192.168.51.41/wdl/public/index/record/index.html',
  'accept-encoding' => 'gzip, deflate',
  'accept-language' => 'zh-CN,zh;q=0.9',
  'cookie' => 'security_level=0; PHPSESSID=7vpuub07cdmudr7mp3ireabn65',
)
[ info ] [ PARAM ] array (
  'id' => '697',
)
[ info ] [ SESSION ] INIT array (
  'id' => '',
  'var_session_id' => '',
  'prefix' => 'think',
  'type' => '',
  'auto_start' => true,
)
[ info ] [ DB ] INIT Sqlsrv
[ info ] [ RUN ] app\index\controller\Record->show[ D:\xampp5\htdocs\wdl\application\index\controller\Record.php ]
[ info ] [ VIEW ] D:\xampp5\htdocs\wdl\public/../application/index\view\record\show.html [ array (
  0 => '_data',
  1 => 'user_depart',
) ]
[ info ] [ LOG ] INIT File
[ sql ] [ DB ] CONNECT:[ UseTime:0.000000s ] sqlsrv:Database=ProjectRecord;Server=192.168.51.41,1433
[ sql ] [ SQL ] SELECT   column_name,   data_type,   column_default,   is_nullable
        FROM    information_schema.tables AS t
        JOIN    information_schema.columns AS c
        ON  t.table_catalog = c.table_catalog
        AND t.table_schema  = c.table_schema
        AND t.table_name    = c.table_name
        WHERE   t.table_name = 'record' [ RunTime:0.000000s ]
[ sql ] [ SQL ] SELECT column_name FROM information_schema.key_column_usage WHERE table_name='record' [ RunTime:0.000000s ]
[ sql ] [ SQL ] SELECT T1.* FROM (SELECT thinkphp.*, ROW_NUMBER() OVER ( ORDER BY rand()) AS ROW_NUMBER FROM (SELECT  * FROM [record] WHERE  [id] = 697) AS thinkphp) AS T1 WHERE (T1.ROW_NUMBER BETWEEN 1 AND 1) [ RunTime:0.015600s ]
[ sql ] [ SQL ] SELECT   column_name,   data_type,   column_default,   is_nullable
        FROM    information_schema.tables AS t
        JOIN    information_schema.columns AS c
        ON  t.table_catalog = c.table_catalog
        AND t.table_schema  = c.table_schema
        AND t.table_name    = c.table_name
        WHERE   t.table_name = 'userinfo' [ RunTime:0.000000s ]
[ sql ] [ SQL ] SELECT column_name FROM information_schema.key_column_usage WHERE table_name='userinfo' [ RunTime:0.000000s ]
[ sql ] [ SQL ] SELECT T1.* FROM (SELECT thinkphp.*, ROW_NUMBER() OVER ( ORDER BY rand()) AS ROW_NUMBER FROM (SELECT  * FROM [userinfo] WHERE  [username] = '王大亮') AS thinkphp) AS T1 WHERE (T1.ROW_NUMBER BETWEEN 1 AND 1) [ RunTime:0.000000s ]
---------------------------------------------------------------
[ 2018-06-28T15:15:11+08:00 ] 192.168.51.152 GET /wdl/public/index/record/search.html
[ info ] 192.168.51.41/wdl/public/index/record/search.html [运行时间：0.327600s][吞吐率：3.05req/s] [内存消耗：3,603.69kb] [文件加载：57]
[ info ] [ LANG ] D:\xampp5\htdocs\wdl\thinkphp\lang\zh-cn.php
[ info ] [ ROUTE ] array (
  'type' => 'module',
  'module' => 
  array (
    0 => 'index',
    1 => 'record',
    2 => 'search',
  ),
)
[ info ] [ HEADER ] array (
  'host' => '192.168.51.41',
  'connection' => 'keep-alive',
  'upgrade-insecure-requests' => '1',
  'user-agent' => 'Mozilla/5.0 (Windows NT 6.1; WOW64) AppleWebKit/537.36 (KHTML, like Gecko) Chrome/63.0.3239.132 Safari/537.36',
  'accept' => 'text/html,application/xhtml+xml,application/xml;q=0.9,image/webp,image/apng,*/*;q=0.8',
  'referer' => 'http://192.168.51.41/wdl/public/record/697.html',
  'accept-encoding' => 'gzip, deflate',
  'accept-language' => 'zh-CN,zh;q=0.9',
  'cookie' => 'security_level=0; PHPSESSID=7vpuub07cdmudr7mp3ireabn65',
)
[ info ] [ PARAM ] array (
)
[ info ] [ SESSION ] INIT array (
  'id' => '',
  'var_session_id' => '',
  'prefix' => 'think',
  'type' => '',
  'auto_start' => true,
)
[ info ] [ DB ] INIT Sqlsrv
[ info ] [ RUN ] app\index\controller\Record->search[ D:\xampp5\htdocs\wdl\application\index\controller\Record.php ]
[ info ] [ VIEW ] D:\xampp5\htdocs\wdl\public/../application/index\view\record\search.html [ array (
  0 => 'user',
  1 => 'record',
) ]
[ info ] [ LOG ] INIT File
[ sql ] [ DB ] CONNECT:[ UseTime:0.000000s ] sqlsrv:Database=ProjectRecord;Server=192.168.51.41,1433
[ sql ] [ SQL ] SELECT   column_name,   data_type,   column_default,   is_nullable
        FROM    information_schema.tables AS t
        JOIN    information_schema.columns AS c
        ON  t.table_catalog = c.table_catalog
        AND t.table_schema  = c.table_schema
        AND t.table_name    = c.table_name
        WHERE   t.table_name = 'userinfo' [ RunTime:0.000000s ]
[ sql ] [ SQL ] SELECT column_name FROM information_schema.key_column_usage WHERE table_name='userinfo' [ RunTime:0.000000s ]
[ sql ] [ SQL ] SELECT T1.* FROM (SELECT thinkphp.*, ROW_NUMBER() OVER ( ORDER BY rand()) AS ROW_NUMBER FROM (SELECT  * FROM [userinfo] WHERE  [forbidden] = 0) AS thinkphp) AS T1 [ RunTime:0.015600s ]
[ sql ] [ SQL ] SELECT   column_name,   data_type,   column_default,   is_nullable
        FROM    information_schema.tables AS t
        JOIN    information_schema.columns AS c
        ON  t.table_catalog = c.table_catalog
        AND t.table_schema  = c.table_schema
        AND t.table_name    = c.table_name
        WHERE   t.table_name = 'record' [ RunTime:0.000000s ]
[ sql ] [ SQL ] SELECT column_name FROM information_schema.key_column_usage WHERE table_name='record' [ RunTime:0.000000s ]
[ sql ] [ SQL ] SELECT T1.* FROM (SELECT thinkphp.*, ROW_NUMBER() OVER ( ORDER BY rand()) AS ROW_NUMBER FROM (SELECT  COUNT(*) AS tp_count FROM [record] [r] INNER JOIN [userinfo] [u] ON [r].[support_person]=[u].[username] WHERE  [delflag] = '0') AS thinkphp) AS T1 WHERE (T1.ROW_NUMBER BETWEEN 1 AND 1) [ RunTime:0.000000s ]
[ sql ] [ SQL ] SELECT T1.* FROM (SELECT thinkphp.*, ROW_NUMBER() OVER ( ORDER BY [start_time]  desc) AS ROW_NUMBER FROM (SELECT  [r].[id],[project_subcompany],[apply_depart],[apply_person],[customer_manager],[project_manager],[project_name],[support_type],[support_person],[position],[start_time],[end_time],[work_time],[overtime],[out_work_way],[status],[support_result],[report_document],[doc_folder],[u].[department],[remarks] FROM [record] [r] INNER JOIN [userinfo] [u] ON [r].[support_person]=[u].[username] WHERE  [delflag] = '0') AS thinkphp) AS T1 WHERE (T1.ROW_NUMBER BETWEEN 0 + 1 AND 0 + 20) [ RunTime:0.015600s ]
---------------------------------------------------------------
[ 2018-06-28T15:15:16+08:00 ] 192.168.51.152 GET /wdl/public/index/record/charts.html
[ info ] 192.168.51.41/wdl/public/index/record/charts.html [运行时间：0.374401s][吞吐率：2.67req/s] [内存消耗：3,401.63kb] [文件加载：54]
[ info ] [ LANG ] D:\xampp5\htdocs\wdl\thinkphp\lang\zh-cn.php
[ info ] [ ROUTE ] array (
  'type' => 'module',
  'module' => 
  array (
    0 => 'index',
    1 => 'record',
    2 => 'charts',
  ),
)
[ info ] [ HEADER ] array (
  'host' => '192.168.51.41',
  'connection' => 'keep-alive',
  'upgrade-insecure-requests' => '1',
  'user-agent' => 'Mozilla/5.0 (Windows NT 6.1; WOW64) AppleWebKit/537.36 (KHTML, like Gecko) Chrome/63.0.3239.132 Safari/537.36',
  'accept' => 'text/html,application/xhtml+xml,application/xml;q=0.9,image/webp,image/apng,*/*;q=0.8',
  'referer' => 'http://192.168.51.41/wdl/public/index/record/search.html',
  'accept-encoding' => 'gzip, deflate',
  'accept-language' => 'zh-CN,zh;q=0.9',
  'cookie' => 'security_level=0; PHPSESSID=7vpuub07cdmudr7mp3ireabn65',
)
[ info ] [ PARAM ] array (
)
[ info ] [ SESSION ] INIT array (
  'id' => '',
  'var_session_id' => '',
  'prefix' => 'think',
  'type' => '',
  'auto_start' => true,
)
[ info ] [ DB ] INIT Sqlsrv
[ info ] [ RUN ] app\index\controller\Record->charts[ D:\xampp5\htdocs\wdl\application\index\controller\Record.php ]
[ info ] [ VIEW ] D:\xampp5\htdocs\wdl\public/../application/index\view\record\charts.html [ array (
  0 => 'user',
  1 => 'type_count',
  2 => 'subcom_count',
  3 => 'person_count',
) ]
[ info ] [ LOG ] INIT File
[ sql ] [ DB ] CONNECT:[ UseTime:0.000000s ] sqlsrv:Database=ProjectRecord;Server=192.168.51.41,1433
[ sql ] [ SQL ] SELECT   column_name,   data_type,   column_default,   is_nullable
        FROM    information_schema.tables AS t
        JOIN    information_schema.columns AS c
        ON  t.table_catalog = c.table_catalog
        AND t.table_schema  = c.table_schema
        AND t.table_name    = c.table_name
        WHERE   t.table_name = 'record' [ RunTime:0.000000s ]
[ sql ] [ SQL ] SELECT column_name FROM information_schema.key_column_usage WHERE table_name='record' [ RunTime:0.000000s ]
[ sql ] [ SQL ] SELECT T1.* FROM (SELECT thinkphp.*, ROW_NUMBER() OVER ( ORDER BY rand()) AS ROW_NUMBER FROM (SELECT  * FROM [record] WHERE  [delflag] = '0') AS thinkphp) AS T1 [ RunTime:0.000000s ]
[ sql ] [ SQL ] SELECT   column_name,   data_type,   column_default,   is_nullable
        FROM    information_schema.tables AS t
        JOIN    information_schema.columns AS c
        ON  t.table_catalog = c.table_catalog
        AND t.table_schema  = c.table_schema
        AND t.table_name    = c.table_name
        WHERE   t.table_name = 'userinfo' [ RunTime:0.000000s ]
[ sql ] [ SQL ] SELECT column_name FROM information_schema.key_column_usage WHERE table_name='userinfo' [ RunTime:0.000000s ]
[ sql ] [ SQL ] SELECT T1.* FROM (SELECT thinkphp.*, ROW_NUMBER() OVER ( ORDER BY rand()) AS ROW_NUMBER FROM (SELECT  * FROM [userinfo] WHERE  [forbidden] = 0) AS thinkphp) AS T1 [ RunTime:0.000000s ]
[ sql ] [ SQL ] SELECT T1.* FROM (SELECT thinkphp.*, ROW_NUMBER() OVER ( ORDER BY rand()) AS ROW_NUMBER FROM (SELECT  * FROM [record] WHERE  [delflag] = '0') AS thinkphp) AS T1 [ RunTime:0.000000s ]
[ sql ] [ SQL ] SELECT T1.* FROM (SELECT thinkphp.*, ROW_NUMBER() OVER ( ORDER BY rand()) AS ROW_NUMBER FROM (SELECT  * FROM [userinfo] WHERE  [forbidden] = 0) AS thinkphp) AS T1 [ RunTime:0.000000s ]
[ sql ] [ SQL ] SELECT T1.* FROM (SELECT thinkphp.*, ROW_NUMBER() OVER ( ORDER BY rand()) AS ROW_NUMBER FROM (SELECT  * FROM [record] WHERE  [delflag] = '0') AS thinkphp) AS T1 [ RunTime:0.000000s ]
[ sql ] [ SQL ] SELECT T1.* FROM (SELECT thinkphp.*, ROW_NUMBER() OVER ( ORDER BY rand()) AS ROW_NUMBER FROM (SELECT  * FROM [userinfo] WHERE  [forbidden] = 0) AS thinkphp) AS T1 [ RunTime:0.000000s ]
---------------------------------------------------------------
[ 2018-06-28T16:13:39+08:00 ] 192.168.51.152 GET /wdl/public/index/record/charts.html
[ info ] 192.168.51.41/wdl/public/index/record/charts.html [运行时间：0.639602s][吞吐率：1.56req/s] [内存消耗：3,401.91kb] [文件加载：54]
[ info ] [ LANG ] D:\xampp5\htdocs\wdl\thinkphp\lang\zh-cn.php
[ info ] [ ROUTE ] array (
  'type' => 'module',
  'module' => 
  array (
    0 => 'index',
    1 => 'record',
    2 => 'charts',
  ),
)
[ info ] [ HEADER ] array (
  'host' => '192.168.51.41',
  'connection' => 'keep-alive',
  'cache-control' => 'max-age=0',
  'upgrade-insecure-requests' => '1',
  'user-agent' => 'Mozilla/5.0 (Windows NT 6.1; WOW64) AppleWebKit/537.36 (KHTML, like Gecko) Chrome/63.0.3239.132 Safari/537.36',
  'accept' => 'text/html,application/xhtml+xml,application/xml;q=0.9,image/webp,image/apng,*/*;q=0.8',
  'referer' => 'http://192.168.51.41/wdl/public/index/record/search.html',
  'accept-encoding' => 'gzip, deflate',
  'accept-language' => 'zh-CN,zh;q=0.9',
  'cookie' => 'security_level=0; PHPSESSID=7vpuub07cdmudr7mp3ireabn65',
)
[ info ] [ PARAM ] array (
)
[ info ] [ SESSION ] INIT array (
  'id' => '',
  'var_session_id' => '',
  'prefix' => 'think',
  'type' => '',
  'auto_start' => true,
)
[ info ] [ DB ] INIT Sqlsrv
[ info ] [ RUN ] app\index\controller\Record->charts[ D:\xampp5\htdocs\wdl\application\index\controller\Record.php ]
[ info ] [ VIEW ] D:\xampp5\htdocs\wdl\public/../application/index\view\record\charts.html [ array (
  0 => 'user',
  1 => 'type_count',
  2 => 'subcom_count',
  3 => 'person_count',
) ]
[ info ] [ LOG ] INIT File
[ sql ] [ DB ] CONNECT:[ UseTime:0.109200s ] sqlsrv:Database=ProjectRecord;Server=192.168.51.41,1433
[ sql ] [ SQL ] SELECT   column_name,   data_type,   column_default,   is_nullable
        FROM    information_schema.tables AS t
        JOIN    information_schema.columns AS c
        ON  t.table_catalog = c.table_catalog
        AND t.table_schema  = c.table_schema
        AND t.table_name    = c.table_name
        WHERE   t.table_name = 'record' [ RunTime:0.062400s ]
[ sql ] [ SQL ] SELECT column_name FROM information_schema.key_column_usage WHERE table_name='record' [ RunTime:0.031200s ]
[ sql ] [ SQL ] SELECT T1.* FROM (SELECT thinkphp.*, ROW_NUMBER() OVER ( ORDER BY rand()) AS ROW_NUMBER FROM (SELECT  * FROM [record] WHERE  [delflag] = '0') AS thinkphp) AS T1 [ RunTime:0.000000s ]
[ sql ] [ SQL ] SELECT   column_name,   data_type,   column_default,   is_nullable
        FROM    information_schema.tables AS t
        JOIN    information_schema.columns AS c
        ON  t.table_catalog = c.table_catalog
        AND t.table_schema  = c.table_schema
        AND t.table_name    = c.table_name
        WHERE   t.table_name = 'userinfo' [ RunTime:0.015600s ]
[ sql ] [ SQL ] SELECT column_name FROM information_schema.key_column_usage WHERE table_name='userinfo' [ RunTime:0.031200s ]
[ sql ] [ SQL ] SELECT T1.* FROM (SELECT thinkphp.*, ROW_NUMBER() OVER ( ORDER BY rand()) AS ROW_NUMBER FROM (SELECT  * FROM [userinfo] WHERE  [forbidden] = 0) AS thinkphp) AS T1 [ RunTime:0.015600s ]
[ sql ] [ SQL ] SELECT T1.* FROM (SELECT thinkphp.*, ROW_NUMBER() OVER ( ORDER BY rand()) AS ROW_NUMBER FROM (SELECT  * FROM [record] WHERE  [delflag] = '0') AS thinkphp) AS T1 [ RunTime:0.000000s ]
[ sql ] [ SQL ] SELECT T1.* FROM (SELECT thinkphp.*, ROW_NUMBER() OVER ( ORDER BY rand()) AS ROW_NUMBER FROM (SELECT  * FROM [userinfo] WHERE  [forbidden] = 0) AS thinkphp) AS T1 [ RunTime:0.000000s ]
[ sql ] [ SQL ] SELECT T1.* FROM (SELECT thinkphp.*, ROW_NUMBER() OVER ( ORDER BY rand()) AS ROW_NUMBER FROM (SELECT  * FROM [record] WHERE  [delflag] = '0') AS thinkphp) AS T1 [ RunTime:0.000000s ]
[ sql ] [ SQL ] SELECT T1.* FROM (SELECT thinkphp.*, ROW_NUMBER() OVER ( ORDER BY rand()) AS ROW_NUMBER FROM (SELECT  * FROM [userinfo] WHERE  [forbidden] = 0) AS thinkphp) AS T1 [ RunTime:0.000000s ]
---------------------------------------------------------------
[ 2018-06-28T16:16:10+08:00 ] 192.168.51.152 GET /wdl/public/index/record/charts.html
[ info ] 192.168.51.41/wdl/public/index/record/charts.html [运行时间：0.639601s][吞吐率：1.56req/s] [内存消耗：3,401.91kb] [文件加载：54]
[ info ] [ LANG ] D:\xampp5\htdocs\wdl\thinkphp\lang\zh-cn.php
[ info ] [ ROUTE ] array (
  'type' => 'module',
  'module' => 
  array (
    0 => 'index',
    1 => 'record',
    2 => 'charts',
  ),
)
[ info ] [ HEADER ] array (
  'host' => '192.168.51.41',
  'connection' => 'keep-alive',
  'cache-control' => 'max-age=0',
  'upgrade-insecure-requests' => '1',
  'user-agent' => 'Mozilla/5.0 (Windows NT 6.1; WOW64) AppleWebKit/537.36 (KHTML, like Gecko) Chrome/63.0.3239.132 Safari/537.36',
  'accept' => 'text/html,application/xhtml+xml,application/xml;q=0.9,image/webp,image/apng,*/*;q=0.8',
  'referer' => 'http://192.168.51.41/wdl/public/index/record/search.html',
  'accept-encoding' => 'gzip, deflate',
  'accept-language' => 'zh-CN,zh;q=0.9',
  'cookie' => 'security_level=0; PHPSESSID=7vpuub07cdmudr7mp3ireabn65',
)
[ info ] [ PARAM ] array (
)
[ info ] [ SESSION ] INIT array (
  'id' => '',
  'var_session_id' => '',
  'prefix' => 'think',
  'type' => '',
  'auto_start' => true,
)
[ info ] [ DB ] INIT Sqlsrv
[ info ] [ RUN ] app\index\controller\Record->charts[ D:\xampp5\htdocs\wdl\application\index\controller\Record.php ]
[ info ] [ VIEW ] D:\xampp5\htdocs\wdl\public/../application/index\view\record\charts.html [ array (
  0 => 'user',
  1 => 'type_count',
  2 => 'subcom_count',
  3 => 'person_count',
) ]
[ info ] [ LOG ] INIT File
[ sql ] [ DB ] CONNECT:[ UseTime:0.140401s ] sqlsrv:Database=ProjectRecord;Server=192.168.51.41,1433
[ sql ] [ SQL ] SELECT   column_name,   data_type,   column_default,   is_nullable
        FROM    information_schema.tables AS t
        JOIN    information_schema.columns AS c
        ON  t.table_catalog = c.table_catalog
        AND t.table_schema  = c.table_schema
        AND t.table_name    = c.table_name
        WHERE   t.table_name = 'record' [ RunTime:0.046800s ]
[ sql ] [ SQL ] SELECT column_name FROM information_schema.key_column_usage WHERE table_name='record' [ RunTime:0.046800s ]
[ sql ] [ SQL ] SELECT T1.* FROM (SELECT thinkphp.*, ROW_NUMBER() OVER ( ORDER BY rand()) AS ROW_NUMBER FROM (SELECT  * FROM [record] WHERE  [delflag] = '0') AS thinkphp) AS T1 [ RunTime:0.015600s ]
[ sql ] [ SQL ] SELECT   column_name,   data_type,   column_default,   is_nullable
        FROM    information_schema.tables AS t
        JOIN    information_schema.columns AS c
        ON  t.table_catalog = c.table_catalog
        AND t.table_schema  = c.table_schema
        AND t.table_name    = c.table_name
        WHERE   t.table_name = 'userinfo' [ RunTime:0.000000s ]
[ sql ] [ SQL ] SELECT column_name FROM information_schema.key_column_usage WHERE table_name='userinfo' [ RunTime:0.046800s ]
[ sql ] [ SQL ] SELECT T1.* FROM (SELECT thinkphp.*, ROW_NUMBER() OVER ( ORDER BY rand()) AS ROW_NUMBER FROM (SELECT  * FROM [userinfo] WHERE  [forbidden] = 0) AS thinkphp) AS T1 [ RunTime:0.000000s ]
[ sql ] [ SQL ] SELECT T1.* FROM (SELECT thinkphp.*, ROW_NUMBER() OVER ( ORDER BY rand()) AS ROW_NUMBER FROM (SELECT  * FROM [record] WHERE  [delflag] = '0') AS thinkphp) AS T1 [ RunTime:0.000000s ]
[ sql ] [ SQL ] SELECT T1.* FROM (SELECT thinkphp.*, ROW_NUMBER() OVER ( ORDER BY rand()) AS ROW_NUMBER FROM (SELECT  * FROM [userinfo] WHERE  [forbidden] = 0) AS thinkphp) AS T1 [ RunTime:0.000000s ]
[ sql ] [ SQL ] SELECT T1.* FROM (SELECT thinkphp.*, ROW_NUMBER() OVER ( ORDER BY rand()) AS ROW_NUMBER FROM (SELECT  * FROM [record] WHERE  [delflag] = '0') AS thinkphp) AS T1 [ RunTime:0.000000s ]
[ sql ] [ SQL ] SELECT T1.* FROM (SELECT thinkphp.*, ROW_NUMBER() OVER ( ORDER BY rand()) AS ROW_NUMBER FROM (SELECT  * FROM [userinfo] WHERE  [forbidden] = 0) AS thinkphp) AS T1 [ RunTime:0.000000s ]
---------------------------------------------------------------
[ 2018-06-28T16:21:03+08:00 ] 192.168.51.152 GET /wdl/public/index/record/charts.html
[ info ] 192.168.51.41/wdl/public/index/record/charts.html [运行时间：0.624001s][吞吐率：1.60req/s] [内存消耗：3,401.99kb] [文件加载：54]
[ info ] [ LANG ] D:\xampp5\htdocs\wdl\thinkphp\lang\zh-cn.php
[ info ] [ ROUTE ] array (
  'type' => 'module',
  'module' => 
  array (
    0 => 'index',
    1 => 'record',
    2 => 'charts',
  ),
)
[ info ] [ HEADER ] array (
  'connection' => 'keep-alive',
  'referer' => 'http://192.168.51.41/wdl/public/index/record/search.html',
  'accept-language' => 'zh-CN,zh;q=0.9',
  'cookie' => 'security_level=0; PHPSESSID=7vpuub07cdmudr7mp3ireabn65',
  'upgrade-insecure-requests' => '1',
  'cache-control' => 'max-age=0',
  'accept-encoding' => 'gzip, deflate',
  'user-agent' => 'Mozilla/5.0 (Windows NT 6.1; WOW64) AppleWebKit/537.36 (KHTML, like Gecko) Chrome/63.0.3239.132 Safari/537.36',
  'accept' => 'text/html,application/xhtml+xml,application/xml;q=0.9,image/webp,image/apng,*/*;q=0.8',
  'host' => '192.168.51.41',
)
[ info ] [ PARAM ] array (
)
[ info ] [ SESSION ] INIT array (
  'id' => '',
  'var_session_id' => '',
  'prefix' => 'think',
  'type' => '',
  'auto_start' => true,
)
[ info ] [ DB ] INIT Sqlsrv
[ info ] [ RUN ] app\index\controller\Record->charts[ D:\xampp5\htdocs\wdl\application\index\controller\Record.php ]
[ info ] [ VIEW ] D:\xampp5\htdocs\wdl\public/../application/index\view\record\charts.html [ array (
  0 => 'user',
  1 => 'type_count',
  2 => 'subcom_count',
  3 => 'person_count',
) ]
[ info ] [ LOG ] INIT File
[ sql ] [ DB ] CONNECT:[ UseTime:0.124800s ] sqlsrv:Database=ProjectRecord;Server=192.168.51.41,1433
[ sql ] [ SQL ] SELECT   column_name,   data_type,   column_default,   is_nullable
        FROM    information_schema.tables AS t
        JOIN    information_schema.columns AS c
        ON  t.table_catalog = c.table_catalog
        AND t.table_schema  = c.table_schema
        AND t.table_name    = c.table_name
        WHERE   t.table_name = 'record' [ RunTime:0.046800s ]
[ sql ] [ SQL ] SELECT column_name FROM information_schema.key_column_usage WHERE table_name='record' [ RunTime:0.046800s ]
[ sql ] [ SQL ] SELECT T1.* FROM (SELECT thinkphp.*, ROW_NUMBER() OVER ( ORDER BY rand()) AS ROW_NUMBER FROM (SELECT  * FROM [record] WHERE  [delflag] = '0') AS thinkphp) AS T1 [ RunTime:0.015600s ]
[ sql ] [ SQL ] SELECT   column_name,   data_type,   column_default,   is_nullable
        FROM    information_schema.tables AS t
        JOIN    information_schema.columns AS c
        ON  t.table_catalog = c.table_catalog
        AND t.table_schema  = c.table_schema
        AND t.table_name    = c.table_name
        WHERE   t.table_name = 'userinfo' [ RunTime:0.015600s ]
[ sql ] [ SQL ] SELECT column_name FROM information_schema.key_column_usage WHERE table_name='userinfo' [ RunTime:0.046800s ]
[ sql ] [ SQL ] SELECT T1.* FROM (SELECT thinkphp.*, ROW_NUMBER() OVER ( ORDER BY rand()) AS ROW_NUMBER FROM (SELECT  * FROM [userinfo] WHERE  [forbidden] = 0) AS thinkphp) AS T1 [ RunTime:0.000000s ]
[ sql ] [ SQL ] SELECT T1.* FROM (SELECT thinkphp.*, ROW_NUMBER() OVER ( ORDER BY rand()) AS ROW_NUMBER FROM (SELECT  * FROM [record] WHERE  [delflag] = '0') AS thinkphp) AS T1 [ RunTime:0.000000s ]
[ sql ] [ SQL ] SELECT T1.* FROM (SELECT thinkphp.*, ROW_NUMBER() OVER ( ORDER BY rand()) AS ROW_NUMBER FROM (SELECT  * FROM [userinfo] WHERE  [forbidden] = 0) AS thinkphp) AS T1 [ RunTime:0.000000s ]
[ sql ] [ SQL ] SELECT T1.* FROM (SELECT thinkphp.*, ROW_NUMBER() OVER ( ORDER BY rand()) AS ROW_NUMBER FROM (SELECT  * FROM [record] WHERE  [delflag] = '0') AS thinkphp) AS T1 [ RunTime:0.000000s ]
[ sql ] [ SQL ] SELECT T1.* FROM (SELECT thinkphp.*, ROW_NUMBER() OVER ( ORDER BY rand()) AS ROW_NUMBER FROM (SELECT  * FROM [userinfo] WHERE  [forbidden] = 0) AS thinkphp) AS T1 [ RunTime:0.000000s ]
---------------------------------------------------------------
[ 2018-06-28T16:22:35+08:00 ] 192.168.51.152 GET /wdl/public/index/record/charts.html
[ info ] 192.168.51.41/wdl/public/index/record/charts.html [运行时间：0.265200s][吞吐率：3.77req/s] [内存消耗：2,102.93kb] [文件加载：46]
[ info ] [ LANG ] D:\xampp5\htdocs\wdl\thinkphp\lang\zh-cn.php
[ info ] [ ROUTE ] array (
  'type' => 'module',
  'module' => 
  array (
    0 => 'index',
    1 => 'record',
    2 => 'charts',
  ),
)
[ info ] [ HEADER ] array (
  'connection' => 'keep-alive',
  'referer' => 'http://192.168.51.41/wdl/public/index/record/search.html',
  'accept-language' => 'zh-CN,zh;q=0.9',
  'upgrade-insecure-requests' => '1',
  'cache-control' => 'max-age=0',
  'accept-encoding' => 'gzip, deflate',
  'user-agent' => 'Mozilla/5.0 (Windows NT 6.1; WOW64) AppleWebKit/537.36 (KHTML, like Gecko) Chrome/63.0.3239.132 Safari/537.36',
  'accept' => 'text/html,application/xhtml+xml,application/xml;q=0.9,image/webp,image/apng,*/*;q=0.8',
  'host' => '192.168.51.41',
)
[ info ] [ PARAM ] array (
)
[ info ] [ SESSION ] INIT array (
  'id' => '',
  'var_session_id' => '',
  'prefix' => 'think',
  'type' => '',
  'auto_start' => true,
)
[ info ] [ LOG ] INIT File
---------------------------------------------------------------
[ 2018-06-28T16:22:35+08:00 ] 192.168.51.152 GET /wdl/public/index/index/login.html
[ info ] 192.168.51.41/wdl/public/index/index/login.html [运行时间：0.265201s][吞吐率：3.77req/s] [内存消耗：3,024.48kb] [文件加载：51]
[ info ] [ LANG ] D:\xampp5\htdocs\wdl\thinkphp\lang\zh-cn.php
[ info ] [ ROUTE ] array (
  'type' => 'module',
  'module' => 
  array (
    0 => 'index',
    1 => 'index',
    2 => 'login',
  ),
)
[ info ] [ HEADER ] array (
  'connection' => 'keep-alive',
  'referer' => 'http://192.168.51.41/wdl/public/index/record/search.html',
  'accept-language' => 'zh-CN,zh;q=0.9',
  'upgrade-insecure-requests' => '1',
  'cache-control' => 'max-age=0',
  'accept-encoding' => 'gzip, deflate',
  'user-agent' => 'Mozilla/5.0 (Windows NT 6.1; WOW64) AppleWebKit/537.36 (KHTML, like Gecko) Chrome/63.0.3239.132 Safari/537.36',
  'accept' => 'text/html,application/xhtml+xml,application/xml;q=0.9,image/webp,image/apng,*/*;q=0.8',
  'cookie' => 'PHPSESSID=dfnn7o6315sc8q4s8og20jqjv2',
  'host' => '192.168.51.41',
)
[ info ] [ PARAM ] array (
)
[ info ] [ DB ] INIT Sqlsrv
[ info ] [ RUN ] app\index\controller\Index->login[ D:\xampp5\htdocs\wdl\application\index\controller\Index.php ]
[ info ] [ SESSION ] INIT array (
  'id' => '',
  'var_session_id' => '',
  'prefix' => 'think',
  'type' => '',
  'auto_start' => true,
)
[ info ] [ VIEW ] D:\xampp5\htdocs\wdl\public/../application/index\view\index\login.html [ array (
) ]
[ info ] [ LOG ] INIT File
---------------------------------------------------------------
[ 2018-06-28T16:31:17+08:00 ] 192.168.51.152 GET /wdl/public/index/record/charts.html
[ info ] 192.168.51.41/wdl/public/index/record/charts.html [运行时间：0.686401s][吞吐率：1.46req/s] [内存消耗：3,401.91kb] [文件加载：54]
[ info ] [ LANG ] D:\xampp5\htdocs\wdl\thinkphp\lang\zh-cn.php
[ info ] [ ROUTE ] array (
  'type' => 'module',
  'module' => 
  array (
    0 => 'index',
    1 => 'record',
    2 => 'charts',
  ),
)
[ info ] [ HEADER ] array (
  'host' => '192.168.51.41',
  'connection' => 'keep-alive',
  'cache-control' => 'max-age=0',
  'upgrade-insecure-requests' => '1',
  'user-agent' => 'Mozilla/5.0 (Windows NT 6.1; WOW64) AppleWebKit/537.36 (KHTML, like Gecko) Chrome/63.0.3239.132 Safari/537.36',
  'accept' => 'text/html,application/xhtml+xml,application/xml;q=0.9,image/webp,image/apng,*/*;q=0.8',
  'referer' => 'http://192.168.51.41/wdl/public/index/record/search.html',
  'accept-encoding' => 'gzip, deflate',
  'accept-language' => 'zh-CN,zh;q=0.9',
  'cookie' => 'security_level=0; PHPSESSID=7vpuub07cdmudr7mp3ireabn65',
)
[ info ] [ PARAM ] array (
)
[ info ] [ SESSION ] INIT array (
  'id' => '',
  'var_session_id' => '',
  'prefix' => 'think',
  'type' => '',
  'auto_start' => true,
)
[ info ] [ DB ] INIT Sqlsrv
[ info ] [ RUN ] app\index\controller\Record->charts[ D:\xampp5\htdocs\wdl\application\index\controller\Record.php ]
[ info ] [ VIEW ] D:\xampp5\htdocs\wdl\public/../application/index\view\record\charts.html [ array (
  0 => 'user',
  1 => 'type_count',
  2 => 'subcom_count',
  3 => 'person_count',
) ]
[ info ] [ LOG ] INIT File
[ sql ] [ DB ] CONNECT:[ UseTime:0.187200s ] sqlsrv:Database=ProjectRecord;Server=192.168.51.41,1433
[ sql ] [ SQL ] SELECT   column_name,   data_type,   column_default,   is_nullable
        FROM    information_schema.tables AS t
        JOIN    information_schema.columns AS c
        ON  t.table_catalog = c.table_catalog
        AND t.table_schema  = c.table_schema
        AND t.table_name    = c.table_name
        WHERE   t.table_name = 'record' [ RunTime:0.062400s ]
[ sql ] [ SQL ] SELECT column_name FROM information_schema.key_column_usage WHERE table_name='record' [ RunTime:0.046800s ]
[ sql ] [ SQL ] SELECT T1.* FROM (SELECT thinkphp.*, ROW_NUMBER() OVER ( ORDER BY rand()) AS ROW_NUMBER FROM (SELECT  * FROM [record] WHERE  [delflag] = '0') AS thinkphp) AS T1 [ RunTime:0.000000s ]
[ sql ] [ SQL ] SELECT   column_name,   data_type,   column_default,   is_nullable
        FROM    information_schema.tables AS t
        JOIN    information_schema.columns AS c
        ON  t.table_catalog = c.table_catalog
        AND t.table_schema  = c.table_schema
        AND t.table_name    = c.table_name
        WHERE   t.table_name = 'userinfo' [ RunTime:0.015600s ]
[ sql ] [ SQL ] SELECT column_name FROM information_schema.key_column_usage WHERE table_name='userinfo' [ RunTime:0.031200s ]
[ sql ] [ SQL ] SELECT T1.* FROM (SELECT thinkphp.*, ROW_NUMBER() OVER ( ORDER BY rand()) AS ROW_NUMBER FROM (SELECT  * FROM [userinfo] WHERE  [forbidden] = 0) AS thinkphp) AS T1 [ RunTime:0.000000s ]
[ sql ] [ SQL ] SELECT T1.* FROM (SELECT thinkphp.*, ROW_NUMBER() OVER ( ORDER BY rand()) AS ROW_NUMBER FROM (SELECT  * FROM [record] WHERE  [delflag] = '0') AS thinkphp) AS T1 [ RunTime:0.000000s ]
[ sql ] [ SQL ] SELECT T1.* FROM (SELECT thinkphp.*, ROW_NUMBER() OVER ( ORDER BY rand()) AS ROW_NUMBER FROM (SELECT  * FROM [userinfo] WHERE  [forbidden] = 0) AS thinkphp) AS T1 [ RunTime:0.000000s ]
[ sql ] [ SQL ] SELECT T1.* FROM (SELECT thinkphp.*, ROW_NUMBER() OVER ( ORDER BY rand()) AS ROW_NUMBER FROM (SELECT  * FROM [record] WHERE  [delflag] = '0') AS thinkphp) AS T1 [ RunTime:0.000000s ]
[ sql ] [ SQL ] SELECT T1.* FROM (SELECT thinkphp.*, ROW_NUMBER() OVER ( ORDER BY rand()) AS ROW_NUMBER FROM (SELECT  * FROM [userinfo] WHERE  [forbidden] = 0) AS thinkphp) AS T1 [ RunTime:0.000000s ]
---------------------------------------------------------------
[ 2018-06-28T16:31:21+08:00 ] 192.168.51.152 GET /wdl/public/index/record/charts.html
[ info ] 192.168.51.41/wdl/public/index/record/charts.html [运行时间：0.343201s][吞吐率：2.91req/s] [内存消耗：3,401.99kb] [文件加载：54]
[ info ] [ LANG ] D:\xampp5\htdocs\wdl\thinkphp\lang\zh-cn.php
[ info ] [ ROUTE ] array (
  'type' => 'module',
  'module' => 
  array (
    0 => 'index',
    1 => 'record',
    2 => 'charts',
  ),
)
[ info ] [ HEADER ] array (
  'connection' => 'keep-alive',
  'referer' => 'http://192.168.51.41/wdl/public/index/record/search.html',
  'accept-language' => 'zh-CN,zh;q=0.9',
  'cookie' => 'security_level=0; PHPSESSID=7vpuub07cdmudr7mp3ireabn65',
  'upgrade-insecure-requests' => '1',
  'cache-control' => 'max-age=0',
  'accept-encoding' => 'gzip, deflate',
  'user-agent' => 'Mozilla/5.0 (Windows NT 6.1; WOW64) AppleWebKit/537.36 (KHTML, like Gecko) Chrome/63.0.3239.132 Safari/537.36',
  'accept' => 'text/html,application/xhtml+xml,application/xml;q=0.9,image/webp,image/apng,*/*;q=0.8',
  'host' => '192.168.51.41',
)
[ info ] [ PARAM ] array (
)
[ info ] [ SESSION ] INIT array (
  'id' => '',
  'var_session_id' => '',
  'prefix' => 'think',
  'type' => '',
  'auto_start' => true,
)
[ info ] [ DB ] INIT Sqlsrv
[ info ] [ RUN ] app\index\controller\Record->charts[ D:\xampp5\htdocs\wdl\application\index\controller\Record.php ]
[ info ] [ VIEW ] D:\xampp5\htdocs\wdl\public/../application/index\view\record\charts.html [ array (
  0 => 'user',
  1 => 'type_count',
  2 => 'subcom_count',
  3 => 'person_count',
) ]
[ info ] [ LOG ] INIT File
[ sql ] [ DB ] CONNECT:[ UseTime:0.000000s ] sqlsrv:Database=ProjectRecord;Server=192.168.51.41,1433
[ sql ] [ SQL ] SELECT   column_name,   data_type,   column_default,   is_nullable
        FROM    information_schema.tables AS t
        JOIN    information_schema.columns AS c
        ON  t.table_catalog = c.table_catalog
        AND t.table_schema  = c.table_schema
        AND t.table_name    = c.table_name
        WHERE   t.table_name = 'record' [ RunTime:0.000000s ]
[ sql ] [ SQL ] SELECT column_name FROM information_schema.key_column_usage WHERE table_name='record' [ RunTime:0.000000s ]
[ sql ] [ SQL ] SELECT T1.* FROM (SELECT thinkphp.*, ROW_NUMBER() OVER ( ORDER BY rand()) AS ROW_NUMBER FROM (SELECT  * FROM [record] WHERE  [delflag] = '0') AS thinkphp) AS T1 [ RunTime:0.000000s ]
[ sql ] [ SQL ] SELECT   column_name,   data_type,   column_default,   is_nullable
        FROM    information_schema.tables AS t
        JOIN    information_schema.columns AS c
        ON  t.table_catalog = c.table_catalog
        AND t.table_schema  = c.table_schema
        AND t.table_name    = c.table_name
        WHERE   t.table_name = 'userinfo' [ RunTime:0.000000s ]
[ sql ] [ SQL ] SELECT column_name FROM information_schema.key_column_usage WHERE table_name='userinfo' [ RunTime:0.000000s ]
[ sql ] [ SQL ] SELECT T1.* FROM (SELECT thinkphp.*, ROW_NUMBER() OVER ( ORDER BY rand()) AS ROW_NUMBER FROM (SELECT  * FROM [userinfo] WHERE  [forbidden] = 0) AS thinkphp) AS T1 [ RunTime:0.000000s ]
[ sql ] [ SQL ] SELECT T1.* FROM (SELECT thinkphp.*, ROW_NUMBER() OVER ( ORDER BY rand()) AS ROW_NUMBER FROM (SELECT  * FROM [record] WHERE  [delflag] = '0') AS thinkphp) AS T1 [ RunTime:0.000000s ]
[ sql ] [ SQL ] SELECT T1.* FROM (SELECT thinkphp.*, ROW_NUMBER() OVER ( ORDER BY rand()) AS ROW_NUMBER FROM (SELECT  * FROM [userinfo] WHERE  [forbidden] = 0) AS thinkphp) AS T1 [ RunTime:0.000000s ]
[ sql ] [ SQL ] SELECT T1.* FROM (SELECT thinkphp.*, ROW_NUMBER() OVER ( ORDER BY rand()) AS ROW_NUMBER FROM (SELECT  * FROM [record] WHERE  [delflag] = '0') AS thinkphp) AS T1 [ RunTime:0.000000s ]
[ sql ] [ SQL ] SELECT T1.* FROM (SELECT thinkphp.*, ROW_NUMBER() OVER ( ORDER BY rand()) AS ROW_NUMBER FROM (SELECT  * FROM [userinfo] WHERE  [forbidden] = 0) AS thinkphp) AS T1 [ RunTime:0.000000s ]
---------------------------------------------------------------
[ 2018-06-28T16:34:59+08:00 ] 192.168.51.152 GET /wdl/public/index/record/charts.html
[ info ] 192.168.51.41/wdl/public/index/record/charts.html [运行时间：0.702002s][吞吐率：1.42req/s] [内存消耗：3,401.37kb] [文件加载：54]
[ info ] [ LANG ] D:\xampp5\htdocs\wdl\thinkphp\lang\zh-cn.php
[ info ] [ ROUTE ] array (
  'type' => 'module',
  'module' => 
  array (
    0 => 'index',
    1 => 'record',
    2 => 'charts',
  ),
)
[ info ] [ HEADER ] array (
  'host' => '192.168.51.41',
  'connection' => 'keep-alive',
  'upgrade-insecure-requests' => '1',
  'user-agent' => 'Mozilla/5.0 (Windows NT 6.1; WOW64) AppleWebKit/537.36 (KHTML, like Gecko) Chrome/63.0.3239.132 Safari/537.36',
  'accept' => 'text/html,application/xhtml+xml,application/xml;q=0.9,image/webp,image/apng,*/*;q=0.8',
  'accept-encoding' => 'gzip, deflate',
  'accept-language' => 'zh-CN,zh;q=0.9',
  'cookie' => 'security_level=0; PHPSESSID=7vpuub07cdmudr7mp3ireabn65',
)
[ info ] [ PARAM ] array (
)
[ info ] [ SESSION ] INIT array (
  'id' => '',
  'var_session_id' => '',
  'prefix' => 'think',
  'type' => '',
  'auto_start' => true,
)
[ info ] [ DB ] INIT Sqlsrv
[ info ] [ RUN ] app\index\controller\Record->charts[ D:\xampp5\htdocs\wdl\application\index\controller\Record.php ]
[ info ] [ VIEW ] D:\xampp5\htdocs\wdl\public/../application/index\view\record\charts.html [ array (
  0 => 'user',
  1 => 'type_count',
  2 => 'subcom_count',
  3 => 'person_count',
) ]
[ info ] [ LOG ] INIT File
[ sql ] [ DB ] CONNECT:[ UseTime:0.171601s ] sqlsrv:Database=ProjectRecord;Server=192.168.51.41,1433
[ sql ] [ SQL ] SELECT   column_name,   data_type,   column_default,   is_nullable
        FROM    information_schema.tables AS t
        JOIN    information_schema.columns AS c
        ON  t.table_catalog = c.table_catalog
        AND t.table_schema  = c.table_schema
        AND t.table_name    = c.table_name
        WHERE   t.table_name = 'record' [ RunTime:0.078000s ]
[ sql ] [ SQL ] SELECT column_name FROM information_schema.key_column_usage WHERE table_name='record' [ RunTime:0.031200s ]
[ sql ] [ SQL ] SELECT T1.* FROM (SELECT thinkphp.*, ROW_NUMBER() OVER ( ORDER BY rand()) AS ROW_NUMBER FROM (SELECT  * FROM [record] WHERE  [delflag] = '0') AS thinkphp) AS T1 [ RunTime:0.015600s ]
[ sql ] [ SQL ] SELECT   column_name,   data_type,   column_default,   is_nullable
        FROM    information_schema.tables AS t
        JOIN    information_schema.columns AS c
        ON  t.table_catalog = c.table_catalog
        AND t.table_schema  = c.table_schema
        AND t.table_name    = c.table_name
        WHERE   t.table_name = 'userinfo' [ RunTime:0.015600s ]
[ sql ] [ SQL ] SELECT column_name FROM information_schema.key_column_usage WHERE table_name='userinfo' [ RunTime:0.031200s ]
[ sql ] [ SQL ] SELECT T1.* FROM (SELECT thinkphp.*, ROW_NUMBER() OVER ( ORDER BY rand()) AS ROW_NUMBER FROM (SELECT  * FROM [userinfo] WHERE  [forbidden] = 0) AS thinkphp) AS T1 [ RunTime:0.015600s ]
[ sql ] [ SQL ] SELECT T1.* FROM (SELECT thinkphp.*, ROW_NUMBER() OVER ( ORDER BY rand()) AS ROW_NUMBER FROM (SELECT  * FROM [record] WHERE  [delflag] = '0') AS thinkphp) AS T1 [ RunTime:0.000000s ]
[ sql ] [ SQL ] SELECT T1.* FROM (SELECT thinkphp.*, ROW_NUMBER() OVER ( ORDER BY rand()) AS ROW_NUMBER FROM (SELECT  * FROM [userinfo] WHERE  [forbidden] = 0) AS thinkphp) AS T1 [ RunTime:0.000000s ]
[ sql ] [ SQL ] SELECT T1.* FROM (SELECT thinkphp.*, ROW_NUMBER() OVER ( ORDER BY rand()) AS ROW_NUMBER FROM (SELECT  * FROM [record] WHERE  [delflag] = '0') AS thinkphp) AS T1 [ RunTime:0.000000s ]
[ sql ] [ SQL ] SELECT T1.* FROM (SELECT thinkphp.*, ROW_NUMBER() OVER ( ORDER BY rand()) AS ROW_NUMBER FROM (SELECT  * FROM [userinfo] WHERE  [forbidden] = 0) AS thinkphp) AS T1 [ RunTime:0.000000s ]
---------------------------------------------------------------
[ 2018-06-28T16:35:41+08:00 ] 192.168.51.152 GET /wdl/public/index/record/charts.html
[ info ] 192.168.51.41/wdl/public/index/record/charts.html [运行时间：0.374401s][吞吐率：2.67req/s] [内存消耗：3,401.52kb] [文件加载：54]
[ info ] [ LANG ] D:\xampp5\htdocs\wdl\thinkphp\lang\zh-cn.php
[ info ] [ ROUTE ] array (
  'type' => 'module',
  'module' => 
  array (
    0 => 'index',
    1 => 'record',
    2 => 'charts',
  ),
)
[ info ] [ HEADER ] array (
  'connection' => 'keep-alive',
  'accept-language' => 'zh-CN,zh;q=0.9',
  'cookie' => 'security_level=0; PHPSESSID=7vpuub07cdmudr7mp3ireabn65',
  'upgrade-insecure-requests' => '1',
  'cache-control' => 'max-age=0',
  'accept-encoding' => 'gzip, deflate',
  'user-agent' => 'Mozilla/5.0 (Windows NT 6.1; WOW64) AppleWebKit/537.36 (KHTML, like Gecko) Chrome/63.0.3239.132 Safari/537.36',
  'accept' => 'text/html,application/xhtml+xml,application/xml;q=0.9,image/webp,image/apng,*/*;q=0.8',
  'host' => '192.168.51.41',
)
[ info ] [ PARAM ] array (
)
[ info ] [ SESSION ] INIT array (
  'id' => '',
  'var_session_id' => '',
  'prefix' => 'think',
  'type' => '',
  'auto_start' => true,
)
[ info ] [ DB ] INIT Sqlsrv
[ info ] [ RUN ] app\index\controller\Record->charts[ D:\xampp5\htdocs\wdl\application\index\controller\Record.php ]
[ info ] [ VIEW ] D:\xampp5\htdocs\wdl\public/../application/index\view\record\charts.html [ array (
  0 => 'user',
  1 => 'type_count',
  2 => 'subcom_count',
  3 => 'person_count',
) ]
[ info ] [ LOG ] INIT File
[ sql ] [ DB ] CONNECT:[ UseTime:0.000000s ] sqlsrv:Database=ProjectRecord;Server=192.168.51.41,1433
[ sql ] [ SQL ] SELECT   column_name,   data_type,   column_default,   is_nullable
        FROM    information_schema.tables AS t
        JOIN    information_schema.columns AS c
        ON  t.table_catalog = c.table_catalog
        AND t.table_schema  = c.table_schema
        AND t.table_name    = c.table_name
        WHERE   t.table_name = 'record' [ RunTime:0.000000s ]
[ sql ] [ SQL ] SELECT column_name FROM information_schema.key_column_usage WHERE table_name='record' [ RunTime:0.000000s ]
[ sql ] [ SQL ] SELECT T1.* FROM (SELECT thinkphp.*, ROW_NUMBER() OVER ( ORDER BY rand()) AS ROW_NUMBER FROM (SELECT  * FROM [record] WHERE  [delflag] = '0') AS thinkphp) AS T1 [ RunTime:0.000000s ]
[ sql ] [ SQL ] SELECT   column_name,   data_type,   column_default,   is_nullable
        FROM    information_schema.tables AS t
        JOIN    information_schema.columns AS c
        ON  t.table_catalog = c.table_catalog
        AND t.table_schema  = c.table_schema
        AND t.table_name    = c.table_name
        WHERE   t.table_name = 'userinfo' [ RunTime:0.000000s ]
[ sql ] [ SQL ] SELECT column_name FROM information_schema.key_column_usage WHERE table_name='userinfo' [ RunTime:0.000000s ]
[ sql ] [ SQL ] SELECT T1.* FROM (SELECT thinkphp.*, ROW_NUMBER() OVER ( ORDER BY rand()) AS ROW_NUMBER FROM (SELECT  * FROM [userinfo] WHERE  [forbidden] = 0) AS thinkphp) AS T1 [ RunTime:0.000000s ]
[ sql ] [ SQL ] SELECT T1.* FROM (SELECT thinkphp.*, ROW_NUMBER() OVER ( ORDER BY rand()) AS ROW_NUMBER FROM (SELECT  * FROM [record] WHERE  [delflag] = '0') AS thinkphp) AS T1 [ RunTime:0.000000s ]
[ sql ] [ SQL ] SELECT T1.* FROM (SELECT thinkphp.*, ROW_NUMBER() OVER ( ORDER BY rand()) AS ROW_NUMBER FROM (SELECT  * FROM [userinfo] WHERE  [forbidden] = 0) AS thinkphp) AS T1 [ RunTime:0.000000s ]
[ sql ] [ SQL ] SELECT T1.* FROM (SELECT thinkphp.*, ROW_NUMBER() OVER ( ORDER BY rand()) AS ROW_NUMBER FROM (SELECT  * FROM [record] WHERE  [delflag] = '0') AS thinkphp) AS T1 [ RunTime:0.000000s ]
[ sql ] [ SQL ] SELECT T1.* FROM (SELECT thinkphp.*, ROW_NUMBER() OVER ( ORDER BY rand()) AS ROW_NUMBER FROM (SELECT  * FROM [userinfo] WHERE  [forbidden] = 0) AS thinkphp) AS T1 [ RunTime:0.000000s ]
---------------------------------------------------------------
[ 2018-06-28T16:44:34+08:00 ] 192.168.51.152 GET /wdl/public/index/index/login.html
[ info ] 192.168.51.41/wdl/public/index/index/login.html [运行时间：0.265201s][吞吐率：3.77req/s] [内存消耗：3,023.54kb] [文件加载：51]
[ info ] [ LANG ] D:\xampp5\htdocs\wdl\thinkphp\lang\zh-cn.php
[ info ] [ ROUTE ] array (
  'type' => 'module',
  'module' => 
  array (
    0 => 'index',
    1 => 'index',
    2 => 'login',
  ),
)
[ info ] [ HEADER ] array (
  'accept' => 'application/x-ms-application, image/jpeg, application/xaml+xml, image/gif, image/pjpeg, application/x-ms-xbap, application/vnd.ms-excel, application/vnd.ms-powerpoint, application/msword, */*',
  'accept-language' => 'zh-CN',
  'user-agent' => 'Firefox/1.0.1 (Windows NT 5.1; U; pl-PL)',
  'accept-encoding' => 'gzip, deflate',
  'host' => '192.168.51.41',
  'connection' => 'Keep-Alive',
)
[ info ] [ PARAM ] array (
)
[ info ] [ DB ] INIT Sqlsrv
[ info ] [ RUN ] app\index\controller\Index->login[ D:\xampp5\htdocs\wdl\application\index\controller\Index.php ]
[ info ] [ SESSION ] INIT array (
  'id' => '',
  'var_session_id' => '',
  'prefix' => 'think',
  'type' => '',
  'auto_start' => true,
)
[ info ] [ VIEW ] D:\xampp5\htdocs\wdl\public/../application/index\view\index\login.html [ array (
) ]
[ info ] [ LOG ] INIT File
